This file contains any messages produced by compilers while
running configure, to aid debugging if configure makes a mistake.

It was created by libctf library configure 1.2.0-pre, which was
generated by GNU Autoconf 2.69.  Invocation command line was

  $ ./configure --target=arm-none-eabi --host=arm-none-eabi

## --------- ##
## Platform. ##
## --------- ##

hostname = liushiyi-X99
uname -m = x86_64
uname -r = 6.8.0-51-generic
uname -s = Linux
uname -v = #52-Ubuntu SMP PREEMPT_DYNAMIC Thu Dec  5 13:09:44 UTC 2024

/usr/bin/uname -p = x86_64
/bin/uname -X     = unknown

/bin/arch              = x86_64
/usr/bin/arch -k       = unknown
/usr/convex/getsysinfo = unknown
/usr/bin/hostinfo      = unknown
/bin/machine           = unknown
/usr/bin/oslevel       = unknown
/bin/universe          = unknown

PATH: /home/zhangzheng/.vscode-server/bin/74b1f979648cc44d385a2286793c226e611f59e7/bin/remote-cli
PATH: /usr/local/sbin
PATH: /usr/local/bin
PATH: /usr/sbin
PATH: /usr/bin
PATH: /sbin
PATH: /bin
PATH: /usr/games
PATH: /usr/local/games
PATH: /snap/bin
PATH: /home/zhangzheng/toolchain/gcc-arm-10.3-2021.07-x86_64-arm-none-eabi/bin
PATH: /home/zhangzheng/toolchain/gcc-arm-10.3-2021.07-x86_64-arm-none-eabi/bin/


## ----------- ##
## Core tests. ##
## ----------- ##

configure:2216: checking for arm-none-eabi-gcc
configure:2243: result: /home/zhangzheng/toolchain/gcc-arm-10.3-2021.07-x86_64-arm-none-eabi/bin/arm-none-eabi-gcc
configure:2512: checking for C compiler version
configure:2521: /home/zhangzheng/toolchain/gcc-arm-10.3-2021.07-x86_64-arm-none-eabi/bin/arm-none-eabi-gcc --version >&5
arm-none-eabi-gcc (GNU Toolchain for the A-profile Architecture 10.3-2021.07 (arm-10.29)) 10.3.1 20210621
Copyright (C) 2020 Free Software Foundation, Inc.
This is free software; see the source for copying conditions.  There is NO
warranty; not even for MERCHANTABILITY or FITNESS FOR A PARTICULAR PURPOSE.

configure:2532: $? = 0
configure:2521: /home/zhangzheng/toolchain/gcc-arm-10.3-2021.07-x86_64-arm-none-eabi/bin/arm-none-eabi-gcc -v >&5
Using built-in specs.
COLLECT_GCC=/home/zhangzheng/toolchain/gcc-arm-10.3-2021.07-x86_64-arm-none-eabi/bin/arm-none-eabi-gcc
COLLECT_LTO_WRAPPER=/home/zhangzheng/toolchain/gcc-arm-10.3-2021.07-x86_64-arm-none-eabi/bin/../libexec/gcc/arm-none-eabi/10.3.1/lto-wrapper
Target: arm-none-eabi
Configured with: /data/jenkins/workspace/GNU-toolchain/arm-10/src/gcc/configure --target=arm-none-eabi --prefix=/data/jenkins/workspace/GNU-toolchain/arm-10/build-arm-none-eabi/install// --with-gmp=/data/jenkins/workspace/GNU-toolchain/arm-10/build-arm-none-eabi/host-tools --with-mpfr=/data/jenkins/workspace/GNU-toolchain/arm-10/build-arm-none-eabi/host-tools --with-mpc=/data/jenkins/workspace/GNU-toolchain/arm-10/build-arm-none-eabi/host-tools --with-isl=/data/jenkins/workspace/GNU-toolchain/arm-10/build-arm-none-eabi/host-tools --disable-shared --disable-nls --disable-threads --disable-tls --enable-checking=release --enable-languages=c,c++,fortran --with-newlib --with-multilib-list=aprofile,rmprofile --with-pkgversion='GNU Toolchain for the A-profile Architecture 10.3-2021.07 (arm-10.29)' --with-bugurl=https://bugs.linaro.org/
Thread model: single
Supported LTO compression algorithms: zlib
gcc version 10.3.1 20210621 (GNU Toolchain for the A-profile Architecture 10.3-2021.07 (arm-10.29)) 
configure:2532: $? = 0
configure:2521: /home/zhangzheng/toolchain/gcc-arm-10.3-2021.07-x86_64-arm-none-eabi/bin/arm-none-eabi-gcc -V >&5
arm-none-eabi-gcc: error: unrecognized command-line option '-V'
arm-none-eabi-gcc: fatal error: no input files
compilation terminated.
configure:2532: $? = 1
configure:2521: /home/zhangzheng/toolchain/gcc-arm-10.3-2021.07-x86_64-arm-none-eabi/bin/arm-none-eabi-gcc -qversion >&5
arm-none-eabi-gcc: error: unrecognized command-line option '-qversion'; did you mean '--version'?
arm-none-eabi-gcc: fatal error: no input files
compilation terminated.
configure:2532: $? = 1
configure:2552: checking whether the C compiler works
configure:2574: /home/zhangzheng/toolchain/gcc-arm-10.3-2021.07-x86_64-arm-none-eabi/bin/arm-none-eabi-gcc -mcpu=cortex-m3 -O0 -g3 -mfloat-abi=soft  -mthumb  -DMKRTOS -std=gnu11 -ffunction-sections -fdata-sections -fno-builtin -u=_printf_float -nostartfiles -nodefaultlibs -nostdlib -nostdinc -fno-stack-protector -Wl,--gc-sections -D__ARM_ARCH_7M__ -include /home/zhangzheng/projects/mkrtos-real/build/autoconf.h      -fPIC -fPIE -n -pie -fpie -fpic -msingle-pic-base -mno-pic-data-is-text-relative      -I/home/zhangzheng/projects/mkrtos-real/build/libc/output/include -L/home/zhangzheng/toolchain/gcc-arm-10.3-2021.07-x86_64-arm-none-eabi/lib/gcc/arm-none-eabi/10.3.1/thumb/v7-m/nofp/ -DHAVE_STPCPY -DHAVE_MEMPCPY -DHAVE_PSIGNAL -Wl,-no-dynamic-linker -T /home/zhangzheng/projects/mkrtos-real/mkrtos_user/user/app/binutils-2.33.1/armv7_8m/link.lds -L/home/zhangzheng/projects/mkrtos-real/build/usr_lib -Wl,--start-group -static -lnewc -lstart -llibc_be -lmuslc -lgcc -lsys -lsys_svr -lsys_util -lutil -lnewc -Wl,--end-group    conftest.c -Wl,--start-group -static -lnewc -lstart -llibc_be -lmuslc -lgcc -lsys -lsys_svr -lsys_util -lutil -lnewc -Wl,--end-group  >&5
configure:2578: $? = 0
configure:2626: result: yes
configure:2629: checking for C compiler default output file name
configure:2631: result: a.out
configure:2637: checking for suffix of executables
configure:2644: /home/zhangzheng/toolchain/gcc-arm-10.3-2021.07-x86_64-arm-none-eabi/bin/arm-none-eabi-gcc -o conftest -mcpu=cortex-m3 -O0 -g3 -mfloat-abi=soft  -mthumb  -DMKRTOS -std=gnu11 -ffunction-sections -fdata-sections -fno-builtin -u=_printf_float -nostartfiles -nodefaultlibs -nostdlib -nostdinc -fno-stack-protector -Wl,--gc-sections -D__ARM_ARCH_7M__ -include /home/zhangzheng/projects/mkrtos-real/build/autoconf.h      -fPIC -fPIE -n -pie -fpie -fpic -msingle-pic-base -mno-pic-data-is-text-relative      -I/home/zhangzheng/projects/mkrtos-real/build/libc/output/include -L/home/zhangzheng/toolchain/gcc-arm-10.3-2021.07-x86_64-arm-none-eabi/lib/gcc/arm-none-eabi/10.3.1/thumb/v7-m/nofp/ -DHAVE_STPCPY -DHAVE_MEMPCPY -DHAVE_PSIGNAL -Wl,-no-dynamic-linker -T /home/zhangzheng/projects/mkrtos-real/mkrtos_user/user/app/binutils-2.33.1/armv7_8m/link.lds -L/home/zhangzheng/projects/mkrtos-real/build/usr_lib -Wl,--start-group -static -lnewc -lstart -llibc_be -lmuslc -lgcc -lsys -lsys_svr -lsys_util -lutil -lnewc -Wl,--end-group    conftest.c -Wl,--start-group -static -lnewc -lstart -llibc_be -lmuslc -lgcc -lsys -lsys_svr -lsys_util -lutil -lnewc -Wl,--end-group  >&5
configure:2648: $? = 0
configure:2670: result: 
configure:2692: checking whether we are cross compiling
configure:2700: /home/zhangzheng/toolchain/gcc-arm-10.3-2021.07-x86_64-arm-none-eabi/bin/arm-none-eabi-gcc -o conftest -mcpu=cortex-m3 -O0 -g3 -mfloat-abi=soft  -mthumb  -DMKRTOS -std=gnu11 -ffunction-sections -fdata-sections -fno-builtin -u=_printf_float -nostartfiles -nodefaultlibs -nostdlib -nostdinc -fno-stack-protector -Wl,--gc-sections -D__ARM_ARCH_7M__ -include /home/zhangzheng/projects/mkrtos-real/build/autoconf.h      -fPIC -fPIE -n -pie -fpie -fpic -msingle-pic-base -mno-pic-data-is-text-relative      -I/home/zhangzheng/projects/mkrtos-real/build/libc/output/include -L/home/zhangzheng/toolchain/gcc-arm-10.3-2021.07-x86_64-arm-none-eabi/lib/gcc/arm-none-eabi/10.3.1/thumb/v7-m/nofp/ -DHAVE_STPCPY -DHAVE_MEMPCPY -DHAVE_PSIGNAL -Wl,-no-dynamic-linker -T /home/zhangzheng/projects/mkrtos-real/mkrtos_user/user/app/binutils-2.33.1/armv7_8m/link.lds -L/home/zhangzheng/projects/mkrtos-real/build/usr_lib -Wl,--start-group -static -lnewc -lstart -llibc_be -lmuslc -lgcc -lsys -lsys_svr -lsys_util -lutil -lnewc -Wl,--end-group    conftest.c -Wl,--start-group -static -lnewc -lstart -llibc_be -lmuslc -lgcc -lsys -lsys_svr -lsys_util -lutil -lnewc -Wl,--end-group  >&5
configure:2704: $? = 0
configure:2711: ./conftest
./configure: line 2713: ./conftest: cannot execute binary file: Exec format error
configure:2715: $? = 126
configure:2730: result: yes
configure:2735: checking for suffix of object files
configure:2757: /home/zhangzheng/toolchain/gcc-arm-10.3-2021.07-x86_64-arm-none-eabi/bin/arm-none-eabi-gcc -c -mcpu=cortex-m3 -O0 -g3 -mfloat-abi=soft  -mthumb  -DMKRTOS -std=gnu11 -ffunction-sections -fdata-sections -fno-builtin -u=_printf_float -nostartfiles -nodefaultlibs -nostdlib -nostdinc -fno-stack-protector -Wl,--gc-sections -D__ARM_ARCH_7M__ -include /home/zhangzheng/projects/mkrtos-real/build/autoconf.h      -fPIC -fPIE -n -pie -fpie -fpic -msingle-pic-base -mno-pic-data-is-text-relative      -I/home/zhangzheng/projects/mkrtos-real/build/libc/output/include -L/home/zhangzheng/toolchain/gcc-arm-10.3-2021.07-x86_64-arm-none-eabi/lib/gcc/arm-none-eabi/10.3.1/thumb/v7-m/nofp/ -DHAVE_STPCPY -DHAVE_MEMPCPY -DHAVE_PSIGNAL -Wl,-no-dynamic-linker -T /home/zhangzheng/projects/mkrtos-real/mkrtos_user/user/app/binutils-2.33.1/armv7_8m/link.lds -L/home/zhangzheng/projects/mkrtos-real/build/usr_lib -Wl,--start-group -static -lnewc -lstart -llibc_be -lmuslc -lgcc -lsys -lsys_svr -lsys_util -lutil -lnewc -Wl,--end-group   conftest.c >&5
configure:2761: $? = 0
configure:2782: result: o
configure:2786: checking whether we are using the GNU C compiler
configure:2805: /home/zhangzheng/toolchain/gcc-arm-10.3-2021.07-x86_64-arm-none-eabi/bin/arm-none-eabi-gcc -c -mcpu=cortex-m3 -O0 -g3 -mfloat-abi=soft  -mthumb  -DMKRTOS -std=gnu11 -ffunction-sections -fdata-sections -fno-builtin -u=_printf_float -nostartfiles -nodefaultlibs -nostdlib -nostdinc -fno-stack-protector -Wl,--gc-sections -D__ARM_ARCH_7M__ -include /home/zhangzheng/projects/mkrtos-real/build/autoconf.h      -fPIC -fPIE -n -pie -fpie -fpic -msingle-pic-base -mno-pic-data-is-text-relative      -I/home/zhangzheng/projects/mkrtos-real/build/libc/output/include -L/home/zhangzheng/toolchain/gcc-arm-10.3-2021.07-x86_64-arm-none-eabi/lib/gcc/arm-none-eabi/10.3.1/thumb/v7-m/nofp/ -DHAVE_STPCPY -DHAVE_MEMPCPY -DHAVE_PSIGNAL -Wl,-no-dynamic-linker -T /home/zhangzheng/projects/mkrtos-real/mkrtos_user/user/app/binutils-2.33.1/armv7_8m/link.lds -L/home/zhangzheng/projects/mkrtos-real/build/usr_lib -Wl,--start-group -static -lnewc -lstart -llibc_be -lmuslc -lgcc -lsys -lsys_svr -lsys_util -lutil -lnewc -Wl,--end-group   conftest.c >&5
configure:2805: $? = 0
configure:2814: result: yes
configure:2823: checking whether /home/zhangzheng/toolchain/gcc-arm-10.3-2021.07-x86_64-arm-none-eabi/bin/arm-none-eabi-gcc accepts -g
configure:2843: /home/zhangzheng/toolchain/gcc-arm-10.3-2021.07-x86_64-arm-none-eabi/bin/arm-none-eabi-gcc -c -g  conftest.c >&5
configure:2843: $? = 0
configure:2884: result: yes
configure:2901: checking for /home/zhangzheng/toolchain/gcc-arm-10.3-2021.07-x86_64-arm-none-eabi/bin/arm-none-eabi-gcc option to accept ISO C89
configure:2964: /home/zhangzheng/toolchain/gcc-arm-10.3-2021.07-x86_64-arm-none-eabi/bin/arm-none-eabi-gcc  -c -mcpu=cortex-m3 -O0 -g3 -mfloat-abi=soft  -mthumb  -DMKRTOS -std=gnu11 -ffunction-sections -fdata-sections -fno-builtin -u=_printf_float -nostartfiles -nodefaultlibs -nostdlib -nostdinc -fno-stack-protector -Wl,--gc-sections -D__ARM_ARCH_7M__ -include /home/zhangzheng/projects/mkrtos-real/build/autoconf.h      -fPIC -fPIE -n -pie -fpie -fpic -msingle-pic-base -mno-pic-data-is-text-relative      -I/home/zhangzheng/projects/mkrtos-real/build/libc/output/include -L/home/zhangzheng/toolchain/gcc-arm-10.3-2021.07-x86_64-arm-none-eabi/lib/gcc/arm-none-eabi/10.3.1/thumb/v7-m/nofp/ -DHAVE_STPCPY -DHAVE_MEMPCPY -DHAVE_PSIGNAL -Wl,-no-dynamic-linker -T /home/zhangzheng/projects/mkrtos-real/mkrtos_user/user/app/binutils-2.33.1/armv7_8m/link.lds -L/home/zhangzheng/projects/mkrtos-real/build/usr_lib -Wl,--start-group -static -lnewc -lstart -llibc_be -lmuslc -lgcc -lsys -lsys_svr -lsys_util -lutil -lnewc -Wl,--end-group   conftest.c >&5
configure:2964: $? = 0
configure:2977: result: none needed
configure:3002: checking whether /home/zhangzheng/toolchain/gcc-arm-10.3-2021.07-x86_64-arm-none-eabi/bin/arm-none-eabi-gcc understands -c and -o together
configure:3024: /home/zhangzheng/toolchain/gcc-arm-10.3-2021.07-x86_64-arm-none-eabi/bin/arm-none-eabi-gcc -c conftest.c -o conftest2.o
configure:3027: $? = 0
configure:3024: /home/zhangzheng/toolchain/gcc-arm-10.3-2021.07-x86_64-arm-none-eabi/bin/arm-none-eabi-gcc -c conftest.c -o conftest2.o
configure:3027: $? = 0
configure:3039: result: yes
configure:3062: checking how to run the C preprocessor
configure:3093: /home/zhangzheng/toolchain/gcc-arm-10.3-2021.07-x86_64-arm-none-eabi/bin/arm-none-eabi-gcc -E  conftest.c
configure:3093: $? = 0
configure:3107: /home/zhangzheng/toolchain/gcc-arm-10.3-2021.07-x86_64-arm-none-eabi/bin/arm-none-eabi-gcc -E  conftest.c
conftest.c:9:10: fatal error: ac_nonexistent.h: No such file or directory
    9 | #include <ac_nonexistent.h>
      |          ^~~~~~~~~~~~~~~~~~
compilation terminated.
configure:3107: $? = 1
configure: failed program was:
| /* confdefs.h */
| #define PACKAGE_NAME "libctf library"
| #define PACKAGE_TARNAME "libctf-library"
| #define PACKAGE_VERSION "1.2.0-pre"
| #define PACKAGE_STRING "libctf library 1.2.0-pre"
| #define PACKAGE_BUGREPORT ""
| #define PACKAGE_URL ""
| /* end confdefs.h.  */
| #include <ac_nonexistent.h>
configure:3132: result: /home/zhangzheng/toolchain/gcc-arm-10.3-2021.07-x86_64-arm-none-eabi/bin/arm-none-eabi-gcc -E
configure:3152: /home/zhangzheng/toolchain/gcc-arm-10.3-2021.07-x86_64-arm-none-eabi/bin/arm-none-eabi-gcc -E  conftest.c
configure:3152: $? = 0
configure:3166: /home/zhangzheng/toolchain/gcc-arm-10.3-2021.07-x86_64-arm-none-eabi/bin/arm-none-eabi-gcc -E  conftest.c
conftest.c:9:10: fatal error: ac_nonexistent.h: No such file or directory
    9 | #include <ac_nonexistent.h>
      |          ^~~~~~~~~~~~~~~~~~
compilation terminated.
configure:3166: $? = 1
configure: failed program was:
| /* confdefs.h */
| #define PACKAGE_NAME "libctf library"
| #define PACKAGE_TARNAME "libctf-library"
| #define PACKAGE_VERSION "1.2.0-pre"
| #define PACKAGE_STRING "libctf library 1.2.0-pre"
| #define PACKAGE_BUGREPORT ""
| #define PACKAGE_URL ""
| /* end confdefs.h.  */
| #include <ac_nonexistent.h>
configure:3195: checking for grep that handles long lines and -e
configure:3253: result: /usr/bin/grep
configure:3258: checking for egrep
configure:3320: result: /usr/bin/grep -E
configure:3325: checking for ANSI C header files
configure:3345: /home/zhangzheng/toolchain/gcc-arm-10.3-2021.07-x86_64-arm-none-eabi/bin/arm-none-eabi-gcc -c -mcpu=cortex-m3 -O0 -g3 -mfloat-abi=soft  -mthumb  -DMKRTOS -std=gnu11 -ffunction-sections -fdata-sections -fno-builtin -u=_printf_float -nostartfiles -nodefaultlibs -nostdlib -nostdinc -fno-stack-protector -Wl,--gc-sections -D__ARM_ARCH_7M__ -include /home/zhangzheng/projects/mkrtos-real/build/autoconf.h      -fPIC -fPIE -n -pie -fpie -fpic -msingle-pic-base -mno-pic-data-is-text-relative      -I/home/zhangzheng/projects/mkrtos-real/build/libc/output/include -L/home/zhangzheng/toolchain/gcc-arm-10.3-2021.07-x86_64-arm-none-eabi/lib/gcc/arm-none-eabi/10.3.1/thumb/v7-m/nofp/ -DHAVE_STPCPY -DHAVE_MEMPCPY -DHAVE_PSIGNAL -Wl,-no-dynamic-linker -T /home/zhangzheng/projects/mkrtos-real/mkrtos_user/user/app/binutils-2.33.1/armv7_8m/link.lds -L/home/zhangzheng/projects/mkrtos-real/build/usr_lib -Wl,--start-group -static -lnewc -lstart -llibc_be -lmuslc -lgcc -lsys -lsys_svr -lsys_util -lutil -lnewc -Wl,--end-group   conftest.c >&5
configure:3345: $? = 0
configure:3429: result: yes
configure:3442: checking for sys/types.h
configure:3442: /home/zhangzheng/toolchain/gcc-arm-10.3-2021.07-x86_64-arm-none-eabi/bin/arm-none-eabi-gcc -c -mcpu=cortex-m3 -O0 -g3 -mfloat-abi=soft  -mthumb  -DMKRTOS -std=gnu11 -ffunction-sections -fdata-sections -fno-builtin -u=_printf_float -nostartfiles -nodefaultlibs -nostdlib -nostdinc -fno-stack-protector -Wl,--gc-sections -D__ARM_ARCH_7M__ -include /home/zhangzheng/projects/mkrtos-real/build/autoconf.h      -fPIC -fPIE -n -pie -fpie -fpic -msingle-pic-base -mno-pic-data-is-text-relative      -I/home/zhangzheng/projects/mkrtos-real/build/libc/output/include -L/home/zhangzheng/toolchain/gcc-arm-10.3-2021.07-x86_64-arm-none-eabi/lib/gcc/arm-none-eabi/10.3.1/thumb/v7-m/nofp/ -DHAVE_STPCPY -DHAVE_MEMPCPY -DHAVE_PSIGNAL -Wl,-no-dynamic-linker -T /home/zhangzheng/projects/mkrtos-real/mkrtos_user/user/app/binutils-2.33.1/armv7_8m/link.lds -L/home/zhangzheng/projects/mkrtos-real/build/usr_lib -Wl,--start-group -static -lnewc -lstart -llibc_be -lmuslc -lgcc -lsys -lsys_svr -lsys_util -lutil -lnewc -Wl,--end-group   conftest.c >&5
configure:3442: $? = 0
configure:3442: result: yes
configure:3442: checking for sys/stat.h
configure:3442: /home/zhangzheng/toolchain/gcc-arm-10.3-2021.07-x86_64-arm-none-eabi/bin/arm-none-eabi-gcc -c -mcpu=cortex-m3 -O0 -g3 -mfloat-abi=soft  -mthumb  -DMKRTOS -std=gnu11 -ffunction-sections -fdata-sections -fno-builtin -u=_printf_float -nostartfiles -nodefaultlibs -nostdlib -nostdinc -fno-stack-protector -Wl,--gc-sections -D__ARM_ARCH_7M__ -include /home/zhangzheng/projects/mkrtos-real/build/autoconf.h      -fPIC -fPIE -n -pie -fpie -fpic -msingle-pic-base -mno-pic-data-is-text-relative      -I/home/zhangzheng/projects/mkrtos-real/build/libc/output/include -L/home/zhangzheng/toolchain/gcc-arm-10.3-2021.07-x86_64-arm-none-eabi/lib/gcc/arm-none-eabi/10.3.1/thumb/v7-m/nofp/ -DHAVE_STPCPY -DHAVE_MEMPCPY -DHAVE_PSIGNAL -Wl,-no-dynamic-linker -T /home/zhangzheng/projects/mkrtos-real/mkrtos_user/user/app/binutils-2.33.1/armv7_8m/link.lds -L/home/zhangzheng/projects/mkrtos-real/build/usr_lib -Wl,--start-group -static -lnewc -lstart -llibc_be -lmuslc -lgcc -lsys -lsys_svr -lsys_util -lutil -lnewc -Wl,--end-group   conftest.c >&5
configure:3442: $? = 0
configure:3442: result: yes
configure:3442: checking for stdlib.h
configure:3442: /home/zhangzheng/toolchain/gcc-arm-10.3-2021.07-x86_64-arm-none-eabi/bin/arm-none-eabi-gcc -c -mcpu=cortex-m3 -O0 -g3 -mfloat-abi=soft  -mthumb  -DMKRTOS -std=gnu11 -ffunction-sections -fdata-sections -fno-builtin -u=_printf_float -nostartfiles -nodefaultlibs -nostdlib -nostdinc -fno-stack-protector -Wl,--gc-sections -D__ARM_ARCH_7M__ -include /home/zhangzheng/projects/mkrtos-real/build/autoconf.h      -fPIC -fPIE -n -pie -fpie -fpic -msingle-pic-base -mno-pic-data-is-text-relative      -I/home/zhangzheng/projects/mkrtos-real/build/libc/output/include -L/home/zhangzheng/toolchain/gcc-arm-10.3-2021.07-x86_64-arm-none-eabi/lib/gcc/arm-none-eabi/10.3.1/thumb/v7-m/nofp/ -DHAVE_STPCPY -DHAVE_MEMPCPY -DHAVE_PSIGNAL -Wl,-no-dynamic-linker -T /home/zhangzheng/projects/mkrtos-real/mkrtos_user/user/app/binutils-2.33.1/armv7_8m/link.lds -L/home/zhangzheng/projects/mkrtos-real/build/usr_lib -Wl,--start-group -static -lnewc -lstart -llibc_be -lmuslc -lgcc -lsys -lsys_svr -lsys_util -lutil -lnewc -Wl,--end-group   conftest.c >&5
configure:3442: $? = 0
configure:3442: result: yes
configure:3442: checking for string.h
configure:3442: /home/zhangzheng/toolchain/gcc-arm-10.3-2021.07-x86_64-arm-none-eabi/bin/arm-none-eabi-gcc -c -mcpu=cortex-m3 -O0 -g3 -mfloat-abi=soft  -mthumb  -DMKRTOS -std=gnu11 -ffunction-sections -fdata-sections -fno-builtin -u=_printf_float -nostartfiles -nodefaultlibs -nostdlib -nostdinc -fno-stack-protector -Wl,--gc-sections -D__ARM_ARCH_7M__ -include /home/zhangzheng/projects/mkrtos-real/build/autoconf.h      -fPIC -fPIE -n -pie -fpie -fpic -msingle-pic-base -mno-pic-data-is-text-relative      -I/home/zhangzheng/projects/mkrtos-real/build/libc/output/include -L/home/zhangzheng/toolchain/gcc-arm-10.3-2021.07-x86_64-arm-none-eabi/lib/gcc/arm-none-eabi/10.3.1/thumb/v7-m/nofp/ -DHAVE_STPCPY -DHAVE_MEMPCPY -DHAVE_PSIGNAL -Wl,-no-dynamic-linker -T /home/zhangzheng/projects/mkrtos-real/mkrtos_user/user/app/binutils-2.33.1/armv7_8m/link.lds -L/home/zhangzheng/projects/mkrtos-real/build/usr_lib -Wl,--start-group -static -lnewc -lstart -llibc_be -lmuslc -lgcc -lsys -lsys_svr -lsys_util -lutil -lnewc -Wl,--end-group   conftest.c >&5
configure:3442: $? = 0
configure:3442: result: yes
configure:3442: checking for memory.h
configure:3442: /home/zhangzheng/toolchain/gcc-arm-10.3-2021.07-x86_64-arm-none-eabi/bin/arm-none-eabi-gcc -c -mcpu=cortex-m3 -O0 -g3 -mfloat-abi=soft  -mthumb  -DMKRTOS -std=gnu11 -ffunction-sections -fdata-sections -fno-builtin -u=_printf_float -nostartfiles -nodefaultlibs -nostdlib -nostdinc -fno-stack-protector -Wl,--gc-sections -D__ARM_ARCH_7M__ -include /home/zhangzheng/projects/mkrtos-real/build/autoconf.h      -fPIC -fPIE -n -pie -fpie -fpic -msingle-pic-base -mno-pic-data-is-text-relative      -I/home/zhangzheng/projects/mkrtos-real/build/libc/output/include -L/home/zhangzheng/toolchain/gcc-arm-10.3-2021.07-x86_64-arm-none-eabi/lib/gcc/arm-none-eabi/10.3.1/thumb/v7-m/nofp/ -DHAVE_STPCPY -DHAVE_MEMPCPY -DHAVE_PSIGNAL -Wl,-no-dynamic-linker -T /home/zhangzheng/projects/mkrtos-real/mkrtos_user/user/app/binutils-2.33.1/armv7_8m/link.lds -L/home/zhangzheng/projects/mkrtos-real/build/usr_lib -Wl,--start-group -static -lnewc -lstart -llibc_be -lmuslc -lgcc -lsys -lsys_svr -lsys_util -lutil -lnewc -Wl,--end-group   conftest.c >&5
configure:3442: $? = 0
configure:3442: result: yes
configure:3442: checking for strings.h
configure:3442: /home/zhangzheng/toolchain/gcc-arm-10.3-2021.07-x86_64-arm-none-eabi/bin/arm-none-eabi-gcc -c -mcpu=cortex-m3 -O0 -g3 -mfloat-abi=soft  -mthumb  -DMKRTOS -std=gnu11 -ffunction-sections -fdata-sections -fno-builtin -u=_printf_float -nostartfiles -nodefaultlibs -nostdlib -nostdinc -fno-stack-protector -Wl,--gc-sections -D__ARM_ARCH_7M__ -include /home/zhangzheng/projects/mkrtos-real/build/autoconf.h      -fPIC -fPIE -n -pie -fpie -fpic -msingle-pic-base -mno-pic-data-is-text-relative      -I/home/zhangzheng/projects/mkrtos-real/build/libc/output/include -L/home/zhangzheng/toolchain/gcc-arm-10.3-2021.07-x86_64-arm-none-eabi/lib/gcc/arm-none-eabi/10.3.1/thumb/v7-m/nofp/ -DHAVE_STPCPY -DHAVE_MEMPCPY -DHAVE_PSIGNAL -Wl,-no-dynamic-linker -T /home/zhangzheng/projects/mkrtos-real/mkrtos_user/user/app/binutils-2.33.1/armv7_8m/link.lds -L/home/zhangzheng/projects/mkrtos-real/build/usr_lib -Wl,--start-group -static -lnewc -lstart -llibc_be -lmuslc -lgcc -lsys -lsys_svr -lsys_util -lutil -lnewc -Wl,--end-group   conftest.c >&5
configure:3442: $? = 0
configure:3442: result: yes
configure:3442: checking for inttypes.h
configure:3442: /home/zhangzheng/toolchain/gcc-arm-10.3-2021.07-x86_64-arm-none-eabi/bin/arm-none-eabi-gcc -c -mcpu=cortex-m3 -O0 -g3 -mfloat-abi=soft  -mthumb  -DMKRTOS -std=gnu11 -ffunction-sections -fdata-sections -fno-builtin -u=_printf_float -nostartfiles -nodefaultlibs -nostdlib -nostdinc -fno-stack-protector -Wl,--gc-sections -D__ARM_ARCH_7M__ -include /home/zhangzheng/projects/mkrtos-real/build/autoconf.h      -fPIC -fPIE -n -pie -fpie -fpic -msingle-pic-base -mno-pic-data-is-text-relative      -I/home/zhangzheng/projects/mkrtos-real/build/libc/output/include -L/home/zhangzheng/toolchain/gcc-arm-10.3-2021.07-x86_64-arm-none-eabi/lib/gcc/arm-none-eabi/10.3.1/thumb/v7-m/nofp/ -DHAVE_STPCPY -DHAVE_MEMPCPY -DHAVE_PSIGNAL -Wl,-no-dynamic-linker -T /home/zhangzheng/projects/mkrtos-real/mkrtos_user/user/app/binutils-2.33.1/armv7_8m/link.lds -L/home/zhangzheng/projects/mkrtos-real/build/usr_lib -Wl,--start-group -static -lnewc -lstart -llibc_be -lmuslc -lgcc -lsys -lsys_svr -lsys_util -lutil -lnewc -Wl,--end-group   conftest.c >&5
configure:3442: $? = 0
configure:3442: result: yes
configure:3442: checking for stdint.h
configure:3442: /home/zhangzheng/toolchain/gcc-arm-10.3-2021.07-x86_64-arm-none-eabi/bin/arm-none-eabi-gcc -c -mcpu=cortex-m3 -O0 -g3 -mfloat-abi=soft  -mthumb  -DMKRTOS -std=gnu11 -ffunction-sections -fdata-sections -fno-builtin -u=_printf_float -nostartfiles -nodefaultlibs -nostdlib -nostdinc -fno-stack-protector -Wl,--gc-sections -D__ARM_ARCH_7M__ -include /home/zhangzheng/projects/mkrtos-real/build/autoconf.h      -fPIC -fPIE -n -pie -fpie -fpic -msingle-pic-base -mno-pic-data-is-text-relative      -I/home/zhangzheng/projects/mkrtos-real/build/libc/output/include -L/home/zhangzheng/toolchain/gcc-arm-10.3-2021.07-x86_64-arm-none-eabi/lib/gcc/arm-none-eabi/10.3.1/thumb/v7-m/nofp/ -DHAVE_STPCPY -DHAVE_MEMPCPY -DHAVE_PSIGNAL -Wl,-no-dynamic-linker -T /home/zhangzheng/projects/mkrtos-real/mkrtos_user/user/app/binutils-2.33.1/armv7_8m/link.lds -L/home/zhangzheng/projects/mkrtos-real/build/usr_lib -Wl,--start-group -static -lnewc -lstart -llibc_be -lmuslc -lgcc -lsys -lsys_svr -lsys_util -lutil -lnewc -Wl,--end-group   conftest.c >&5
configure:3442: $? = 0
configure:3442: result: yes
configure:3442: checking for unistd.h
configure:3442: /home/zhangzheng/toolchain/gcc-arm-10.3-2021.07-x86_64-arm-none-eabi/bin/arm-none-eabi-gcc -c -mcpu=cortex-m3 -O0 -g3 -mfloat-abi=soft  -mthumb  -DMKRTOS -std=gnu11 -ffunction-sections -fdata-sections -fno-builtin -u=_printf_float -nostartfiles -nodefaultlibs -nostdlib -nostdinc -fno-stack-protector -Wl,--gc-sections -D__ARM_ARCH_7M__ -include /home/zhangzheng/projects/mkrtos-real/build/autoconf.h      -fPIC -fPIE -n -pie -fpie -fpic -msingle-pic-base -mno-pic-data-is-text-relative      -I/home/zhangzheng/projects/mkrtos-real/build/libc/output/include -L/home/zhangzheng/toolchain/gcc-arm-10.3-2021.07-x86_64-arm-none-eabi/lib/gcc/arm-none-eabi/10.3.1/thumb/v7-m/nofp/ -DHAVE_STPCPY -DHAVE_MEMPCPY -DHAVE_PSIGNAL -Wl,-no-dynamic-linker -T /home/zhangzheng/projects/mkrtos-real/mkrtos_user/user/app/binutils-2.33.1/armv7_8m/link.lds -L/home/zhangzheng/projects/mkrtos-real/build/usr_lib -Wl,--start-group -static -lnewc -lstart -llibc_be -lmuslc -lgcc -lsys -lsys_svr -lsys_util -lutil -lnewc -Wl,--end-group   conftest.c >&5
configure:3442: $? = 0
configure:3442: result: yes
configure:3455: checking minix/config.h usability
configure:3455: /home/zhangzheng/toolchain/gcc-arm-10.3-2021.07-x86_64-arm-none-eabi/bin/arm-none-eabi-gcc -c -mcpu=cortex-m3 -O0 -g3 -mfloat-abi=soft  -mthumb  -DMKRTOS -std=gnu11 -ffunction-sections -fdata-sections -fno-builtin -u=_printf_float -nostartfiles -nodefaultlibs -nostdlib -nostdinc -fno-stack-protector -Wl,--gc-sections -D__ARM_ARCH_7M__ -include /home/zhangzheng/projects/mkrtos-real/build/autoconf.h      -fPIC -fPIE -n -pie -fpie -fpic -msingle-pic-base -mno-pic-data-is-text-relative      -I/home/zhangzheng/projects/mkrtos-real/build/libc/output/include -L/home/zhangzheng/toolchain/gcc-arm-10.3-2021.07-x86_64-arm-none-eabi/lib/gcc/arm-none-eabi/10.3.1/thumb/v7-m/nofp/ -DHAVE_STPCPY -DHAVE_MEMPCPY -DHAVE_PSIGNAL -Wl,-no-dynamic-linker -T /home/zhangzheng/projects/mkrtos-real/mkrtos_user/user/app/binutils-2.33.1/armv7_8m/link.lds -L/home/zhangzheng/projects/mkrtos-real/build/usr_lib -Wl,--start-group -static -lnewc -lstart -llibc_be -lmuslc -lgcc -lsys -lsys_svr -lsys_util -lutil -lnewc -Wl,--end-group   conftest.c >&5
conftest.c:52:10: fatal error: minix/config.h: No such file or directory
   52 | #include <minix/config.h>
      |          ^~~~~~~~~~~~~~~~
compilation terminated.
configure:3455: $? = 1
configure: failed program was:
| /* confdefs.h */
| #define PACKAGE_NAME "libctf library"
| #define PACKAGE_TARNAME "libctf-library"
| #define PACKAGE_VERSION "1.2.0-pre"
| #define PACKAGE_STRING "libctf library 1.2.0-pre"
| #define PACKAGE_BUGREPORT ""
| #define PACKAGE_URL ""
| #define STDC_HEADERS 1
| #define HAVE_SYS_TYPES_H 1
| #define HAVE_SYS_STAT_H 1
| #define HAVE_STDLIB_H 1
| #define HAVE_STRING_H 1
| #define HAVE_MEMORY_H 1
| #define HAVE_STRINGS_H 1
| #define HAVE_INTTYPES_H 1
| #define HAVE_STDINT_H 1
| #define HAVE_UNISTD_H 1
| /* end confdefs.h.  */
| #include <stdio.h>
| #ifdef HAVE_SYS_TYPES_H
| # include <sys/types.h>
| #endif
| #ifdef HAVE_SYS_STAT_H
| # include <sys/stat.h>
| #endif
| #ifdef STDC_HEADERS
| # include <stdlib.h>
| # include <stddef.h>
| #else
| # ifdef HAVE_STDLIB_H
| #  include <stdlib.h>
| # endif
| #endif
| #ifdef HAVE_STRING_H
| # if !defined STDC_HEADERS && defined HAVE_MEMORY_H
| #  include <memory.h>
| # endif
| # include <string.h>
| #endif
| #ifdef HAVE_STRINGS_H
| # include <strings.h>
| #endif
| #ifdef HAVE_INTTYPES_H
| # include <inttypes.h>
| #endif
| #ifdef HAVE_STDINT_H
| # include <stdint.h>
| #endif
| #ifdef HAVE_UNISTD_H
| # include <unistd.h>
| #endif
| #include <minix/config.h>
configure:3455: result: no
configure:3455: checking minix/config.h presence
configure:3455: /home/zhangzheng/toolchain/gcc-arm-10.3-2021.07-x86_64-arm-none-eabi/bin/arm-none-eabi-gcc -E  conftest.c
conftest.c:19:10: fatal error: minix/config.h: No such file or directory
   19 | #include <minix/config.h>
      |          ^~~~~~~~~~~~~~~~
compilation terminated.
configure:3455: $? = 1
configure: failed program was:
| /* confdefs.h */
| #define PACKAGE_NAME "libctf library"
| #define PACKAGE_TARNAME "libctf-library"
| #define PACKAGE_VERSION "1.2.0-pre"
| #define PACKAGE_STRING "libctf library 1.2.0-pre"
| #define PACKAGE_BUGREPORT ""
| #define PACKAGE_URL ""
| #define STDC_HEADERS 1
| #define HAVE_SYS_TYPES_H 1
| #define HAVE_SYS_STAT_H 1
| #define HAVE_STDLIB_H 1
| #define HAVE_STRING_H 1
| #define HAVE_MEMORY_H 1
| #define HAVE_STRINGS_H 1
| #define HAVE_INTTYPES_H 1
| #define HAVE_STDINT_H 1
| #define HAVE_UNISTD_H 1
| /* end confdefs.h.  */
| #include <minix/config.h>
configure:3455: result: no
configure:3455: checking for minix/config.h
configure:3455: result: no
configure:3476: checking whether it is safe to define __EXTENSIONS__
configure:3494: /home/zhangzheng/toolchain/gcc-arm-10.3-2021.07-x86_64-arm-none-eabi/bin/arm-none-eabi-gcc -c -mcpu=cortex-m3 -O0 -g3 -mfloat-abi=soft  -mthumb  -DMKRTOS -std=gnu11 -ffunction-sections -fdata-sections -fno-builtin -u=_printf_float -nostartfiles -nodefaultlibs -nostdlib -nostdinc -fno-stack-protector -Wl,--gc-sections -D__ARM_ARCH_7M__ -include /home/zhangzheng/projects/mkrtos-real/build/autoconf.h      -fPIC -fPIE -n -pie -fpie -fpic -msingle-pic-base -mno-pic-data-is-text-relative      -I/home/zhangzheng/projects/mkrtos-real/build/libc/output/include -L/home/zhangzheng/toolchain/gcc-arm-10.3-2021.07-x86_64-arm-none-eabi/lib/gcc/arm-none-eabi/10.3.1/thumb/v7-m/nofp/ -DHAVE_STPCPY -DHAVE_MEMPCPY -DHAVE_PSIGNAL -Wl,-no-dynamic-linker -T /home/zhangzheng/projects/mkrtos-real/mkrtos_user/user/app/binutils-2.33.1/armv7_8m/link.lds -L/home/zhangzheng/projects/mkrtos-real/build/usr_lib -Wl,--start-group -static -lnewc -lstart -llibc_be -lmuslc -lgcc -lsys -lsys_svr -lsys_util -lutil -lnewc -Wl,--end-group   conftest.c >&5
configure:3494: $? = 0
configure:3501: result: yes
configure:3531: checking for a BSD-compatible install
configure:3599: result: /usr/bin/install -c
configure:3610: checking whether build environment is sane
configure:3665: result: yes
configure:3721: checking for arm-none-eabi-strip
configure:3737: found /home/zhangzheng/toolchain/gcc-arm-10.3-2021.07-x86_64-arm-none-eabi/bin/arm-none-eabi-strip
configure:3748: result: arm-none-eabi-strip
configure:3813: checking for a thread-safe mkdir -p
configure:3852: result: /usr/bin/mkdir -p
configure:3859: checking for gawk
configure:3889: result: no
configure:3859: checking for mawk
configure:3875: found /usr/bin/mawk
configure:3886: result: mawk
configure:3897: checking whether make sets $(MAKE)
configure:3919: result: yes
configure:3949: checking for style of include used by make
configure:3977: result: GNU
configure:4011: checking whether make supports nested variables
configure:4028: result: yes
configure:4113: checking dependency style of /home/zhangzheng/toolchain/gcc-arm-10.3-2021.07-x86_64-arm-none-eabi/bin/arm-none-eabi-gcc
configure:4224: result: gcc3
configure:4284: checking whether make sets $(MAKE)
configure:4306: result: yes
configure:4323: checking for arm-none-eabi-gcc
configure:4350: result: /home/zhangzheng/toolchain/gcc-arm-10.3-2021.07-x86_64-arm-none-eabi/bin/arm-none-eabi-gcc
configure:4619: checking for C compiler version
configure:4628: /home/zhangzheng/toolchain/gcc-arm-10.3-2021.07-x86_64-arm-none-eabi/bin/arm-none-eabi-gcc --version >&5
arm-none-eabi-gcc (GNU Toolchain for the A-profile Architecture 10.3-2021.07 (arm-10.29)) 10.3.1 20210621
Copyright (C) 2020 Free Software Foundation, Inc.
This is free software; see the source for copying conditions.  There is NO
warranty; not even for MERCHANTABILITY or FITNESS FOR A PARTICULAR PURPOSE.

configure:4639: $? = 0
configure:4628: /home/zhangzheng/toolchain/gcc-arm-10.3-2021.07-x86_64-arm-none-eabi/bin/arm-none-eabi-gcc -v >&5
Using built-in specs.
COLLECT_GCC=/home/zhangzheng/toolchain/gcc-arm-10.3-2021.07-x86_64-arm-none-eabi/bin/arm-none-eabi-gcc
COLLECT_LTO_WRAPPER=/home/zhangzheng/toolchain/gcc-arm-10.3-2021.07-x86_64-arm-none-eabi/bin/../libexec/gcc/arm-none-eabi/10.3.1/lto-wrapper
Target: arm-none-eabi
Configured with: /data/jenkins/workspace/GNU-toolchain/arm-10/src/gcc/configure --target=arm-none-eabi --prefix=/data/jenkins/workspace/GNU-toolchain/arm-10/build-arm-none-eabi/install// --with-gmp=/data/jenkins/workspace/GNU-toolchain/arm-10/build-arm-none-eabi/host-tools --with-mpfr=/data/jenkins/workspace/GNU-toolchain/arm-10/build-arm-none-eabi/host-tools --with-mpc=/data/jenkins/workspace/GNU-toolchain/arm-10/build-arm-none-eabi/host-tools --with-isl=/data/jenkins/workspace/GNU-toolchain/arm-10/build-arm-none-eabi/host-tools --disable-shared --disable-nls --disable-threads --disable-tls --enable-checking=release --enable-languages=c,c++,fortran --with-newlib --with-multilib-list=aprofile,rmprofile --with-pkgversion='GNU Toolchain for the A-profile Architecture 10.3-2021.07 (arm-10.29)' --with-bugurl=https://bugs.linaro.org/
Thread model: single
Supported LTO compression algorithms: zlib
gcc version 10.3.1 20210621 (GNU Toolchain for the A-profile Architecture 10.3-2021.07 (arm-10.29)) 
configure:4639: $? = 0
configure:4628: /home/zhangzheng/toolchain/gcc-arm-10.3-2021.07-x86_64-arm-none-eabi/bin/arm-none-eabi-gcc -V >&5
arm-none-eabi-gcc: error: unrecognized command-line option '-V'
arm-none-eabi-gcc: fatal error: no input files
compilation terminated.
configure:4639: $? = 1
configure:4628: /home/zhangzheng/toolchain/gcc-arm-10.3-2021.07-x86_64-arm-none-eabi/bin/arm-none-eabi-gcc -qversion >&5
arm-none-eabi-gcc: error: unrecognized command-line option '-qversion'; did you mean '--version'?
arm-none-eabi-gcc: fatal error: no input files
compilation terminated.
configure:4639: $? = 1
configure:4643: checking whether we are using the GNU C compiler
configure:4671: result: yes
configure:4680: checking whether /home/zhangzheng/toolchain/gcc-arm-10.3-2021.07-x86_64-arm-none-eabi/bin/arm-none-eabi-gcc accepts -g
configure:4741: result: yes
configure:4758: checking for /home/zhangzheng/toolchain/gcc-arm-10.3-2021.07-x86_64-arm-none-eabi/bin/arm-none-eabi-gcc option to accept ISO C89
configure:4834: result: none needed
configure:4859: checking whether /home/zhangzheng/toolchain/gcc-arm-10.3-2021.07-x86_64-arm-none-eabi/bin/arm-none-eabi-gcc understands -c and -o together
configure:4896: result: yes
configure:4916: checking for arm-none-eabi-ranlib
configure:4932: found /home/zhangzheng/toolchain/gcc-arm-10.3-2021.07-x86_64-arm-none-eabi/bin/arm-none-eabi-ranlib
configure:4943: result: arm-none-eabi-ranlib
configure:5010: checking for arm-none-eabi-ar
configure:5026: found /home/zhangzheng/toolchain/gcc-arm-10.3-2021.07-x86_64-arm-none-eabi/bin/arm-none-eabi-ar
configure:5037: result: arm-none-eabi-ar
configure:5107: checking the archiver (arm-none-eabi-ar) interface
configure:5123: /home/zhangzheng/toolchain/gcc-arm-10.3-2021.07-x86_64-arm-none-eabi/bin/arm-none-eabi-gcc -c -mcpu=cortex-m3 -O0 -g3 -mfloat-abi=soft  -mthumb  -DMKRTOS -std=gnu11 -ffunction-sections -fdata-sections -fno-builtin -u=_printf_float -nostartfiles -nodefaultlibs -nostdlib -nostdinc -fno-stack-protector -Wl,--gc-sections -D__ARM_ARCH_7M__ -include /home/zhangzheng/projects/mkrtos-real/build/autoconf.h      -fPIC -fPIE -n -pie -fpie -fpic -msingle-pic-base -mno-pic-data-is-text-relative      -I/home/zhangzheng/projects/mkrtos-real/build/libc/output/include -L/home/zhangzheng/toolchain/gcc-arm-10.3-2021.07-x86_64-arm-none-eabi/lib/gcc/arm-none-eabi/10.3.1/thumb/v7-m/nofp/ -DHAVE_STPCPY -DHAVE_MEMPCPY -DHAVE_PSIGNAL -Wl,-no-dynamic-linker -T /home/zhangzheng/projects/mkrtos-real/mkrtos_user/user/app/binutils-2.33.1/armv7_8m/link.lds -L/home/zhangzheng/projects/mkrtos-real/build/usr_lib -Wl,--start-group -static -lnewc -lstart -llibc_be -lmuslc -lgcc -lsys -lsys_svr -lsys_util -lutil -lnewc -Wl,--end-group   conftest.c >&5
configure:5123: $? = 0
configure:5125: arm-none-eabi-ar cru libconftest.a conftest.o >&5
configure:5128: $? = 0
configure:5156: result: ar
configure:5184: checking for special C compiler options needed for large files
configure:5229: result: no
configure:5235: checking for _FILE_OFFSET_BITS value needed for large files
configure:5260: /home/zhangzheng/toolchain/gcc-arm-10.3-2021.07-x86_64-arm-none-eabi/bin/arm-none-eabi-gcc -c -mcpu=cortex-m3 -O0 -g3 -mfloat-abi=soft  -mthumb  -DMKRTOS -std=gnu11 -ffunction-sections -fdata-sections -fno-builtin -u=_printf_float -nostartfiles -nodefaultlibs -nostdlib -nostdinc -fno-stack-protector -Wl,--gc-sections -D__ARM_ARCH_7M__ -include /home/zhangzheng/projects/mkrtos-real/build/autoconf.h      -fPIC -fPIE -n -pie -fpie -fpic -msingle-pic-base -mno-pic-data-is-text-relative      -I/home/zhangzheng/projects/mkrtos-real/build/libc/output/include -L/home/zhangzheng/toolchain/gcc-arm-10.3-2021.07-x86_64-arm-none-eabi/lib/gcc/arm-none-eabi/10.3.1/thumb/v7-m/nofp/ -DHAVE_STPCPY -DHAVE_MEMPCPY -DHAVE_PSIGNAL -Wl,-no-dynamic-linker -T /home/zhangzheng/projects/mkrtos-real/mkrtos_user/user/app/binutils-2.33.1/armv7_8m/link.lds -L/home/zhangzheng/projects/mkrtos-real/build/usr_lib -Wl,--start-group -static -lnewc -lstart -llibc_be -lmuslc -lgcc -lsys -lsys_svr -lsys_util -lutil -lnewc -Wl,--end-group   conftest.c >&5
configure:5260: $? = 0
configure:5292: result: no
configure:5383: checking for aclocal
configure:5410: result: ${SHELL} /home/zhangzheng/projects/mkrtos-real/mkrtos_user/user/app/binutils-2.33.1/missing aclocal-1.15
configure:5426: checking for autoconf
configure:5453: result: ${SHELL} /home/zhangzheng/projects/mkrtos-real/mkrtos_user/user/app/binutils-2.33.1/missing autoconf
configure:5469: checking for autoheader
configure:5496: result: ${SHELL} /home/zhangzheng/projects/mkrtos-real/mkrtos_user/user/app/binutils-2.33.1/missing autoheader
configure:5530: checking whether /home/zhangzheng/toolchain/gcc-arm-10.3-2021.07-x86_64-arm-none-eabi/bin/arm-none-eabi-gcc supports -W
configure:5547: /home/zhangzheng/toolchain/gcc-arm-10.3-2021.07-x86_64-arm-none-eabi/bin/arm-none-eabi-gcc -c -W  conftest.c >&5
configure:5547: $? = 0
configure:5556: result: yes
configure:5530: checking whether /home/zhangzheng/toolchain/gcc-arm-10.3-2021.07-x86_64-arm-none-eabi/bin/arm-none-eabi-gcc supports -Wall
configure:5547: /home/zhangzheng/toolchain/gcc-arm-10.3-2021.07-x86_64-arm-none-eabi/bin/arm-none-eabi-gcc -c -Wall  conftest.c >&5
configure:5547: $? = 0
configure:5556: result: yes
configure:5530: checking whether /home/zhangzheng/toolchain/gcc-arm-10.3-2021.07-x86_64-arm-none-eabi/bin/arm-none-eabi-gcc supports -Wnarrowing
configure:5547: /home/zhangzheng/toolchain/gcc-arm-10.3-2021.07-x86_64-arm-none-eabi/bin/arm-none-eabi-gcc -c -Wnarrowing  conftest.c >&5
configure:5547: $? = 0
configure:5556: result: yes
configure:5530: checking whether /home/zhangzheng/toolchain/gcc-arm-10.3-2021.07-x86_64-arm-none-eabi/bin/arm-none-eabi-gcc supports -Wwrite-strings
configure:5547: /home/zhangzheng/toolchain/gcc-arm-10.3-2021.07-x86_64-arm-none-eabi/bin/arm-none-eabi-gcc -c -Wwrite-strings  conftest.c >&5
configure:5547: $? = 0
configure:5556: result: yes
configure:5530: checking whether /home/zhangzheng/toolchain/gcc-arm-10.3-2021.07-x86_64-arm-none-eabi/bin/arm-none-eabi-gcc supports -Wmissing-format-attribute
configure:5547: /home/zhangzheng/toolchain/gcc-arm-10.3-2021.07-x86_64-arm-none-eabi/bin/arm-none-eabi-gcc -c -Wmissing-format-attribute  conftest.c >&5
configure:5547: $? = 0
configure:5556: result: yes
configure:5588: checking whether /home/zhangzheng/toolchain/gcc-arm-10.3-2021.07-x86_64-arm-none-eabi/bin/arm-none-eabi-gcc supports -Wstrict-prototypes
configure:5605: /home/zhangzheng/toolchain/gcc-arm-10.3-2021.07-x86_64-arm-none-eabi/bin/arm-none-eabi-gcc -c -Wstrict-prototypes  conftest.c >&5
conftest.c:28:1: warning: function declaration isn't a prototype [-Wstrict-prototypes]
   28 | main ()
      | ^~~~
configure:5605: $? = 0
configure:5614: result: yes
configure:5588: checking whether /home/zhangzheng/toolchain/gcc-arm-10.3-2021.07-x86_64-arm-none-eabi/bin/arm-none-eabi-gcc supports -Wmissing-prototypes
configure:5605: /home/zhangzheng/toolchain/gcc-arm-10.3-2021.07-x86_64-arm-none-eabi/bin/arm-none-eabi-gcc -c -Wmissing-prototypes  conftest.c >&5
configure:5605: $? = 0
configure:5614: result: yes
configure:5588: checking whether /home/zhangzheng/toolchain/gcc-arm-10.3-2021.07-x86_64-arm-none-eabi/bin/arm-none-eabi-gcc supports -Wold-style-definition
configure:5605: /home/zhangzheng/toolchain/gcc-arm-10.3-2021.07-x86_64-arm-none-eabi/bin/arm-none-eabi-gcc -c -Wold-style-definition  conftest.c >&5
conftest.c: In function 'main':
conftest.c:28:1: warning: old-style function definition [-Wold-style-definition]
   28 | main ()
      | ^~~~
configure:5605: $? = 0
configure:5614: result: yes
configure:5638: checking whether /home/zhangzheng/toolchain/gcc-arm-10.3-2021.07-x86_64-arm-none-eabi/bin/arm-none-eabi-gcc supports -pedantic -Wlong-long
configure:5656: /home/zhangzheng/toolchain/gcc-arm-10.3-2021.07-x86_64-arm-none-eabi/bin/arm-none-eabi-gcc -c -pedantic -Wlong-long  conftest.c >&5
configure:5656: $? = 0
configure:5664: result: yes
configure:5708: checking whether to enable maintainer-specific portions of Makefiles
configure:5717: result: no
configure:5747: checking whether /home/zhangzheng/toolchain/gcc-arm-10.3-2021.07-x86_64-arm-none-eabi/bin/arm-none-eabi-gcc supports -Wall
configure:5773: result: yes
configure:5794: checking for stdlib.h
configure:5794: result: yes
configure:5794: checking for unistd.h
configure:5794: result: yes
configure:5794: checking for sys/param.h
configure:5794: /home/zhangzheng/toolchain/gcc-arm-10.3-2021.07-x86_64-arm-none-eabi/bin/arm-none-eabi-gcc -c -mcpu=cortex-m3 -O0 -g3 -mfloat-abi=soft  -mthumb  -DMKRTOS -std=gnu11 -ffunction-sections -fdata-sections -fno-builtin -u=_printf_float -nostartfiles -nodefaultlibs -nostdlib -nostdinc -fno-stack-protector -Wl,--gc-sections -D__ARM_ARCH_7M__ -include /home/zhangzheng/projects/mkrtos-real/build/autoconf.h      -fPIC -fPIE -n -pie -fpie -fpic -msingle-pic-base -mno-pic-data-is-text-relative      -I/home/zhangzheng/projects/mkrtos-real/build/libc/output/include -L/home/zhangzheng/toolchain/gcc-arm-10.3-2021.07-x86_64-arm-none-eabi/lib/gcc/arm-none-eabi/10.3.1/thumb/v7-m/nofp/ -DHAVE_STPCPY -DHAVE_MEMPCPY -DHAVE_PSIGNAL -Wl,-no-dynamic-linker -T /home/zhangzheng/projects/mkrtos-real/mkrtos_user/user/app/binutils-2.33.1/armv7_8m/link.lds -L/home/zhangzheng/projects/mkrtos-real/build/usr_lib -Wl,--start-group -static -lnewc -lstart -llibc_be -lmuslc -lgcc -lsys -lsys_svr -lsys_util -lutil -lnewc -Wl,--end-group   conftest.c >&5
configure:5794: $? = 0
configure:5794: result: yes
configure:5814: checking for getpagesize
configure:5814: /home/zhangzheng/toolchain/gcc-arm-10.3-2021.07-x86_64-arm-none-eabi/bin/arm-none-eabi-gcc -o conftest -mcpu=cortex-m3 -O0 -g3 -mfloat-abi=soft  -mthumb  -DMKRTOS -std=gnu11 -ffunction-sections -fdata-sections -fno-builtin -u=_printf_float -nostartfiles -nodefaultlibs -nostdlib -nostdinc -fno-stack-protector -Wl,--gc-sections -D__ARM_ARCH_7M__ -include /home/zhangzheng/projects/mkrtos-real/build/autoconf.h      -fPIC -fPIE -n -pie -fpie -fpic -msingle-pic-base -mno-pic-data-is-text-relative      -I/home/zhangzheng/projects/mkrtos-real/build/libc/output/include -L/home/zhangzheng/toolchain/gcc-arm-10.3-2021.07-x86_64-arm-none-eabi/lib/gcc/arm-none-eabi/10.3.1/thumb/v7-m/nofp/ -DHAVE_STPCPY -DHAVE_MEMPCPY -DHAVE_PSIGNAL -Wl,-no-dynamic-linker -T /home/zhangzheng/projects/mkrtos-real/mkrtos_user/user/app/binutils-2.33.1/armv7_8m/link.lds -L/home/zhangzheng/projects/mkrtos-real/build/usr_lib -Wl,--start-group -static -lnewc -lstart -llibc_be -lmuslc -lgcc -lsys -lsys_svr -lsys_util -lutil -lnewc -Wl,--end-group    conftest.c -Wl,--start-group -static -lnewc -lstart -llibc_be -lmuslc -lgcc -lsys -lsys_svr -lsys_util -lutil -lnewc -Wl,--end-group  >&5
configure:5814: $? = 0
configure:5814: result: yes
configure:5823: checking for working mmap
configure:5980: result: no
configure:5989: checking for library containing dlopen
configure:6020: /home/zhangzheng/toolchain/gcc-arm-10.3-2021.07-x86_64-arm-none-eabi/bin/arm-none-eabi-gcc -o conftest -mcpu=cortex-m3 -O0 -g3 -mfloat-abi=soft  -mthumb  -DMKRTOS -std=gnu11 -ffunction-sections -fdata-sections -fno-builtin -u=_printf_float -nostartfiles -nodefaultlibs -nostdlib -nostdinc -fno-stack-protector -Wl,--gc-sections -D__ARM_ARCH_7M__ -include /home/zhangzheng/projects/mkrtos-real/build/autoconf.h      -fPIC -fPIE -n -pie -fpie -fpic -msingle-pic-base -mno-pic-data-is-text-relative      -I/home/zhangzheng/projects/mkrtos-real/build/libc/output/include -L/home/zhangzheng/toolchain/gcc-arm-10.3-2021.07-x86_64-arm-none-eabi/lib/gcc/arm-none-eabi/10.3.1/thumb/v7-m/nofp/ -DHAVE_STPCPY -DHAVE_MEMPCPY -DHAVE_PSIGNAL -Wl,-no-dynamic-linker -T /home/zhangzheng/projects/mkrtos-real/mkrtos_user/user/app/binutils-2.33.1/armv7_8m/link.lds -L/home/zhangzheng/projects/mkrtos-real/build/usr_lib -Wl,--start-group -static -lnewc -lstart -llibc_be -lmuslc -lgcc -lsys -lsys_svr -lsys_util -lutil -lnewc -Wl,--end-group    conftest.c -Wl,--start-group -static -lnewc -lstart -llibc_be -lmuslc -lgcc -lsys -lsys_svr -lsys_util -lutil -lnewc -Wl,--end-group  >&5
configure:6020: $? = 0
configure:6037: result: none required
configure:6075: checking for ELF support in BFD
configure:6094: /home/zhangzheng/toolchain/gcc-arm-10.3-2021.07-x86_64-arm-none-eabi/bin/arm-none-eabi-gcc -o conftest -I./../include -I../bfd -I./../bfd -mcpu=cortex-m3 -O0 -g3 -mfloat-abi=soft  -mthumb  -DMKRTOS -std=gnu11 -ffunction-sections -fdata-sections -fno-builtin -u=_printf_float -nostartfiles -nodefaultlibs -nostdlib -nostdinc -fno-stack-protector -Wl,--gc-sections -D__ARM_ARCH_7M__ -include /home/zhangzheng/projects/mkrtos-real/build/autoconf.h      -fPIC -fPIE -n -pie -fpie -fpic -msingle-pic-base -mno-pic-data-is-text-relative      -I/home/zhangzheng/projects/mkrtos-real/build/libc/output/include -L/home/zhangzheng/toolchain/gcc-arm-10.3-2021.07-x86_64-arm-none-eabi/lib/gcc/arm-none-eabi/10.3.1/thumb/v7-m/nofp/ -DHAVE_STPCPY -DHAVE_MEMPCPY -DHAVE_PSIGNAL -Wl,-no-dynamic-linker -T /home/zhangzheng/projects/mkrtos-real/mkrtos_user/user/app/binutils-2.33.1/armv7_8m/link.lds -L/home/zhangzheng/projects/mkrtos-real/build/usr_lib -Wl,--start-group -static -lnewc -lstart -llibc_be -lmuslc -lgcc -lsys -lsys_svr -lsys_util -lutil -lnewc -Wl,--end-group   -L../bfd -L../libiberty -L../zlib  conftest.c -lbfd -liberty -lz  -Wl,--start-group -static -lnewc -lstart -llibc_be -lmuslc -lgcc -lsys -lsys_svr -lsys_util -lutil -lnewc -Wl,--end-group  >&5
/home/zhangzheng/toolchain/gcc-arm-10.3-2021.07-x86_64-arm-none-eabi/bin/../lib/gcc/arm-none-eabi/10.3.1/../../../../arm-none-eabi/bin/ld: cannot find -lz
collect2: error: ld returned 1 exit status
configure:6094: $? = 1
configure: failed program was:
| /* confdefs.h */
| #define PACKAGE_NAME "libctf library"
| #define PACKAGE_TARNAME "libctf-library"
| #define PACKAGE_VERSION "1.2.0-pre"
| #define PACKAGE_STRING "libctf library 1.2.0-pre"
| #define PACKAGE_BUGREPORT ""
| #define PACKAGE_URL ""
| #define STDC_HEADERS 1
| #define HAVE_SYS_TYPES_H 1
| #define HAVE_SYS_STAT_H 1
| #define HAVE_STDLIB_H 1
| #define HAVE_STRING_H 1
| #define HAVE_MEMORY_H 1
| #define HAVE_STRINGS_H 1
| #define HAVE_INTTYPES_H 1
| #define HAVE_STDINT_H 1
| #define HAVE_UNISTD_H 1
| #define __EXTENSIONS__ 1
| #define _ALL_SOURCE 1
| #define _GNU_SOURCE 1
| #define _POSIX_PTHREAD_SEMANTICS 1
| #define _TANDEM_SOURCE 1
| #define PACKAGE "libctf-library"
| #define VERSION "1.2.0-pre"
| #define HAVE_STDLIB_H 1
| #define HAVE_UNISTD_H 1
| #define HAVE_SYS_PARAM_H 1
| #define HAVE_GETPAGESIZE 1
| /* end confdefs.h.  */
| #include <stdlib.h>
| 	     #include "bfd.h"
| 	     #include "elf-bfd.h"
| int
| main ()
| {
| (void) bfd_section_from_elf_index (NULL, 0);
| 	     return 0;
|   ;
|   return 0;
| }
configure:6102: result: no
configure:6114: checking whether byte ordering is bigendian
configure:6129: /home/zhangzheng/toolchain/gcc-arm-10.3-2021.07-x86_64-arm-none-eabi/bin/arm-none-eabi-gcc -c -mcpu=cortex-m3 -O0 -g3 -mfloat-abi=soft  -mthumb  -DMKRTOS -std=gnu11 -ffunction-sections -fdata-sections -fno-builtin -u=_printf_float -nostartfiles -nodefaultlibs -nostdlib -nostdinc -fno-stack-protector -Wl,--gc-sections -D__ARM_ARCH_7M__ -include /home/zhangzheng/projects/mkrtos-real/build/autoconf.h      -fPIC -fPIE -n -pie -fpie -fpic -msingle-pic-base -mno-pic-data-is-text-relative      -I/home/zhangzheng/projects/mkrtos-real/build/libc/output/include -L/home/zhangzheng/toolchain/gcc-arm-10.3-2021.07-x86_64-arm-none-eabi/lib/gcc/arm-none-eabi/10.3.1/thumb/v7-m/nofp/ -DHAVE_STPCPY -DHAVE_MEMPCPY -DHAVE_PSIGNAL -Wl,-no-dynamic-linker -T /home/zhangzheng/projects/mkrtos-real/mkrtos_user/user/app/binutils-2.33.1/armv7_8m/link.lds -L/home/zhangzheng/projects/mkrtos-real/build/usr_lib -Wl,--start-group -static -lnewc -lstart -llibc_be -lmuslc -lgcc -lsys -lsys_svr -lsys_util -lutil -lnewc -Wl,--end-group   conftest.c >&5
conftest.c:31:9: error: unknown type name 'not'
   31 |         not a universal capable compiler
      |         ^~~
conftest.c:31:15: error: expected '=', ',', ';', 'asm' or '__attribute__' before 'universal'
   31 |         not a universal capable compiler
      |               ^~~~~~~~~
conftest.c:31:15: error: unknown type name 'universal'
configure:6129: $? = 1
configure: failed program was:
| /* confdefs.h */
| #define PACKAGE_NAME "libctf library"
| #define PACKAGE_TARNAME "libctf-library"
| #define PACKAGE_VERSION "1.2.0-pre"
| #define PACKAGE_STRING "libctf library 1.2.0-pre"
| #define PACKAGE_BUGREPORT ""
| #define PACKAGE_URL ""
| #define STDC_HEADERS 1
| #define HAVE_SYS_TYPES_H 1
| #define HAVE_SYS_STAT_H 1
| #define HAVE_STDLIB_H 1
| #define HAVE_STRING_H 1
| #define HAVE_MEMORY_H 1
| #define HAVE_STRINGS_H 1
| #define HAVE_INTTYPES_H 1
| #define HAVE_STDINT_H 1
| #define HAVE_UNISTD_H 1
| #define __EXTENSIONS__ 1
| #define _ALL_SOURCE 1
| #define _GNU_SOURCE 1
| #define _POSIX_PTHREAD_SEMANTICS 1
| #define _TANDEM_SOURCE 1
| #define PACKAGE "libctf-library"
| #define VERSION "1.2.0-pre"
| #define HAVE_STDLIB_H 1
| #define HAVE_UNISTD_H 1
| #define HAVE_SYS_PARAM_H 1
| #define HAVE_GETPAGESIZE 1
| /* end confdefs.h.  */
| #ifndef __APPLE_CC__
| 	       not a universal capable compiler
| 	     #endif
| 	     typedef int dummy;
| 
configure:6174: /home/zhangzheng/toolchain/gcc-arm-10.3-2021.07-x86_64-arm-none-eabi/bin/arm-none-eabi-gcc -c -mcpu=cortex-m3 -O0 -g3 -mfloat-abi=soft  -mthumb  -DMKRTOS -std=gnu11 -ffunction-sections -fdata-sections -fno-builtin -u=_printf_float -nostartfiles -nodefaultlibs -nostdlib -nostdinc -fno-stack-protector -Wl,--gc-sections -D__ARM_ARCH_7M__ -include /home/zhangzheng/projects/mkrtos-real/build/autoconf.h      -fPIC -fPIE -n -pie -fpie -fpic -msingle-pic-base -mno-pic-data-is-text-relative      -I/home/zhangzheng/projects/mkrtos-real/build/libc/output/include -L/home/zhangzheng/toolchain/gcc-arm-10.3-2021.07-x86_64-arm-none-eabi/lib/gcc/arm-none-eabi/10.3.1/thumb/v7-m/nofp/ -DHAVE_STPCPY -DHAVE_MEMPCPY -DHAVE_PSIGNAL -Wl,-no-dynamic-linker -T /home/zhangzheng/projects/mkrtos-real/mkrtos_user/user/app/binutils-2.33.1/armv7_8m/link.lds -L/home/zhangzheng/projects/mkrtos-real/build/usr_lib -Wl,--start-group -static -lnewc -lstart -llibc_be -lmuslc -lgcc -lsys -lsys_svr -lsys_util -lutil -lnewc -Wl,--end-group   conftest.c >&5
configure:6174: $? = 0
configure:6192: /home/zhangzheng/toolchain/gcc-arm-10.3-2021.07-x86_64-arm-none-eabi/bin/arm-none-eabi-gcc -c -mcpu=cortex-m3 -O0 -g3 -mfloat-abi=soft  -mthumb  -DMKRTOS -std=gnu11 -ffunction-sections -fdata-sections -fno-builtin -u=_printf_float -nostartfiles -nodefaultlibs -nostdlib -nostdinc -fno-stack-protector -Wl,--gc-sections -D__ARM_ARCH_7M__ -include /home/zhangzheng/projects/mkrtos-real/build/autoconf.h      -fPIC -fPIE -n -pie -fpie -fpic -msingle-pic-base -mno-pic-data-is-text-relative      -I/home/zhangzheng/projects/mkrtos-real/build/libc/output/include -L/home/zhangzheng/toolchain/gcc-arm-10.3-2021.07-x86_64-arm-none-eabi/lib/gcc/arm-none-eabi/10.3.1/thumb/v7-m/nofp/ -DHAVE_STPCPY -DHAVE_MEMPCPY -DHAVE_PSIGNAL -Wl,-no-dynamic-linker -T /home/zhangzheng/projects/mkrtos-real/mkrtos_user/user/app/binutils-2.33.1/armv7_8m/link.lds -L/home/zhangzheng/projects/mkrtos-real/build/usr_lib -Wl,--start-group -static -lnewc -lstart -llibc_be -lmuslc -lgcc -lsys -lsys_svr -lsys_util -lutil -lnewc -Wl,--end-group   conftest.c >&5
conftest.c: In function 'main':
conftest.c:37:4: error: unknown type name 'not'; did you mean 'ino_t'?
   37 |    not big endian
      |    ^~~
      |    ino_t
conftest.c:37:12: error: expected '=', ',', ';', 'asm' or '__attribute__' before 'endian'
   37 |    not big endian
      |            ^~~~~~
configure:6192: $? = 1
configure: failed program was:
| /* confdefs.h */
| #define PACKAGE_NAME "libctf library"
| #define PACKAGE_TARNAME "libctf-library"
| #define PACKAGE_VERSION "1.2.0-pre"
| #define PACKAGE_STRING "libctf library 1.2.0-pre"
| #define PACKAGE_BUGREPORT ""
| #define PACKAGE_URL ""
| #define STDC_HEADERS 1
| #define HAVE_SYS_TYPES_H 1
| #define HAVE_SYS_STAT_H 1
| #define HAVE_STDLIB_H 1
| #define HAVE_STRING_H 1
| #define HAVE_MEMORY_H 1
| #define HAVE_STRINGS_H 1
| #define HAVE_INTTYPES_H 1
| #define HAVE_STDINT_H 1
| #define HAVE_UNISTD_H 1
| #define __EXTENSIONS__ 1
| #define _ALL_SOURCE 1
| #define _GNU_SOURCE 1
| #define _POSIX_PTHREAD_SEMANTICS 1
| #define _TANDEM_SOURCE 1
| #define PACKAGE "libctf-library"
| #define VERSION "1.2.0-pre"
| #define HAVE_STDLIB_H 1
| #define HAVE_UNISTD_H 1
| #define HAVE_SYS_PARAM_H 1
| #define HAVE_GETPAGESIZE 1
| /* end confdefs.h.  */
| #include <sys/types.h>
| 		#include <sys/param.h>
| 
| int
| main ()
| {
| #if BYTE_ORDER != BIG_ENDIAN
| 		 not big endian
| 		#endif
| 
|   ;
|   return 0;
| }
configure:6320: result: no
configure:6341: checking byteswap.h usability
configure:6341: /home/zhangzheng/toolchain/gcc-arm-10.3-2021.07-x86_64-arm-none-eabi/bin/arm-none-eabi-gcc -c -mcpu=cortex-m3 -O0 -g3 -mfloat-abi=soft  -mthumb  -DMKRTOS -std=gnu11 -ffunction-sections -fdata-sections -fno-builtin -u=_printf_float -nostartfiles -nodefaultlibs -nostdlib -nostdinc -fno-stack-protector -Wl,--gc-sections -D__ARM_ARCH_7M__ -include /home/zhangzheng/projects/mkrtos-real/build/autoconf.h      -fPIC -fPIE -n -pie -fpie -fpic -msingle-pic-base -mno-pic-data-is-text-relative      -I/home/zhangzheng/projects/mkrtos-real/build/libc/output/include -L/home/zhangzheng/toolchain/gcc-arm-10.3-2021.07-x86_64-arm-none-eabi/lib/gcc/arm-none-eabi/10.3.1/thumb/v7-m/nofp/ -DHAVE_STPCPY -DHAVE_MEMPCPY -DHAVE_PSIGNAL -Wl,-no-dynamic-linker -T /home/zhangzheng/projects/mkrtos-real/mkrtos_user/user/app/binutils-2.33.1/armv7_8m/link.lds -L/home/zhangzheng/projects/mkrtos-real/build/usr_lib -Wl,--start-group -static -lnewc -lstart -llibc_be -lmuslc -lgcc -lsys -lsys_svr -lsys_util -lutil -lnewc -Wl,--end-group   conftest.c >&5
configure:6341: $? = 0
configure:6341: result: yes
configure:6341: checking byteswap.h presence
configure:6341: /home/zhangzheng/toolchain/gcc-arm-10.3-2021.07-x86_64-arm-none-eabi/bin/arm-none-eabi-gcc -E  conftest.c
conftest.c:30:10: fatal error: byteswap.h: No such file or directory
   30 | #include <byteswap.h>
      |          ^~~~~~~~~~~~
compilation terminated.
configure:6341: $? = 1
configure: failed program was:
| /* confdefs.h */
| #define PACKAGE_NAME "libctf library"
| #define PACKAGE_TARNAME "libctf-library"
| #define PACKAGE_VERSION "1.2.0-pre"
| #define PACKAGE_STRING "libctf library 1.2.0-pre"
| #define PACKAGE_BUGREPORT ""
| #define PACKAGE_URL ""
| #define STDC_HEADERS 1
| #define HAVE_SYS_TYPES_H 1
| #define HAVE_SYS_STAT_H 1
| #define HAVE_STDLIB_H 1
| #define HAVE_STRING_H 1
| #define HAVE_MEMORY_H 1
| #define HAVE_STRINGS_H 1
| #define HAVE_INTTYPES_H 1
| #define HAVE_STDINT_H 1
| #define HAVE_UNISTD_H 1
| #define __EXTENSIONS__ 1
| #define _ALL_SOURCE 1
| #define _GNU_SOURCE 1
| #define _POSIX_PTHREAD_SEMANTICS 1
| #define _TANDEM_SOURCE 1
| #define PACKAGE "libctf-library"
| #define VERSION "1.2.0-pre"
| #define HAVE_STDLIB_H 1
| #define HAVE_UNISTD_H 1
| #define HAVE_SYS_PARAM_H 1
| #define HAVE_GETPAGESIZE 1
| /* end confdefs.h.  */
| #include <byteswap.h>
configure:6341: result: no
configure:6341: WARNING: byteswap.h: accepted by the compiler, rejected by the preprocessor!
configure:6341: WARNING: byteswap.h: proceeding with the compiler's result
configure:6341: checking for byteswap.h
configure:6341: result: yes
configure:6341: checking endian.h usability
configure:6341: /home/zhangzheng/toolchain/gcc-arm-10.3-2021.07-x86_64-arm-none-eabi/bin/arm-none-eabi-gcc -c -mcpu=cortex-m3 -O0 -g3 -mfloat-abi=soft  -mthumb  -DMKRTOS -std=gnu11 -ffunction-sections -fdata-sections -fno-builtin -u=_printf_float -nostartfiles -nodefaultlibs -nostdlib -nostdinc -fno-stack-protector -Wl,--gc-sections -D__ARM_ARCH_7M__ -include /home/zhangzheng/projects/mkrtos-real/build/autoconf.h      -fPIC -fPIE -n -pie -fpie -fpic -msingle-pic-base -mno-pic-data-is-text-relative      -I/home/zhangzheng/projects/mkrtos-real/build/libc/output/include -L/home/zhangzheng/toolchain/gcc-arm-10.3-2021.07-x86_64-arm-none-eabi/lib/gcc/arm-none-eabi/10.3.1/thumb/v7-m/nofp/ -DHAVE_STPCPY -DHAVE_MEMPCPY -DHAVE_PSIGNAL -Wl,-no-dynamic-linker -T /home/zhangzheng/projects/mkrtos-real/mkrtos_user/user/app/binutils-2.33.1/armv7_8m/link.lds -L/home/zhangzheng/projects/mkrtos-real/build/usr_lib -Wl,--start-group -static -lnewc -lstart -llibc_be -lmuslc -lgcc -lsys -lsys_svr -lsys_util -lutil -lnewc -Wl,--end-group   conftest.c >&5
configure:6341: $? = 0
configure:6341: result: yes
configure:6341: checking endian.h presence
configure:6341: /home/zhangzheng/toolchain/gcc-arm-10.3-2021.07-x86_64-arm-none-eabi/bin/arm-none-eabi-gcc -E  conftest.c
conftest.c:31:10: fatal error: endian.h: No such file or directory
   31 | #include <endian.h>
      |          ^~~~~~~~~~
compilation terminated.
configure:6341: $? = 1
configure: failed program was:
| /* confdefs.h */
| #define PACKAGE_NAME "libctf library"
| #define PACKAGE_TARNAME "libctf-library"
| #define PACKAGE_VERSION "1.2.0-pre"
| #define PACKAGE_STRING "libctf library 1.2.0-pre"
| #define PACKAGE_BUGREPORT ""
| #define PACKAGE_URL ""
| #define STDC_HEADERS 1
| #define HAVE_SYS_TYPES_H 1
| #define HAVE_SYS_STAT_H 1
| #define HAVE_STDLIB_H 1
| #define HAVE_STRING_H 1
| #define HAVE_MEMORY_H 1
| #define HAVE_STRINGS_H 1
| #define HAVE_INTTYPES_H 1
| #define HAVE_STDINT_H 1
| #define HAVE_UNISTD_H 1
| #define __EXTENSIONS__ 1
| #define _ALL_SOURCE 1
| #define _GNU_SOURCE 1
| #define _POSIX_PTHREAD_SEMANTICS 1
| #define _TANDEM_SOURCE 1
| #define PACKAGE "libctf-library"
| #define VERSION "1.2.0-pre"
| #define HAVE_STDLIB_H 1
| #define HAVE_UNISTD_H 1
| #define HAVE_SYS_PARAM_H 1
| #define HAVE_GETPAGESIZE 1
| #define HAVE_BYTESWAP_H 1
| /* end confdefs.h.  */
| #include <endian.h>
configure:6341: result: no
configure:6341: WARNING: endian.h: accepted by the compiler, rejected by the preprocessor!
configure:6341: WARNING: endian.h: proceeding with the compiler's result
configure:6341: checking for endian.h
configure:6341: result: yes
configure:6353: checking for pread
configure:6353: /home/zhangzheng/toolchain/gcc-arm-10.3-2021.07-x86_64-arm-none-eabi/bin/arm-none-eabi-gcc -o conftest -mcpu=cortex-m3 -O0 -g3 -mfloat-abi=soft  -mthumb  -DMKRTOS -std=gnu11 -ffunction-sections -fdata-sections -fno-builtin -u=_printf_float -nostartfiles -nodefaultlibs -nostdlib -nostdinc -fno-stack-protector -Wl,--gc-sections -D__ARM_ARCH_7M__ -include /home/zhangzheng/projects/mkrtos-real/build/autoconf.h      -fPIC -fPIE -n -pie -fpie -fpic -msingle-pic-base -mno-pic-data-is-text-relative      -I/home/zhangzheng/projects/mkrtos-real/build/libc/output/include -L/home/zhangzheng/toolchain/gcc-arm-10.3-2021.07-x86_64-arm-none-eabi/lib/gcc/arm-none-eabi/10.3.1/thumb/v7-m/nofp/ -DHAVE_STPCPY -DHAVE_MEMPCPY -DHAVE_PSIGNAL -Wl,-no-dynamic-linker -T /home/zhangzheng/projects/mkrtos-real/mkrtos_user/user/app/binutils-2.33.1/armv7_8m/link.lds -L/home/zhangzheng/projects/mkrtos-real/build/usr_lib -Wl,--start-group -static -lnewc -lstart -llibc_be -lmuslc -lgcc -lsys -lsys_svr -lsys_util -lutil -lnewc -Wl,--end-group    conftest.c -Wl,--start-group -static -lnewc -lstart -llibc_be -lmuslc -lgcc -lsys -lsys_svr -lsys_util -lutil -lnewc -Wl,--end-group  >&5
configure:6353: $? = 0
configure:6353: result: yes
configure:6369: checking for qsort_r
configure:6369: /home/zhangzheng/toolchain/gcc-arm-10.3-2021.07-x86_64-arm-none-eabi/bin/arm-none-eabi-gcc -o conftest -mcpu=cortex-m3 -O0 -g3 -mfloat-abi=soft  -mthumb  -DMKRTOS -std=gnu11 -ffunction-sections -fdata-sections -fno-builtin -u=_printf_float -nostartfiles -nodefaultlibs -nostdlib -nostdinc -fno-stack-protector -Wl,--gc-sections -D__ARM_ARCH_7M__ -include /home/zhangzheng/projects/mkrtos-real/build/autoconf.h      -fPIC -fPIE -n -pie -fpie -fpic -msingle-pic-base -mno-pic-data-is-text-relative      -I/home/zhangzheng/projects/mkrtos-real/build/libc/output/include -L/home/zhangzheng/toolchain/gcc-arm-10.3-2021.07-x86_64-arm-none-eabi/lib/gcc/arm-none-eabi/10.3.1/thumb/v7-m/nofp/ -DHAVE_STPCPY -DHAVE_MEMPCPY -DHAVE_PSIGNAL -Wl,-no-dynamic-linker -T /home/zhangzheng/projects/mkrtos-real/mkrtos_user/user/app/binutils-2.33.1/armv7_8m/link.lds -L/home/zhangzheng/projects/mkrtos-real/build/usr_lib -Wl,--start-group -static -lnewc -lstart -llibc_be -lmuslc -lgcc -lsys -lsys_svr -lsys_util -lutil -lnewc -Wl,--end-group    conftest.c -Wl,--start-group -static -lnewc -lstart -llibc_be -lmuslc -lgcc -lsys -lsys_svr -lsys_util -lutil -lnewc -Wl,--end-group  >&5
configure:6369: $? = 0
configure:6369: result: yes
configure:6382: checking for qsort_r signature
configure:6408: /home/zhangzheng/toolchain/gcc-arm-10.3-2021.07-x86_64-arm-none-eabi/bin/arm-none-eabi-gcc -o conftest -mcpu=cortex-m3 -O0 -g3 -mfloat-abi=soft  -mthumb  -DMKRTOS -std=gnu11 -ffunction-sections -fdata-sections -fno-builtin -u=_printf_float -nostartfiles -nodefaultlibs -nostdlib -nostdinc -fno-stack-protector -Wl,--gc-sections -D__ARM_ARCH_7M__ -include /home/zhangzheng/projects/mkrtos-real/build/autoconf.h      -fPIC -fPIE -n -pie -fpie -fpic -msingle-pic-base -mno-pic-data-is-text-relative      -I/home/zhangzheng/projects/mkrtos-real/build/libc/output/include -L/home/zhangzheng/toolchain/gcc-arm-10.3-2021.07-x86_64-arm-none-eabi/lib/gcc/arm-none-eabi/10.3.1/thumb/v7-m/nofp/ -DHAVE_STPCPY -DHAVE_MEMPCPY -DHAVE_PSIGNAL -Wl,-no-dynamic-linker -T /home/zhangzheng/projects/mkrtos-real/mkrtos_user/user/app/binutils-2.33.1/armv7_8m/link.lds -L/home/zhangzheng/projects/mkrtos-real/build/usr_lib -Wl,--start-group -static -lnewc -lstart -llibc_be -lmuslc -lgcc -lsys -lsys_svr -lsys_util -lutil -lnewc -Wl,--end-group    conftest.c -Wl,--start-group -static -lnewc -lstart -llibc_be -lmuslc -lgcc -lsys -lsys_svr -lsys_util -lutil -lnewc -Wl,--end-group  >&5
configure:6408: $? = 0
configure:6442: result: GNU
configure:6465: checking for O_CLOEXEC
configure:6485: /home/zhangzheng/toolchain/gcc-arm-10.3-2021.07-x86_64-arm-none-eabi/bin/arm-none-eabi-gcc -o conftest -mcpu=cortex-m3 -O0 -g3 -mfloat-abi=soft  -mthumb  -DMKRTOS -std=gnu11 -ffunction-sections -fdata-sections -fno-builtin -u=_printf_float -nostartfiles -nodefaultlibs -nostdlib -nostdinc -fno-stack-protector -Wl,--gc-sections -D__ARM_ARCH_7M__ -include /home/zhangzheng/projects/mkrtos-real/build/autoconf.h      -fPIC -fPIE -n -pie -fpie -fpic -msingle-pic-base -mno-pic-data-is-text-relative      -I/home/zhangzheng/projects/mkrtos-real/build/libc/output/include -L/home/zhangzheng/toolchain/gcc-arm-10.3-2021.07-x86_64-arm-none-eabi/lib/gcc/arm-none-eabi/10.3.1/thumb/v7-m/nofp/ -DHAVE_STPCPY -DHAVE_MEMPCPY -DHAVE_PSIGNAL -Wl,-no-dynamic-linker -T /home/zhangzheng/projects/mkrtos-real/mkrtos_user/user/app/binutils-2.33.1/armv7_8m/link.lds -L/home/zhangzheng/projects/mkrtos-real/build/usr_lib -Wl,--start-group -static -lnewc -lstart -llibc_be -lmuslc -lgcc -lsys -lsys_svr -lsys_util -lutil -lnewc -Wl,--end-group    conftest.c -Wl,--start-group -static -lnewc -lstart -llibc_be -lmuslc -lgcc -lsys -lsys_svr -lsys_util -lutil -lnewc -Wl,--end-group  >&5
configure:6485: $? = 0
configure:6493: result: yes
configure:6607: checking that generated files are newer than configure
configure:6613: result: done
configure:6645: creating ./config.status

## ---------------------- ##
## Running config.status. ##
## ---------------------- ##

This file was extended by libctf library config.status 1.2.0-pre, which was
generated by GNU Autoconf 2.69.  Invocation command line was

  CONFIG_FILES    = 
  CONFIG_HEADERS  = 
  CONFIG_LINKS    = 
  CONFIG_COMMANDS = 
  $ ./config.status 

on liushiyi-X99

config.status:888: creating Makefile
config.status:888: creating config.h
config.status:1117: executing depfiles commands

## ---------------- ##
## Cache variables. ##
## ---------------- ##

ac_cv_c_bigendian=no
ac_cv_c_compiler_gnu=yes
ac_cv_env_CC_set=set
ac_cv_env_CC_value=/home/zhangzheng/toolchain/gcc-arm-10.3-2021.07-x86_64-arm-none-eabi/bin/arm-none-eabi-gcc
ac_cv_env_CFLAGS_set=set
ac_cv_env_CFLAGS_value='-mcpu=cortex-m3 -O0 -g3 -mfloat-abi=soft  -mthumb  -DMKRTOS -std=gnu11 -ffunction-sections -fdata-sections -fno-builtin -u=_printf_float -nostartfiles -nodefaultlibs -nostdlib -nostdinc -fno-stack-protector -Wl,--gc-sections -D__ARM_ARCH_7M__ -include /home/zhangzheng/projects/mkrtos-real/build/autoconf.h      -fPIC -fPIE -n -pie -fpie -fpic -msingle-pic-base -mno-pic-data-is-text-relative      -I/home/zhangzheng/projects/mkrtos-real/build/libc/output/include -L/home/zhangzheng/toolchain/gcc-arm-10.3-2021.07-x86_64-arm-none-eabi/lib/gcc/arm-none-eabi/10.3.1/thumb/v7-m/nofp/ -DHAVE_STPCPY -DHAVE_MEMPCPY -DHAVE_PSIGNAL -Wl,-no-dynamic-linker -T /home/zhangzheng/projects/mkrtos-real/mkrtos_user/user/app/binutils-2.33.1/armv7_8m/link.lds -L/home/zhangzheng/projects/mkrtos-real/build/usr_lib -Wl,--start-group -static -lnewc -lstart -llibc_be -lmuslc -lgcc -lsys -lsys_svr -lsys_util -lutil -lnewc -Wl,--end-group '
ac_cv_env_CPPFLAGS_set=
ac_cv_env_CPPFLAGS_value=
ac_cv_env_CPP_set=
ac_cv_env_CPP_value=
ac_cv_env_LDFLAGS_set=
ac_cv_env_LDFLAGS_value=
ac_cv_env_LIBS_set=set
ac_cv_env_LIBS_value='-Wl,--start-group -static -lnewc -lstart -llibc_be -lmuslc -lgcc -lsys -lsys_svr -lsys_util -lutil -lnewc -Wl,--end-group '
ac_cv_env_build_alias_set=
ac_cv_env_build_alias_value=
ac_cv_env_host_alias_set=set
ac_cv_env_host_alias_value=arm-none-eabi
ac_cv_env_target_alias_set=set
ac_cv_env_target_alias_value=arm-none-eabi
ac_cv_func_getpagesize=yes
ac_cv_func_mmap_fixed_mapped=no
ac_cv_func_pread=yes
ac_cv_func_qsort_r=yes
ac_cv_header_byteswap_h=yes
ac_cv_header_endian_h=yes
ac_cv_header_inttypes_h=yes
ac_cv_header_memory_h=yes
ac_cv_header_minix_config_h=no
ac_cv_header_stdc=yes
ac_cv_header_stdint_h=yes
ac_cv_header_stdlib_h=yes
ac_cv_header_string_h=yes
ac_cv_header_strings_h=yes
ac_cv_header_sys_param_h=yes
ac_cv_header_sys_stat_h=yes
ac_cv_header_sys_types_h=yes
ac_cv_header_unistd_h=yes
ac_cv_libctf_bfd_elf=no
ac_cv_libctf_macro_O_CLOEXEC=yes
ac_cv_libctf_qsort_r_signature=GNU
ac_cv_objext=o
ac_cv_path_EGREP='/usr/bin/grep -E'
ac_cv_path_GREP=/usr/bin/grep
ac_cv_path_install='/usr/bin/install -c'
ac_cv_path_mkdir=/usr/bin/mkdir
ac_cv_prog_ACLOCAL='${SHELL} /home/zhangzheng/projects/mkrtos-real/mkrtos_user/user/app/binutils-2.33.1/missing aclocal-1.15'
ac_cv_prog_AR=arm-none-eabi-ar
ac_cv_prog_AUTOCONF='${SHELL} /home/zhangzheng/projects/mkrtos-real/mkrtos_user/user/app/binutils-2.33.1/missing autoconf'
ac_cv_prog_AUTOHEADER='${SHELL} /home/zhangzheng/projects/mkrtos-real/mkrtos_user/user/app/binutils-2.33.1/missing autoheader'
ac_cv_prog_AWK=mawk
ac_cv_prog_CC=/home/zhangzheng/toolchain/gcc-arm-10.3-2021.07-x86_64-arm-none-eabi/bin/arm-none-eabi-gcc
ac_cv_prog_CPP='/home/zhangzheng/toolchain/gcc-arm-10.3-2021.07-x86_64-arm-none-eabi/bin/arm-none-eabi-gcc -E'
ac_cv_prog_RANLIB=arm-none-eabi-ranlib
ac_cv_prog_STRIP=arm-none-eabi-strip
ac_cv_prog_cc_c89=
ac_cv_prog_cc_g=yes
ac_cv_prog_make_make_set=yes
ac_cv_safe_to_define___extensions__=yes
ac_cv_search_dlopen='none required'
ac_cv_sys_file_offset_bits=no
ac_cv_sys_largefile_CC=no
acx_cv_prog_cc_pedantic__Wlong_long=yes
acx_cv_prog_cc_warning__W=yes
acx_cv_prog_cc_warning__Wall=yes
acx_cv_prog_cc_warning__Wmissing_format_attribute=yes
acx_cv_prog_cc_warning__Wmissing_prototypes=yes
acx_cv_prog_cc_warning__Wnarrowing=yes
acx_cv_prog_cc_warning__Wold_style_definition=yes
acx_cv_prog_cc_warning__Wstrict_prototypes=yes
acx_cv_prog_cc_warning__Wwrite_strings=yes
am_cv_CC_dependencies_compiler_type=gcc3
am_cv_ar_interface=ar
am_cv_make_support_nested_variables=yes
am_cv_prog_cc_c_o=yes

## ----------------- ##
## Output variables. ##
## ----------------- ##

ACLOCAL='${SHELL} /home/zhangzheng/projects/mkrtos-real/mkrtos_user/user/app/binutils-2.33.1/missing aclocal-1.15'
AMDEPBACKSLASH='\'
AMDEP_FALSE='#'
AMDEP_TRUE=''
AMTAR='$${TAR-tar}'
AM_BACKSLASH='\'
AM_DEFAULT_V='$(AM_DEFAULT_VERBOSITY)'
AM_DEFAULT_VERBOSITY='1'
AM_V='$(V)'
AR='arm-none-eabi-ar'
AUTOCONF='${SHELL} /home/zhangzheng/projects/mkrtos-real/mkrtos_user/user/app/binutils-2.33.1/missing autoconf'
AUTOHEADER='${SHELL} /home/zhangzheng/projects/mkrtos-real/mkrtos_user/user/app/binutils-2.33.1/missing autoheader'
AUTOMAKE='${SHELL} /home/zhangzheng/projects/mkrtos-real/mkrtos_user/user/app/binutils-2.33.1/missing automake-1.15'
AWK='mawk'
CC='/home/zhangzheng/toolchain/gcc-arm-10.3-2021.07-x86_64-arm-none-eabi/bin/arm-none-eabi-gcc'
CCDEPMODE='depmode=gcc3'
CFLAGS='-mcpu=cortex-m3 -O0 -g3 -mfloat-abi=soft  -mthumb  -DMKRTOS -std=gnu11 -ffunction-sections -fdata-sections -fno-builtin -u=_printf_float -nostartfiles -nodefaultlibs -nostdlib -nostdinc -fno-stack-protector -Wl,--gc-sections -D__ARM_ARCH_7M__ -include /home/zhangzheng/projects/mkrtos-real/build/autoconf.h      -fPIC -fPIE -n -pie -fpie -fpic -msingle-pic-base -mno-pic-data-is-text-relative      -I/home/zhangzheng/projects/mkrtos-real/build/libc/output/include -L/home/zhangzheng/toolchain/gcc-arm-10.3-2021.07-x86_64-arm-none-eabi/lib/gcc/arm-none-eabi/10.3.1/thumb/v7-m/nofp/ -DHAVE_STPCPY -DHAVE_MEMPCPY -DHAVE_PSIGNAL -Wl,-no-dynamic-linker -T /home/zhangzheng/projects/mkrtos-real/mkrtos_user/user/app/binutils-2.33.1/armv7_8m/link.lds -L/home/zhangzheng/projects/mkrtos-real/build/usr_lib -Wl,--start-group -static -lnewc -lstart -llibc_be -lmuslc -lgcc -lsys -lsys_svr -lsys_util -lutil -lnewc -Wl,--end-group '
CPP='/home/zhangzheng/toolchain/gcc-arm-10.3-2021.07-x86_64-arm-none-eabi/bin/arm-none-eabi-gcc -E'
CPPFLAGS=''
CYGPATH_W='echo'
DEFS='-DHAVE_CONFIG_H'
DEPDIR='.deps'
ECHO_C=''
ECHO_N='-n'
ECHO_T=''
EGREP='/usr/bin/grep -E'
EXEEXT=''
GREP='/usr/bin/grep'
INSTALL_DATA='${INSTALL} -m 644'
INSTALL_PROGRAM='${INSTALL}'
INSTALL_SCRIPT='${INSTALL}'
INSTALL_STRIP_PROGRAM='$(install_sh) -c -s'
LDFLAGS=''
LIBOBJS=''
LIBS='-Wl,--start-group -static -lnewc -lstart -llibc_be -lmuslc -lgcc -lsys -lsys_svr -lsys_util -lutil -lnewc -Wl,--end-group '
LTLIBOBJS=''
MAINT='#'
MAINTAINER_MODE_FALSE=''
MAINTAINER_MODE_TRUE='#'
MAKEINFO='${SHELL} /home/zhangzheng/projects/mkrtos-real/mkrtos_user/user/app/binutils-2.33.1/missing makeinfo'
MKDIR_P='/usr/bin/mkdir -p'
NEED_CTF_QSORT_R_FALSE=''
NEED_CTF_QSORT_R_TRUE='#'
OBJEXT='o'
PACKAGE='libctf-library'
PACKAGE_BUGREPORT=''
PACKAGE_NAME='libctf library'
PACKAGE_STRING='libctf library 1.2.0-pre'
PACKAGE_TARNAME='libctf-library'
PACKAGE_URL=''
PACKAGE_VERSION='1.2.0-pre'
PATH_SEPARATOR=':'
RANLIB='arm-none-eabi-ranlib'
SET_MAKE=''
SHELL='/bin/bash'
STRIP='arm-none-eabi-strip'
VERSION='1.2.0-pre'
WARN_PEDANTIC='-pedantic -Wno-long-long'
WERROR=''
ac_ct_AR=''
ac_ct_CC=''
ac_libctf_warn_cflags='-Wall'
am__EXEEXT_FALSE=''
am__EXEEXT_TRUE='#'
am__fastdepCC_FALSE='#'
am__fastdepCC_TRUE=''
am__include='include'
am__isrc=''
am__leading_dot='.'
am__nodep='_no'
am__quote=''
am__tar='$${TAR-tar} chof - "$$tardir"'
am__untar='$${TAR-tar} xf -'
bindir='${exec_prefix}/bin'
build_alias=''
c_warn='-Wstrict-prototypes -Wmissing-prototypes -Wold-style-definition'
datadir='${datarootdir}'
datarootdir='${prefix}/share'
docdir='${datarootdir}/doc/${PACKAGE_TARNAME}'
dvidir='${docdir}'
exec_prefix='${prefix}'
host_alias='arm-none-eabi'
htmldir='${docdir}'
includedir='${prefix}/include'
infodir='${datarootdir}/info'
install_sh='${SHELL} /home/zhangzheng/projects/mkrtos-real/mkrtos_user/user/app/binutils-2.33.1/install-sh'
libdir='${exec_prefix}/lib'
libexecdir='${exec_prefix}/libexec'
localedir='${datarootdir}/locale'
localstatedir='${prefix}/var'
mandir='${datarootdir}/man'
mkdir_p='$(MKDIR_P)'
oldincludedir='/usr/include'
pdfdir='${docdir}'
prefix='/usr/local'
program_transform_name='s,x,x,'
psdir='${docdir}'
sbindir='${exec_prefix}/sbin'
sharedstatedir='${prefix}/com'
sysconfdir='${prefix}/etc'
target_alias='arm-none-eabi'
warn='-W -Wall -Wno-narrowing -Wwrite-strings -Wmissing-format-attribute'
zlibdir='-L$(top_builddir)/../zlib'
zlibinc='-I$(top_srcdir)/../zlib'

## ----------- ##
## confdefs.h. ##
## ----------- ##

/* confdefs.h */
#define PACKAGE_NAME "libctf library"
#define PACKAGE_TARNAME "libctf-library"
#define PACKAGE_VERSION "1.2.0-pre"
#define PACKAGE_STRING "libctf library 1.2.0-pre"
#define PACKAGE_BUGREPORT ""
#define PACKAGE_URL ""
#define STDC_HEADERS 1
#define HAVE_SYS_TYPES_H 1
#define HAVE_SYS_STAT_H 1
#define HAVE_STDLIB_H 1
#define HAVE_STRING_H 1
#define HAVE_MEMORY_H 1
#define HAVE_STRINGS_H 1
#define HAVE_INTTYPES_H 1
#define HAVE_STDINT_H 1
#define HAVE_UNISTD_H 1
#define __EXTENSIONS__ 1
#define _ALL_SOURCE 1
#define _GNU_SOURCE 1
#define _POSIX_PTHREAD_SEMANTICS 1
#define _TANDEM_SOURCE 1
#define PACKAGE "libctf-library"
#define VERSION "1.2.0-pre"
#define HAVE_STDLIB_H 1
#define HAVE_UNISTD_H 1
#define HAVE_SYS_PARAM_H 1
#define HAVE_GETPAGESIZE 1
#define HAVE_BYTESWAP_H 1
#define HAVE_ENDIAN_H 1
#define HAVE_PREAD 1
#define HAVE_QSORT_R 1
#define HAVE_QSORT_R_ARG_LAST 1
#define HAVE_O_CLOEXEC 1

configure: exit 0
