This file contains any messages produced by compilers while
running configure, to aid debugging if configure makes a mistake.

It was created by zlib configure 1.1.4, which was
generated by GNU Autoconf 2.69.  Invocation command line was

  $ ./configure --target=arm-none-eabi --host=arm-none-eabi

## --------- ##
## Platform. ##
## --------- ##

hostname = liushiyi-X99
uname -m = x86_64
uname -r = 6.8.0-51-generic
uname -s = Linux
uname -v = #52-Ubuntu SMP PREEMPT_DYNAMIC Thu Dec  5 13:09:44 UTC 2024

/usr/bin/uname -p = x86_64
/bin/uname -X     = unknown

/bin/arch              = x86_64
/usr/bin/arch -k       = unknown
/usr/convex/getsysinfo = unknown
/usr/bin/hostinfo      = unknown
/bin/machine           = unknown
/usr/bin/oslevel       = unknown
/bin/universe          = unknown

PATH: /home/zhangzheng/.vscode-server/bin/74b1f979648cc44d385a2286793c226e611f59e7/bin/remote-cli
PATH: /usr/local/sbin
PATH: /usr/local/bin
PATH: /usr/sbin
PATH: /usr/bin
PATH: /sbin
PATH: /bin
PATH: /usr/games
PATH: /usr/local/games
PATH: /snap/bin
PATH: /home/zhangzheng/toolchain/gcc-arm-10.3-2021.07-x86_64-arm-none-eabi/bin
PATH: /home/zhangzheng/toolchain/gcc-arm-10.3-2021.07-x86_64-arm-none-eabi/bin/


## ----------- ##
## Core tests. ##
## ----------- ##

configure:2305: checking build system type
configure:2319: result: x86_64-pc-linux-gnu
configure:2339: checking host system type
configure:2352: result: arm-none-eabi
configure:2372: checking target system type
configure:2385: result: arm-none-eabi
configure:2433: checking for a BSD-compatible install
configure:2501: result: /usr/bin/install -c
configure:2512: checking whether build environment is sane
configure:2567: result: yes
configure:2626: checking for arm-none-eabi-strip
configure:2642: found /home/zhangzheng/toolchain/gcc-arm-10.3-2021.07-x86_64-arm-none-eabi/bin/arm-none-eabi-strip
configure:2653: result: arm-none-eabi-strip
configure:2718: checking for a thread-safe mkdir -p
configure:2757: result: /usr/bin/mkdir -p
configure:2764: checking for gawk
configure:2794: result: no
configure:2764: checking for mawk
configure:2780: found /usr/bin/mawk
configure:2791: result: mawk
configure:2802: checking whether make sets $(MAKE)
configure:2824: result: yes
configure:2853: checking whether make supports nested variables
configure:2870: result: yes
configure:2998: checking whether to enable maintainer-specific portions of Makefiles
configure:3007: result: no
configure:3078: checking for arm-none-eabi-gcc
configure:3105: result: /home/zhangzheng/toolchain/gcc-arm-10.3-2021.07-x86_64-arm-none-eabi/bin/arm-none-eabi-gcc
configure:3374: checking for C compiler version
configure:3383: /home/zhangzheng/toolchain/gcc-arm-10.3-2021.07-x86_64-arm-none-eabi/bin/arm-none-eabi-gcc --version >&5
arm-none-eabi-gcc (GNU Toolchain for the A-profile Architecture 10.3-2021.07 (arm-10.29)) 10.3.1 20210621
Copyright (C) 2020 Free Software Foundation, Inc.
This is free software; see the source for copying conditions.  There is NO
warranty; not even for MERCHANTABILITY or FITNESS FOR A PARTICULAR PURPOSE.

configure:3394: $? = 0
configure:3383: /home/zhangzheng/toolchain/gcc-arm-10.3-2021.07-x86_64-arm-none-eabi/bin/arm-none-eabi-gcc -v >&5
Using built-in specs.
COLLECT_GCC=/home/zhangzheng/toolchain/gcc-arm-10.3-2021.07-x86_64-arm-none-eabi/bin/arm-none-eabi-gcc
COLLECT_LTO_WRAPPER=/home/zhangzheng/toolchain/gcc-arm-10.3-2021.07-x86_64-arm-none-eabi/bin/../libexec/gcc/arm-none-eabi/10.3.1/lto-wrapper
Target: arm-none-eabi
Configured with: /data/jenkins/workspace/GNU-toolchain/arm-10/src/gcc/configure --target=arm-none-eabi --prefix=/data/jenkins/workspace/GNU-toolchain/arm-10/build-arm-none-eabi/install// --with-gmp=/data/jenkins/workspace/GNU-toolchain/arm-10/build-arm-none-eabi/host-tools --with-mpfr=/data/jenkins/workspace/GNU-toolchain/arm-10/build-arm-none-eabi/host-tools --with-mpc=/data/jenkins/workspace/GNU-toolchain/arm-10/build-arm-none-eabi/host-tools --with-isl=/data/jenkins/workspace/GNU-toolchain/arm-10/build-arm-none-eabi/host-tools --disable-shared --disable-nls --disable-threads --disable-tls --enable-checking=release --enable-languages=c,c++,fortran --with-newlib --with-multilib-list=aprofile,rmprofile --with-pkgversion='GNU Toolchain for the A-profile Architecture 10.3-2021.07 (arm-10.29)' --with-bugurl=https://bugs.linaro.org/
Thread model: single
Supported LTO compression algorithms: zlib
gcc version 10.3.1 20210621 (GNU Toolchain for the A-profile Architecture 10.3-2021.07 (arm-10.29)) 
configure:3394: $? = 0
configure:3383: /home/zhangzheng/toolchain/gcc-arm-10.3-2021.07-x86_64-arm-none-eabi/bin/arm-none-eabi-gcc -V >&5
arm-none-eabi-gcc: error: unrecognized command-line option '-V'
arm-none-eabi-gcc: fatal error: no input files
compilation terminated.
configure:3394: $? = 1
configure:3383: /home/zhangzheng/toolchain/gcc-arm-10.3-2021.07-x86_64-arm-none-eabi/bin/arm-none-eabi-gcc -qversion >&5
arm-none-eabi-gcc: error: unrecognized command-line option '-qversion'; did you mean '--version'?
arm-none-eabi-gcc: fatal error: no input files
compilation terminated.
configure:3394: $? = 1
configure:3410: /home/zhangzheng/toolchain/gcc-arm-10.3-2021.07-x86_64-arm-none-eabi/bin/arm-none-eabi-gcc -o conftest -mcpu=cortex-m3 -O0 -g3 -mfloat-abi=soft  -mthumb  -DMKRTOS -std=gnu11 -ffunction-sections -fdata-sections -fno-builtin -u=_printf_float -nostartfiles -nodefaultlibs -nostdlib -nostdinc -fno-stack-protector -Wl,--gc-sections -D__ARM_ARCH_7M__ -include /home/zhangzheng/projects/mkrtos-real/build/autoconf.h      -fPIC -fPIE -n -pie -fpie -fpic -msingle-pic-base -mno-pic-data-is-text-relative      -I/home/zhangzheng/projects/mkrtos-real/build/libc/output/include -L/home/zhangzheng/toolchain/gcc-arm-10.3-2021.07-x86_64-arm-none-eabi/lib/gcc/arm-none-eabi/10.3.1/thumb/v7-m/nofp/ -DHAVE_STPCPY -DHAVE_MEMPCPY -DHAVE_PSIGNAL -Wl,-no-dynamic-linker -T /home/zhangzheng/projects/mkrtos-real/mkrtos_user/user/app/binutils-2.33.1/armv7_8m/link.lds -L/home/zhangzheng/projects/mkrtos-real/build/usr_lib -Wl,--start-group -static -lnewc -lstart -llibc_be -lmuslc -lgcc -lsys -lsys_svr -lsys_util -lutil -lnewc -Wl,--end-group    conftest.c -Wl,--start-group -static -lnewc -lstart -llibc_be -lmuslc -lgcc -lsys -lsys_svr -lsys_util -lutil -lnewc -Wl,--end-group  >&5
configure:3413: $? = 0
configure:3442: checking whether the C compiler works
configure:3464: /home/zhangzheng/toolchain/gcc-arm-10.3-2021.07-x86_64-arm-none-eabi/bin/arm-none-eabi-gcc -mcpu=cortex-m3 -O0 -g3 -mfloat-abi=soft  -mthumb  -DMKRTOS -std=gnu11 -ffunction-sections -fdata-sections -fno-builtin -u=_printf_float -nostartfiles -nodefaultlibs -nostdlib -nostdinc -fno-stack-protector -Wl,--gc-sections -D__ARM_ARCH_7M__ -include /home/zhangzheng/projects/mkrtos-real/build/autoconf.h      -fPIC -fPIE -n -pie -fpie -fpic -msingle-pic-base -mno-pic-data-is-text-relative      -I/home/zhangzheng/projects/mkrtos-real/build/libc/output/include -L/home/zhangzheng/toolchain/gcc-arm-10.3-2021.07-x86_64-arm-none-eabi/lib/gcc/arm-none-eabi/10.3.1/thumb/v7-m/nofp/ -DHAVE_STPCPY -DHAVE_MEMPCPY -DHAVE_PSIGNAL -Wl,-no-dynamic-linker -T /home/zhangzheng/projects/mkrtos-real/mkrtos_user/user/app/binutils-2.33.1/armv7_8m/link.lds -L/home/zhangzheng/projects/mkrtos-real/build/usr_lib -Wl,--start-group -static -lnewc -lstart -llibc_be -lmuslc -lgcc -lsys -lsys_svr -lsys_util -lutil -lnewc -Wl,--end-group    conftest.c -Wl,--start-group -static -lnewc -lstart -llibc_be -lmuslc -lgcc -lsys -lsys_svr -lsys_util -lutil -lnewc -Wl,--end-group  >&5
configure:3468: $? = 0
configure:3516: result: yes
configure:3519: checking for C compiler default output file name
configure:3521: result: a.out
configure:3527: checking for suffix of executables
configure:3534: /home/zhangzheng/toolchain/gcc-arm-10.3-2021.07-x86_64-arm-none-eabi/bin/arm-none-eabi-gcc -o conftest -mcpu=cortex-m3 -O0 -g3 -mfloat-abi=soft  -mthumb  -DMKRTOS -std=gnu11 -ffunction-sections -fdata-sections -fno-builtin -u=_printf_float -nostartfiles -nodefaultlibs -nostdlib -nostdinc -fno-stack-protector -Wl,--gc-sections -D__ARM_ARCH_7M__ -include /home/zhangzheng/projects/mkrtos-real/build/autoconf.h      -fPIC -fPIE -n -pie -fpie -fpic -msingle-pic-base -mno-pic-data-is-text-relative      -I/home/zhangzheng/projects/mkrtos-real/build/libc/output/include -L/home/zhangzheng/toolchain/gcc-arm-10.3-2021.07-x86_64-arm-none-eabi/lib/gcc/arm-none-eabi/10.3.1/thumb/v7-m/nofp/ -DHAVE_STPCPY -DHAVE_MEMPCPY -DHAVE_PSIGNAL -Wl,-no-dynamic-linker -T /home/zhangzheng/projects/mkrtos-real/mkrtos_user/user/app/binutils-2.33.1/armv7_8m/link.lds -L/home/zhangzheng/projects/mkrtos-real/build/usr_lib -Wl,--start-group -static -lnewc -lstart -llibc_be -lmuslc -lgcc -lsys -lsys_svr -lsys_util -lutil -lnewc -Wl,--end-group    conftest.c -Wl,--start-group -static -lnewc -lstart -llibc_be -lmuslc -lgcc -lsys -lsys_svr -lsys_util -lutil -lnewc -Wl,--end-group  >&5
configure:3538: $? = 0
configure:3560: result: 
configure:3582: checking whether we are cross compiling
configure:3590: /home/zhangzheng/toolchain/gcc-arm-10.3-2021.07-x86_64-arm-none-eabi/bin/arm-none-eabi-gcc -o conftest -mcpu=cortex-m3 -O0 -g3 -mfloat-abi=soft  -mthumb  -DMKRTOS -std=gnu11 -ffunction-sections -fdata-sections -fno-builtin -u=_printf_float -nostartfiles -nodefaultlibs -nostdlib -nostdinc -fno-stack-protector -Wl,--gc-sections -D__ARM_ARCH_7M__ -include /home/zhangzheng/projects/mkrtos-real/build/autoconf.h      -fPIC -fPIE -n -pie -fpie -fpic -msingle-pic-base -mno-pic-data-is-text-relative      -I/home/zhangzheng/projects/mkrtos-real/build/libc/output/include -L/home/zhangzheng/toolchain/gcc-arm-10.3-2021.07-x86_64-arm-none-eabi/lib/gcc/arm-none-eabi/10.3.1/thumb/v7-m/nofp/ -DHAVE_STPCPY -DHAVE_MEMPCPY -DHAVE_PSIGNAL -Wl,-no-dynamic-linker -T /home/zhangzheng/projects/mkrtos-real/mkrtos_user/user/app/binutils-2.33.1/armv7_8m/link.lds -L/home/zhangzheng/projects/mkrtos-real/build/usr_lib -Wl,--start-group -static -lnewc -lstart -llibc_be -lmuslc -lgcc -lsys -lsys_svr -lsys_util -lutil -lnewc -Wl,--end-group    conftest.c -Wl,--start-group -static -lnewc -lstart -llibc_be -lmuslc -lgcc -lsys -lsys_svr -lsys_util -lutil -lnewc -Wl,--end-group  >&5
configure:3594: $? = 0
configure:3601: ./conftest
./configure: line 3603: ./conftest: cannot execute binary file: Exec format error
configure:3605: $? = 126
configure:3620: result: yes
configure:3626: checking for suffix of object files
configure:3648: /home/zhangzheng/toolchain/gcc-arm-10.3-2021.07-x86_64-arm-none-eabi/bin/arm-none-eabi-gcc -c -mcpu=cortex-m3 -O0 -g3 -mfloat-abi=soft  -mthumb  -DMKRTOS -std=gnu11 -ffunction-sections -fdata-sections -fno-builtin -u=_printf_float -nostartfiles -nodefaultlibs -nostdlib -nostdinc -fno-stack-protector -Wl,--gc-sections -D__ARM_ARCH_7M__ -include /home/zhangzheng/projects/mkrtos-real/build/autoconf.h      -fPIC -fPIE -n -pie -fpie -fpic -msingle-pic-base -mno-pic-data-is-text-relative      -I/home/zhangzheng/projects/mkrtos-real/build/libc/output/include -L/home/zhangzheng/toolchain/gcc-arm-10.3-2021.07-x86_64-arm-none-eabi/lib/gcc/arm-none-eabi/10.3.1/thumb/v7-m/nofp/ -DHAVE_STPCPY -DHAVE_MEMPCPY -DHAVE_PSIGNAL -Wl,-no-dynamic-linker -T /home/zhangzheng/projects/mkrtos-real/mkrtos_user/user/app/binutils-2.33.1/armv7_8m/link.lds -L/home/zhangzheng/projects/mkrtos-real/build/usr_lib -Wl,--start-group -static -lnewc -lstart -llibc_be -lmuslc -lgcc -lsys -lsys_svr -lsys_util -lutil -lnewc -Wl,--end-group   conftest.c >&5
configure:3652: $? = 0
configure:3673: result: o
configure:3677: checking whether we are using the GNU C compiler
configure:3696: /home/zhangzheng/toolchain/gcc-arm-10.3-2021.07-x86_64-arm-none-eabi/bin/arm-none-eabi-gcc -c -mcpu=cortex-m3 -O0 -g3 -mfloat-abi=soft  -mthumb  -DMKRTOS -std=gnu11 -ffunction-sections -fdata-sections -fno-builtin -u=_printf_float -nostartfiles -nodefaultlibs -nostdlib -nostdinc -fno-stack-protector -Wl,--gc-sections -D__ARM_ARCH_7M__ -include /home/zhangzheng/projects/mkrtos-real/build/autoconf.h      -fPIC -fPIE -n -pie -fpie -fpic -msingle-pic-base -mno-pic-data-is-text-relative      -I/home/zhangzheng/projects/mkrtos-real/build/libc/output/include -L/home/zhangzheng/toolchain/gcc-arm-10.3-2021.07-x86_64-arm-none-eabi/lib/gcc/arm-none-eabi/10.3.1/thumb/v7-m/nofp/ -DHAVE_STPCPY -DHAVE_MEMPCPY -DHAVE_PSIGNAL -Wl,-no-dynamic-linker -T /home/zhangzheng/projects/mkrtos-real/mkrtos_user/user/app/binutils-2.33.1/armv7_8m/link.lds -L/home/zhangzheng/projects/mkrtos-real/build/usr_lib -Wl,--start-group -static -lnewc -lstart -llibc_be -lmuslc -lgcc -lsys -lsys_svr -lsys_util -lutil -lnewc -Wl,--end-group   conftest.c >&5
configure:3696: $? = 0
configure:3705: result: yes
configure:3714: checking whether /home/zhangzheng/toolchain/gcc-arm-10.3-2021.07-x86_64-arm-none-eabi/bin/arm-none-eabi-gcc accepts -g
configure:3734: /home/zhangzheng/toolchain/gcc-arm-10.3-2021.07-x86_64-arm-none-eabi/bin/arm-none-eabi-gcc -c -g  conftest.c >&5
configure:3734: $? = 0
configure:3775: result: yes
configure:3792: checking for /home/zhangzheng/toolchain/gcc-arm-10.3-2021.07-x86_64-arm-none-eabi/bin/arm-none-eabi-gcc option to accept ISO C89
configure:3855: /home/zhangzheng/toolchain/gcc-arm-10.3-2021.07-x86_64-arm-none-eabi/bin/arm-none-eabi-gcc  -c -mcpu=cortex-m3 -O0 -g3 -mfloat-abi=soft  -mthumb  -DMKRTOS -std=gnu11 -ffunction-sections -fdata-sections -fno-builtin -u=_printf_float -nostartfiles -nodefaultlibs -nostdlib -nostdinc -fno-stack-protector -Wl,--gc-sections -D__ARM_ARCH_7M__ -include /home/zhangzheng/projects/mkrtos-real/build/autoconf.h      -fPIC -fPIE -n -pie -fpie -fpic -msingle-pic-base -mno-pic-data-is-text-relative      -I/home/zhangzheng/projects/mkrtos-real/build/libc/output/include -L/home/zhangzheng/toolchain/gcc-arm-10.3-2021.07-x86_64-arm-none-eabi/lib/gcc/arm-none-eabi/10.3.1/thumb/v7-m/nofp/ -DHAVE_STPCPY -DHAVE_MEMPCPY -DHAVE_PSIGNAL -Wl,-no-dynamic-linker -T /home/zhangzheng/projects/mkrtos-real/mkrtos_user/user/app/binutils-2.33.1/armv7_8m/link.lds -L/home/zhangzheng/projects/mkrtos-real/build/usr_lib -Wl,--start-group -static -lnewc -lstart -llibc_be -lmuslc -lgcc -lsys -lsys_svr -lsys_util -lutil -lnewc -Wl,--end-group   conftest.c >&5
configure:3855: $? = 0
configure:3868: result: none needed
configure:3893: checking whether /home/zhangzheng/toolchain/gcc-arm-10.3-2021.07-x86_64-arm-none-eabi/bin/arm-none-eabi-gcc understands -c and -o together
configure:3915: /home/zhangzheng/toolchain/gcc-arm-10.3-2021.07-x86_64-arm-none-eabi/bin/arm-none-eabi-gcc -c conftest.c -o conftest2.o
configure:3918: $? = 0
configure:3915: /home/zhangzheng/toolchain/gcc-arm-10.3-2021.07-x86_64-arm-none-eabi/bin/arm-none-eabi-gcc -c conftest.c -o conftest2.o
configure:3918: $? = 0
configure:3930: result: yes
configure:3958: checking for style of include used by make
configure:3986: result: GNU
configure:4012: checking dependency style of /home/zhangzheng/toolchain/gcc-arm-10.3-2021.07-x86_64-arm-none-eabi/bin/arm-none-eabi-gcc
configure:4123: result: gcc3
configure:4188: checking how to print strings
configure:4215: result: printf
configure:4236: checking for a sed that does not truncate output
configure:4300: result: /usr/bin/sed
configure:4318: checking for grep that handles long lines and -e
configure:4376: result: /usr/bin/grep
configure:4381: checking for egrep
configure:4443: result: /usr/bin/grep -E
configure:4448: checking for fgrep
configure:4510: result: /usr/bin/grep -F
configure:4545: checking for ld used by /home/zhangzheng/toolchain/gcc-arm-10.3-2021.07-x86_64-arm-none-eabi/bin/arm-none-eabi-gcc
configure:4612: result: /home/zhangzheng/toolchain/gcc-arm-10.3-2021.07-x86_64-arm-none-eabi/arm-none-eabi/bin/ld
configure:4619: checking if the linker (/home/zhangzheng/toolchain/gcc-arm-10.3-2021.07-x86_64-arm-none-eabi/arm-none-eabi/bin/ld) is GNU ld
configure:4634: result: yes
configure:4646: checking for BSD- or MS-compatible name lister (nm)
configure:4695: result: /home/zhangzheng/toolchain/gcc-arm-10.3-2021.07-x86_64-arm-none-eabi/bin/arm-none-eabi-nm -B
configure:4825: checking the name lister (/home/zhangzheng/toolchain/gcc-arm-10.3-2021.07-x86_64-arm-none-eabi/bin/arm-none-eabi-nm -B) interface
configure:4832: /home/zhangzheng/toolchain/gcc-arm-10.3-2021.07-x86_64-arm-none-eabi/bin/arm-none-eabi-gcc -c -mcpu=cortex-m3 -O0 -g3 -mfloat-abi=soft  -mthumb  -DMKRTOS -std=gnu11 -ffunction-sections -fdata-sections -fno-builtin -u=_printf_float -nostartfiles -nodefaultlibs -nostdlib -nostdinc -fno-stack-protector -Wl,--gc-sections -D__ARM_ARCH_7M__ -include /home/zhangzheng/projects/mkrtos-real/build/autoconf.h      -fPIC -fPIE -n -pie -fpie -fpic -msingle-pic-base -mno-pic-data-is-text-relative      -I/home/zhangzheng/projects/mkrtos-real/build/libc/output/include -L/home/zhangzheng/toolchain/gcc-arm-10.3-2021.07-x86_64-arm-none-eabi/lib/gcc/arm-none-eabi/10.3.1/thumb/v7-m/nofp/ -DHAVE_STPCPY -DHAVE_MEMPCPY -DHAVE_PSIGNAL -Wl,-no-dynamic-linker -T /home/zhangzheng/projects/mkrtos-real/mkrtos_user/user/app/binutils-2.33.1/armv7_8m/link.lds -L/home/zhangzheng/projects/mkrtos-real/build/usr_lib -Wl,--start-group -static -lnewc -lstart -llibc_be -lmuslc -lgcc -lsys -lsys_svr -lsys_util -lutil -lnewc -Wl,--end-group   conftest.c >&5
configure:4835: /home/zhangzheng/toolchain/gcc-arm-10.3-2021.07-x86_64-arm-none-eabi/bin/arm-none-eabi-nm -B "conftest.o"
configure:4838: output
00000000 B some_variable
00000000 n wm4.0.12179499bf98291d45891732e61c8593
00000000 n wm4.autoconf.h.1.ca62b5fa9b6b945f3a62777425c3c9ac
configure:4845: result: BSD nm
configure:4848: checking whether ln -s works
configure:4852: result: yes
configure:4860: checking the maximum length of command line arguments
configure:4985: result: 1572864
configure:5002: checking whether the shell understands some XSI constructs
configure:5012: result: yes
configure:5016: checking whether the shell understands "+="
configure:5022: result: yes
configure:5057: checking for /home/zhangzheng/toolchain/gcc-arm-10.3-2021.07-x86_64-arm-none-eabi/arm-none-eabi/bin/ld option to reload object files
configure:5064: result: -r
configure:5093: checking for arm-none-eabi-objdump
configure:5109: found /home/zhangzheng/toolchain/gcc-arm-10.3-2021.07-x86_64-arm-none-eabi/bin/arm-none-eabi-objdump
configure:5120: result: arm-none-eabi-objdump
configure:5192: checking how to recognize dependent libraries
configure:5393: result: unknown
configure:5413: checking for arm-none-eabi-ar
configure:5429: found /home/zhangzheng/toolchain/gcc-arm-10.3-2021.07-x86_64-arm-none-eabi/bin/arm-none-eabi-ar
configure:5440: result: arm-none-eabi-ar
configure:5518: checking for arm-none-eabi-strip
configure:5545: result: arm-none-eabi-strip
configure:5617: checking for arm-none-eabi-ranlib
configure:5633: found /home/zhangzheng/toolchain/gcc-arm-10.3-2021.07-x86_64-arm-none-eabi/bin/arm-none-eabi-ranlib
configure:5644: result: arm-none-eabi-ranlib
configure:5786: checking command to parse /home/zhangzheng/toolchain/gcc-arm-10.3-2021.07-x86_64-arm-none-eabi/bin/arm-none-eabi-nm -B output from /home/zhangzheng/toolchain/gcc-arm-10.3-2021.07-x86_64-arm-none-eabi/bin/arm-none-eabi-gcc object
configure:5904: /home/zhangzheng/toolchain/gcc-arm-10.3-2021.07-x86_64-arm-none-eabi/bin/arm-none-eabi-gcc -c -mcpu=cortex-m3 -O0 -g3 -mfloat-abi=soft  -mthumb  -DMKRTOS -std=gnu11 -ffunction-sections -fdata-sections -fno-builtin -u=_printf_float -nostartfiles -nodefaultlibs -nostdlib -nostdinc -fno-stack-protector -Wl,--gc-sections -D__ARM_ARCH_7M__ -include /home/zhangzheng/projects/mkrtos-real/build/autoconf.h      -fPIC -fPIE -n -pie -fpie -fpic -msingle-pic-base -mno-pic-data-is-text-relative      -I/home/zhangzheng/projects/mkrtos-real/build/libc/output/include -L/home/zhangzheng/toolchain/gcc-arm-10.3-2021.07-x86_64-arm-none-eabi/lib/gcc/arm-none-eabi/10.3.1/thumb/v7-m/nofp/ -DHAVE_STPCPY -DHAVE_MEMPCPY -DHAVE_PSIGNAL -Wl,-no-dynamic-linker -T /home/zhangzheng/projects/mkrtos-real/mkrtos_user/user/app/binutils-2.33.1/armv7_8m/link.lds -L/home/zhangzheng/projects/mkrtos-real/build/usr_lib -Wl,--start-group -static -lnewc -lstart -llibc_be -lmuslc -lgcc -lsys -lsys_svr -lsys_util -lutil -lnewc -Wl,--end-group   conftest.c >&5
configure:5907: $? = 0
configure:5911: /home/zhangzheng/toolchain/gcc-arm-10.3-2021.07-x86_64-arm-none-eabi/bin/arm-none-eabi-nm -B conftest.o \| sed -n -e 's/^.*[ ]\([ABCDGIRSTW][ABCDGIRSTW]*\)[ ][ ]*\([_A-Za-z][_A-Za-z0-9]*\)$/\1 \2 \2/p' \> conftest.nm
configure:5914: $? = 0
configure:5968: /home/zhangzheng/toolchain/gcc-arm-10.3-2021.07-x86_64-arm-none-eabi/bin/arm-none-eabi-gcc -o conftest -mcpu=cortex-m3 -O0 -g3 -mfloat-abi=soft  -mthumb  -DMKRTOS -std=gnu11 -ffunction-sections -fdata-sections -fno-builtin -u=_printf_float -nostartfiles -nodefaultlibs -nostdlib -nostdinc -fno-stack-protector -Wl,--gc-sections -D__ARM_ARCH_7M__ -include /home/zhangzheng/projects/mkrtos-real/build/autoconf.h      -fPIC -fPIE -n -pie -fpie -fpic -msingle-pic-base -mno-pic-data-is-text-relative      -I/home/zhangzheng/projects/mkrtos-real/build/libc/output/include -L/home/zhangzheng/toolchain/gcc-arm-10.3-2021.07-x86_64-arm-none-eabi/lib/gcc/arm-none-eabi/10.3.1/thumb/v7-m/nofp/ -DHAVE_STPCPY -DHAVE_MEMPCPY -DHAVE_PSIGNAL -Wl,-no-dynamic-linker -T /home/zhangzheng/projects/mkrtos-real/mkrtos_user/user/app/binutils-2.33.1/armv7_8m/link.lds -L/home/zhangzheng/projects/mkrtos-real/build/usr_lib -Wl,--start-group -static -lnewc -lstart -llibc_be -lmuslc -lgcc -lsys -lsys_svr -lsys_util -lutil -lnewc -Wl,--end-group    conftest.c conftstm.o >&5
configure:5971: $? = 0
configure:6009: result: ok
configure:6867: checking how to run the C preprocessor
configure:6898: /home/zhangzheng/toolchain/gcc-arm-10.3-2021.07-x86_64-arm-none-eabi/bin/arm-none-eabi-gcc -E  conftest.c
configure:6898: $? = 0
configure:6912: /home/zhangzheng/toolchain/gcc-arm-10.3-2021.07-x86_64-arm-none-eabi/bin/arm-none-eabi-gcc -E  conftest.c
conftest.c:11:10: fatal error: ac_nonexistent.h: No such file or directory
   11 | #include <ac_nonexistent.h>
      |          ^~~~~~~~~~~~~~~~~~
compilation terminated.
configure:6912: $? = 1
configure: failed program was:
| /* confdefs.h */
| #define PACKAGE_NAME "zlib"
| #define PACKAGE_TARNAME "zlib"
| #define PACKAGE_VERSION "1.1.4"
| #define PACKAGE_STRING "zlib 1.1.4"
| #define PACKAGE_BUGREPORT ""
| #define PACKAGE_URL ""
| #define PACKAGE "zlib"
| #define VERSION "1.1.4"
| /* end confdefs.h.  */
| #include <ac_nonexistent.h>
configure:6937: result: /home/zhangzheng/toolchain/gcc-arm-10.3-2021.07-x86_64-arm-none-eabi/bin/arm-none-eabi-gcc -E
configure:6957: /home/zhangzheng/toolchain/gcc-arm-10.3-2021.07-x86_64-arm-none-eabi/bin/arm-none-eabi-gcc -E  conftest.c
configure:6957: $? = 0
configure:6971: /home/zhangzheng/toolchain/gcc-arm-10.3-2021.07-x86_64-arm-none-eabi/bin/arm-none-eabi-gcc -E  conftest.c
conftest.c:11:10: fatal error: ac_nonexistent.h: No such file or directory
   11 | #include <ac_nonexistent.h>
      |          ^~~~~~~~~~~~~~~~~~
compilation terminated.
configure:6971: $? = 1
configure: failed program was:
| /* confdefs.h */
| #define PACKAGE_NAME "zlib"
| #define PACKAGE_TARNAME "zlib"
| #define PACKAGE_VERSION "1.1.4"
| #define PACKAGE_STRING "zlib 1.1.4"
| #define PACKAGE_BUGREPORT ""
| #define PACKAGE_URL ""
| #define PACKAGE "zlib"
| #define VERSION "1.1.4"
| /* end confdefs.h.  */
| #include <ac_nonexistent.h>
configure:7000: checking for ANSI C header files
configure:7020: /home/zhangzheng/toolchain/gcc-arm-10.3-2021.07-x86_64-arm-none-eabi/bin/arm-none-eabi-gcc -c -mcpu=cortex-m3 -O0 -g3 -mfloat-abi=soft  -mthumb  -DMKRTOS -std=gnu11 -ffunction-sections -fdata-sections -fno-builtin -u=_printf_float -nostartfiles -nodefaultlibs -nostdlib -nostdinc -fno-stack-protector -Wl,--gc-sections -D__ARM_ARCH_7M__ -include /home/zhangzheng/projects/mkrtos-real/build/autoconf.h      -fPIC -fPIE -n -pie -fpie -fpic -msingle-pic-base -mno-pic-data-is-text-relative      -I/home/zhangzheng/projects/mkrtos-real/build/libc/output/include -L/home/zhangzheng/toolchain/gcc-arm-10.3-2021.07-x86_64-arm-none-eabi/lib/gcc/arm-none-eabi/10.3.1/thumb/v7-m/nofp/ -DHAVE_STPCPY -DHAVE_MEMPCPY -DHAVE_PSIGNAL -Wl,-no-dynamic-linker -T /home/zhangzheng/projects/mkrtos-real/mkrtos_user/user/app/binutils-2.33.1/armv7_8m/link.lds -L/home/zhangzheng/projects/mkrtos-real/build/usr_lib -Wl,--start-group -static -lnewc -lstart -llibc_be -lmuslc -lgcc -lsys -lsys_svr -lsys_util -lutil -lnewc -Wl,--end-group   conftest.c >&5
configure:7020: $? = 0
configure:7104: result: yes
configure:7117: checking for sys/types.h
configure:7117: /home/zhangzheng/toolchain/gcc-arm-10.3-2021.07-x86_64-arm-none-eabi/bin/arm-none-eabi-gcc -c -mcpu=cortex-m3 -O0 -g3 -mfloat-abi=soft  -mthumb  -DMKRTOS -std=gnu11 -ffunction-sections -fdata-sections -fno-builtin -u=_printf_float -nostartfiles -nodefaultlibs -nostdlib -nostdinc -fno-stack-protector -Wl,--gc-sections -D__ARM_ARCH_7M__ -include /home/zhangzheng/projects/mkrtos-real/build/autoconf.h      -fPIC -fPIE -n -pie -fpie -fpic -msingle-pic-base -mno-pic-data-is-text-relative      -I/home/zhangzheng/projects/mkrtos-real/build/libc/output/include -L/home/zhangzheng/toolchain/gcc-arm-10.3-2021.07-x86_64-arm-none-eabi/lib/gcc/arm-none-eabi/10.3.1/thumb/v7-m/nofp/ -DHAVE_STPCPY -DHAVE_MEMPCPY -DHAVE_PSIGNAL -Wl,-no-dynamic-linker -T /home/zhangzheng/projects/mkrtos-real/mkrtos_user/user/app/binutils-2.33.1/armv7_8m/link.lds -L/home/zhangzheng/projects/mkrtos-real/build/usr_lib -Wl,--start-group -static -lnewc -lstart -llibc_be -lmuslc -lgcc -lsys -lsys_svr -lsys_util -lutil -lnewc -Wl,--end-group   conftest.c >&5
configure:7117: $? = 0
configure:7117: result: yes
configure:7117: checking for sys/stat.h
configure:7117: /home/zhangzheng/toolchain/gcc-arm-10.3-2021.07-x86_64-arm-none-eabi/bin/arm-none-eabi-gcc -c -mcpu=cortex-m3 -O0 -g3 -mfloat-abi=soft  -mthumb  -DMKRTOS -std=gnu11 -ffunction-sections -fdata-sections -fno-builtin -u=_printf_float -nostartfiles -nodefaultlibs -nostdlib -nostdinc -fno-stack-protector -Wl,--gc-sections -D__ARM_ARCH_7M__ -include /home/zhangzheng/projects/mkrtos-real/build/autoconf.h      -fPIC -fPIE -n -pie -fpie -fpic -msingle-pic-base -mno-pic-data-is-text-relative      -I/home/zhangzheng/projects/mkrtos-real/build/libc/output/include -L/home/zhangzheng/toolchain/gcc-arm-10.3-2021.07-x86_64-arm-none-eabi/lib/gcc/arm-none-eabi/10.3.1/thumb/v7-m/nofp/ -DHAVE_STPCPY -DHAVE_MEMPCPY -DHAVE_PSIGNAL -Wl,-no-dynamic-linker -T /home/zhangzheng/projects/mkrtos-real/mkrtos_user/user/app/binutils-2.33.1/armv7_8m/link.lds -L/home/zhangzheng/projects/mkrtos-real/build/usr_lib -Wl,--start-group -static -lnewc -lstart -llibc_be -lmuslc -lgcc -lsys -lsys_svr -lsys_util -lutil -lnewc -Wl,--end-group   conftest.c >&5
configure:7117: $? = 0
configure:7117: result: yes
configure:7117: checking for stdlib.h
configure:7117: /home/zhangzheng/toolchain/gcc-arm-10.3-2021.07-x86_64-arm-none-eabi/bin/arm-none-eabi-gcc -c -mcpu=cortex-m3 -O0 -g3 -mfloat-abi=soft  -mthumb  -DMKRTOS -std=gnu11 -ffunction-sections -fdata-sections -fno-builtin -u=_printf_float -nostartfiles -nodefaultlibs -nostdlib -nostdinc -fno-stack-protector -Wl,--gc-sections -D__ARM_ARCH_7M__ -include /home/zhangzheng/projects/mkrtos-real/build/autoconf.h      -fPIC -fPIE -n -pie -fpie -fpic -msingle-pic-base -mno-pic-data-is-text-relative      -I/home/zhangzheng/projects/mkrtos-real/build/libc/output/include -L/home/zhangzheng/toolchain/gcc-arm-10.3-2021.07-x86_64-arm-none-eabi/lib/gcc/arm-none-eabi/10.3.1/thumb/v7-m/nofp/ -DHAVE_STPCPY -DHAVE_MEMPCPY -DHAVE_PSIGNAL -Wl,-no-dynamic-linker -T /home/zhangzheng/projects/mkrtos-real/mkrtos_user/user/app/binutils-2.33.1/armv7_8m/link.lds -L/home/zhangzheng/projects/mkrtos-real/build/usr_lib -Wl,--start-group -static -lnewc -lstart -llibc_be -lmuslc -lgcc -lsys -lsys_svr -lsys_util -lutil -lnewc -Wl,--end-group   conftest.c >&5
configure:7117: $? = 0
configure:7117: result: yes
configure:7117: checking for string.h
configure:7117: /home/zhangzheng/toolchain/gcc-arm-10.3-2021.07-x86_64-arm-none-eabi/bin/arm-none-eabi-gcc -c -mcpu=cortex-m3 -O0 -g3 -mfloat-abi=soft  -mthumb  -DMKRTOS -std=gnu11 -ffunction-sections -fdata-sections -fno-builtin -u=_printf_float -nostartfiles -nodefaultlibs -nostdlib -nostdinc -fno-stack-protector -Wl,--gc-sections -D__ARM_ARCH_7M__ -include /home/zhangzheng/projects/mkrtos-real/build/autoconf.h      -fPIC -fPIE -n -pie -fpie -fpic -msingle-pic-base -mno-pic-data-is-text-relative      -I/home/zhangzheng/projects/mkrtos-real/build/libc/output/include -L/home/zhangzheng/toolchain/gcc-arm-10.3-2021.07-x86_64-arm-none-eabi/lib/gcc/arm-none-eabi/10.3.1/thumb/v7-m/nofp/ -DHAVE_STPCPY -DHAVE_MEMPCPY -DHAVE_PSIGNAL -Wl,-no-dynamic-linker -T /home/zhangzheng/projects/mkrtos-real/mkrtos_user/user/app/binutils-2.33.1/armv7_8m/link.lds -L/home/zhangzheng/projects/mkrtos-real/build/usr_lib -Wl,--start-group -static -lnewc -lstart -llibc_be -lmuslc -lgcc -lsys -lsys_svr -lsys_util -lutil -lnewc -Wl,--end-group   conftest.c >&5
configure:7117: $? = 0
configure:7117: result: yes
configure:7117: checking for memory.h
configure:7117: /home/zhangzheng/toolchain/gcc-arm-10.3-2021.07-x86_64-arm-none-eabi/bin/arm-none-eabi-gcc -c -mcpu=cortex-m3 -O0 -g3 -mfloat-abi=soft  -mthumb  -DMKRTOS -std=gnu11 -ffunction-sections -fdata-sections -fno-builtin -u=_printf_float -nostartfiles -nodefaultlibs -nostdlib -nostdinc -fno-stack-protector -Wl,--gc-sections -D__ARM_ARCH_7M__ -include /home/zhangzheng/projects/mkrtos-real/build/autoconf.h      -fPIC -fPIE -n -pie -fpie -fpic -msingle-pic-base -mno-pic-data-is-text-relative      -I/home/zhangzheng/projects/mkrtos-real/build/libc/output/include -L/home/zhangzheng/toolchain/gcc-arm-10.3-2021.07-x86_64-arm-none-eabi/lib/gcc/arm-none-eabi/10.3.1/thumb/v7-m/nofp/ -DHAVE_STPCPY -DHAVE_MEMPCPY -DHAVE_PSIGNAL -Wl,-no-dynamic-linker -T /home/zhangzheng/projects/mkrtos-real/mkrtos_user/user/app/binutils-2.33.1/armv7_8m/link.lds -L/home/zhangzheng/projects/mkrtos-real/build/usr_lib -Wl,--start-group -static -lnewc -lstart -llibc_be -lmuslc -lgcc -lsys -lsys_svr -lsys_util -lutil -lnewc -Wl,--end-group   conftest.c >&5
configure:7117: $? = 0
configure:7117: result: yes
configure:7117: checking for strings.h
configure:7117: /home/zhangzheng/toolchain/gcc-arm-10.3-2021.07-x86_64-arm-none-eabi/bin/arm-none-eabi-gcc -c -mcpu=cortex-m3 -O0 -g3 -mfloat-abi=soft  -mthumb  -DMKRTOS -std=gnu11 -ffunction-sections -fdata-sections -fno-builtin -u=_printf_float -nostartfiles -nodefaultlibs -nostdlib -nostdinc -fno-stack-protector -Wl,--gc-sections -D__ARM_ARCH_7M__ -include /home/zhangzheng/projects/mkrtos-real/build/autoconf.h      -fPIC -fPIE -n -pie -fpie -fpic -msingle-pic-base -mno-pic-data-is-text-relative      -I/home/zhangzheng/projects/mkrtos-real/build/libc/output/include -L/home/zhangzheng/toolchain/gcc-arm-10.3-2021.07-x86_64-arm-none-eabi/lib/gcc/arm-none-eabi/10.3.1/thumb/v7-m/nofp/ -DHAVE_STPCPY -DHAVE_MEMPCPY -DHAVE_PSIGNAL -Wl,-no-dynamic-linker -T /home/zhangzheng/projects/mkrtos-real/mkrtos_user/user/app/binutils-2.33.1/armv7_8m/link.lds -L/home/zhangzheng/projects/mkrtos-real/build/usr_lib -Wl,--start-group -static -lnewc -lstart -llibc_be -lmuslc -lgcc -lsys -lsys_svr -lsys_util -lutil -lnewc -Wl,--end-group   conftest.c >&5
configure:7117: $? = 0
configure:7117: result: yes
configure:7117: checking for inttypes.h
configure:7117: /home/zhangzheng/toolchain/gcc-arm-10.3-2021.07-x86_64-arm-none-eabi/bin/arm-none-eabi-gcc -c -mcpu=cortex-m3 -O0 -g3 -mfloat-abi=soft  -mthumb  -DMKRTOS -std=gnu11 -ffunction-sections -fdata-sections -fno-builtin -u=_printf_float -nostartfiles -nodefaultlibs -nostdlib -nostdinc -fno-stack-protector -Wl,--gc-sections -D__ARM_ARCH_7M__ -include /home/zhangzheng/projects/mkrtos-real/build/autoconf.h      -fPIC -fPIE -n -pie -fpie -fpic -msingle-pic-base -mno-pic-data-is-text-relative      -I/home/zhangzheng/projects/mkrtos-real/build/libc/output/include -L/home/zhangzheng/toolchain/gcc-arm-10.3-2021.07-x86_64-arm-none-eabi/lib/gcc/arm-none-eabi/10.3.1/thumb/v7-m/nofp/ -DHAVE_STPCPY -DHAVE_MEMPCPY -DHAVE_PSIGNAL -Wl,-no-dynamic-linker -T /home/zhangzheng/projects/mkrtos-real/mkrtos_user/user/app/binutils-2.33.1/armv7_8m/link.lds -L/home/zhangzheng/projects/mkrtos-real/build/usr_lib -Wl,--start-group -static -lnewc -lstart -llibc_be -lmuslc -lgcc -lsys -lsys_svr -lsys_util -lutil -lnewc -Wl,--end-group   conftest.c >&5
configure:7117: $? = 0
configure:7117: result: yes
configure:7117: checking for stdint.h
configure:7117: /home/zhangzheng/toolchain/gcc-arm-10.3-2021.07-x86_64-arm-none-eabi/bin/arm-none-eabi-gcc -c -mcpu=cortex-m3 -O0 -g3 -mfloat-abi=soft  -mthumb  -DMKRTOS -std=gnu11 -ffunction-sections -fdata-sections -fno-builtin -u=_printf_float -nostartfiles -nodefaultlibs -nostdlib -nostdinc -fno-stack-protector -Wl,--gc-sections -D__ARM_ARCH_7M__ -include /home/zhangzheng/projects/mkrtos-real/build/autoconf.h      -fPIC -fPIE -n -pie -fpie -fpic -msingle-pic-base -mno-pic-data-is-text-relative      -I/home/zhangzheng/projects/mkrtos-real/build/libc/output/include -L/home/zhangzheng/toolchain/gcc-arm-10.3-2021.07-x86_64-arm-none-eabi/lib/gcc/arm-none-eabi/10.3.1/thumb/v7-m/nofp/ -DHAVE_STPCPY -DHAVE_MEMPCPY -DHAVE_PSIGNAL -Wl,-no-dynamic-linker -T /home/zhangzheng/projects/mkrtos-real/mkrtos_user/user/app/binutils-2.33.1/armv7_8m/link.lds -L/home/zhangzheng/projects/mkrtos-real/build/usr_lib -Wl,--start-group -static -lnewc -lstart -llibc_be -lmuslc -lgcc -lsys -lsys_svr -lsys_util -lutil -lnewc -Wl,--end-group   conftest.c >&5
configure:7117: $? = 0
configure:7117: result: yes
configure:7117: checking for unistd.h
configure:7117: /home/zhangzheng/toolchain/gcc-arm-10.3-2021.07-x86_64-arm-none-eabi/bin/arm-none-eabi-gcc -c -mcpu=cortex-m3 -O0 -g3 -mfloat-abi=soft  -mthumb  -DMKRTOS -std=gnu11 -ffunction-sections -fdata-sections -fno-builtin -u=_printf_float -nostartfiles -nodefaultlibs -nostdlib -nostdinc -fno-stack-protector -Wl,--gc-sections -D__ARM_ARCH_7M__ -include /home/zhangzheng/projects/mkrtos-real/build/autoconf.h      -fPIC -fPIE -n -pie -fpie -fpic -msingle-pic-base -mno-pic-data-is-text-relative      -I/home/zhangzheng/projects/mkrtos-real/build/libc/output/include -L/home/zhangzheng/toolchain/gcc-arm-10.3-2021.07-x86_64-arm-none-eabi/lib/gcc/arm-none-eabi/10.3.1/thumb/v7-m/nofp/ -DHAVE_STPCPY -DHAVE_MEMPCPY -DHAVE_PSIGNAL -Wl,-no-dynamic-linker -T /home/zhangzheng/projects/mkrtos-real/mkrtos_user/user/app/binutils-2.33.1/armv7_8m/link.lds -L/home/zhangzheng/projects/mkrtos-real/build/usr_lib -Wl,--start-group -static -lnewc -lstart -llibc_be -lmuslc -lgcc -lsys -lsys_svr -lsys_util -lutil -lnewc -Wl,--end-group   conftest.c >&5
configure:7117: $? = 0
configure:7117: result: yes
configure:7131: checking for dlfcn.h
configure:7131: /home/zhangzheng/toolchain/gcc-arm-10.3-2021.07-x86_64-arm-none-eabi/bin/arm-none-eabi-gcc -c -mcpu=cortex-m3 -O0 -g3 -mfloat-abi=soft  -mthumb  -DMKRTOS -std=gnu11 -ffunction-sections -fdata-sections -fno-builtin -u=_printf_float -nostartfiles -nodefaultlibs -nostdlib -nostdinc -fno-stack-protector -Wl,--gc-sections -D__ARM_ARCH_7M__ -include /home/zhangzheng/projects/mkrtos-real/build/autoconf.h      -fPIC -fPIE -n -pie -fpie -fpic -msingle-pic-base -mno-pic-data-is-text-relative      -I/home/zhangzheng/projects/mkrtos-real/build/libc/output/include -L/home/zhangzheng/toolchain/gcc-arm-10.3-2021.07-x86_64-arm-none-eabi/lib/gcc/arm-none-eabi/10.3.1/thumb/v7-m/nofp/ -DHAVE_STPCPY -DHAVE_MEMPCPY -DHAVE_PSIGNAL -Wl,-no-dynamic-linker -T /home/zhangzheng/projects/mkrtos-real/mkrtos_user/user/app/binutils-2.33.1/armv7_8m/link.lds -L/home/zhangzheng/projects/mkrtos-real/build/usr_lib -Wl,--start-group -static -lnewc -lstart -llibc_be -lmuslc -lgcc -lsys -lsys_svr -lsys_util -lutil -lnewc -Wl,--end-group   conftest.c >&5
configure:7131: $? = 0
configure:7131: result: yes
configure:7318: checking for objdir
configure:7333: result: .libs
configure:7604: checking if /home/zhangzheng/toolchain/gcc-arm-10.3-2021.07-x86_64-arm-none-eabi/bin/arm-none-eabi-gcc supports -fno-rtti -fno-exceptions
configure:7622: /home/zhangzheng/toolchain/gcc-arm-10.3-2021.07-x86_64-arm-none-eabi/bin/arm-none-eabi-gcc -c -mcpu=cortex-m3 -O0 -g3 -mfloat-abi=soft  -mthumb  -DMKRTOS -std=gnu11 -ffunction-sections -fdata-sections -fno-builtin -u=_printf_float -nostartfiles -nodefaultlibs -nostdlib -nostdinc -fno-stack-protector -Wl,--gc-sections -D__ARM_ARCH_7M__ -include /home/zhangzheng/projects/mkrtos-real/build/autoconf.h      -fPIC -fPIE -n -pie -fpie -fpic -msingle-pic-base -mno-pic-data-is-text-relative      -I/home/zhangzheng/projects/mkrtos-real/build/libc/output/include -L/home/zhangzheng/toolchain/gcc-arm-10.3-2021.07-x86_64-arm-none-eabi/lib/gcc/arm-none-eabi/10.3.1/thumb/v7-m/nofp/ -DHAVE_STPCPY -DHAVE_MEMPCPY -DHAVE_PSIGNAL -Wl,-no-dynamic-linker -T /home/zhangzheng/projects/mkrtos-real/mkrtos_user/user/app/binutils-2.33.1/armv7_8m/link.lds -L/home/zhangzheng/projects/mkrtos-real/build/usr_lib -Wl,--start-group -static -lnewc -lstart -llibc_be -lmuslc -lgcc -lsys -lsys_svr -lsys_util -lutil -lnewc -Wl,--end-group   -fno-rtti -fno-exceptions conftest.c >&5
cc1: warning: command-line option '-fno-rtti' is valid for C++/D/ObjC++ but not for C
configure:7626: $? = 0
configure:7639: result: no
configure:7659: checking for /home/zhangzheng/toolchain/gcc-arm-10.3-2021.07-x86_64-arm-none-eabi/bin/arm-none-eabi-gcc option to produce PIC
configure:7945: result: -fPIC -DPIC
configure:7957: checking if /home/zhangzheng/toolchain/gcc-arm-10.3-2021.07-x86_64-arm-none-eabi/bin/arm-none-eabi-gcc PIC flag -fPIC -DPIC works
configure:7975: /home/zhangzheng/toolchain/gcc-arm-10.3-2021.07-x86_64-arm-none-eabi/bin/arm-none-eabi-gcc -c -mcpu=cortex-m3 -O0 -g3 -mfloat-abi=soft  -mthumb  -DMKRTOS -std=gnu11 -ffunction-sections -fdata-sections -fno-builtin -u=_printf_float -nostartfiles -nodefaultlibs -nostdlib -nostdinc -fno-stack-protector -Wl,--gc-sections -D__ARM_ARCH_7M__ -include /home/zhangzheng/projects/mkrtos-real/build/autoconf.h      -fPIC -fPIE -n -pie -fpie -fpic -msingle-pic-base -mno-pic-data-is-text-relative      -I/home/zhangzheng/projects/mkrtos-real/build/libc/output/include -L/home/zhangzheng/toolchain/gcc-arm-10.3-2021.07-x86_64-arm-none-eabi/lib/gcc/arm-none-eabi/10.3.1/thumb/v7-m/nofp/ -DHAVE_STPCPY -DHAVE_MEMPCPY -DHAVE_PSIGNAL -Wl,-no-dynamic-linker -T /home/zhangzheng/projects/mkrtos-real/mkrtos_user/user/app/binutils-2.33.1/armv7_8m/link.lds -L/home/zhangzheng/projects/mkrtos-real/build/usr_lib -Wl,--start-group -static -lnewc -lstart -llibc_be -lmuslc -lgcc -lsys -lsys_svr -lsys_util -lutil -lnewc -Wl,--end-group   -fPIC -DPIC -DPIC conftest.c >&5
configure:7979: $? = 0
configure:7992: result: yes
configure:8016: checking if /home/zhangzheng/toolchain/gcc-arm-10.3-2021.07-x86_64-arm-none-eabi/bin/arm-none-eabi-gcc static flag -static works
configure:8044: result: yes
configure:8059: checking if /home/zhangzheng/toolchain/gcc-arm-10.3-2021.07-x86_64-arm-none-eabi/bin/arm-none-eabi-gcc supports -c -o file.o
configure:8080: /home/zhangzheng/toolchain/gcc-arm-10.3-2021.07-x86_64-arm-none-eabi/bin/arm-none-eabi-gcc -c -mcpu=cortex-m3 -O0 -g3 -mfloat-abi=soft  -mthumb  -DMKRTOS -std=gnu11 -ffunction-sections -fdata-sections -fno-builtin -u=_printf_float -nostartfiles -nodefaultlibs -nostdlib -nostdinc -fno-stack-protector -Wl,--gc-sections -D__ARM_ARCH_7M__ -include /home/zhangzheng/projects/mkrtos-real/build/autoconf.h      -fPIC -fPIE -n -pie -fpie -fpic -msingle-pic-base -mno-pic-data-is-text-relative      -I/home/zhangzheng/projects/mkrtos-real/build/libc/output/include -L/home/zhangzheng/toolchain/gcc-arm-10.3-2021.07-x86_64-arm-none-eabi/lib/gcc/arm-none-eabi/10.3.1/thumb/v7-m/nofp/ -DHAVE_STPCPY -DHAVE_MEMPCPY -DHAVE_PSIGNAL -Wl,-no-dynamic-linker -T /home/zhangzheng/projects/mkrtos-real/mkrtos_user/user/app/binutils-2.33.1/armv7_8m/link.lds -L/home/zhangzheng/projects/mkrtos-real/build/usr_lib -Wl,--start-group -static -lnewc -lstart -llibc_be -lmuslc -lgcc -lsys -lsys_svr -lsys_util -lutil -lnewc -Wl,--end-group   -o out/conftest2.o conftest.c >&5
configure:8084: $? = 0
configure:8106: result: yes
configure:8114: checking if /home/zhangzheng/toolchain/gcc-arm-10.3-2021.07-x86_64-arm-none-eabi/bin/arm-none-eabi-gcc supports -c -o file.o
configure:8161: result: yes
configure:8194: checking whether the /home/zhangzheng/toolchain/gcc-arm-10.3-2021.07-x86_64-arm-none-eabi/bin/arm-none-eabi-gcc linker (/home/zhangzheng/toolchain/gcc-arm-10.3-2021.07-x86_64-arm-none-eabi/arm-none-eabi/bin/ld) supports shared libraries
configure:9274: result: yes
configure:9311: checking whether -lc should be explicitly linked in
configure:9319: /home/zhangzheng/toolchain/gcc-arm-10.3-2021.07-x86_64-arm-none-eabi/bin/arm-none-eabi-gcc -c -mcpu=cortex-m3 -O0 -g3 -mfloat-abi=soft  -mthumb  -DMKRTOS -std=gnu11 -ffunction-sections -fdata-sections -fno-builtin -u=_printf_float -nostartfiles -nodefaultlibs -nostdlib -nostdinc -fno-stack-protector -Wl,--gc-sections -D__ARM_ARCH_7M__ -include /home/zhangzheng/projects/mkrtos-real/build/autoconf.h      -fPIC -fPIE -n -pie -fpie -fpic -msingle-pic-base -mno-pic-data-is-text-relative      -I/home/zhangzheng/projects/mkrtos-real/build/libc/output/include -L/home/zhangzheng/toolchain/gcc-arm-10.3-2021.07-x86_64-arm-none-eabi/lib/gcc/arm-none-eabi/10.3.1/thumb/v7-m/nofp/ -DHAVE_STPCPY -DHAVE_MEMPCPY -DHAVE_PSIGNAL -Wl,-no-dynamic-linker -T /home/zhangzheng/projects/mkrtos-real/mkrtos_user/user/app/binutils-2.33.1/armv7_8m/link.lds -L/home/zhangzheng/projects/mkrtos-real/build/usr_lib -Wl,--start-group -static -lnewc -lstart -llibc_be -lmuslc -lgcc -lsys -lsys_svr -lsys_util -lutil -lnewc -Wl,--end-group   conftest.c >&5
configure:9322: $? = 0
configure:9337: /home/zhangzheng/toolchain/gcc-arm-10.3-2021.07-x86_64-arm-none-eabi/bin/arm-none-eabi-gcc -shared conftest.o  -v -Wl,-soname -Wl,conftest -o conftest 2\>\&1 \| /usr/bin/grep  -lc  \>/dev/null 2\>\&1
configure:9340: $? = 1
configure:9354: result: yes
configure:9519: checking dynamic linker characteristics
configure:10195: result: no
configure:10302: checking how to hardcode library paths into programs
configure:10327: result: immediate
configure:10882: checking whether stripping libraries is possible
configure:10887: result: yes
configure:10922: checking if libtool supports shared libraries
configure:10924: result: no
configure:10927: checking whether to build shared libraries
configure:10948: result: no
configure:10951: checking whether to build static libraries
configure:10955: result: yes
configure:10998: checking how to run the C preprocessor
configure:11068: result: /home/zhangzheng/toolchain/gcc-arm-10.3-2021.07-x86_64-arm-none-eabi/bin/arm-none-eabi-gcc -E
configure:11088: /home/zhangzheng/toolchain/gcc-arm-10.3-2021.07-x86_64-arm-none-eabi/bin/arm-none-eabi-gcc -E  conftest.c
configure:11088: $? = 0
configure:11102: /home/zhangzheng/toolchain/gcc-arm-10.3-2021.07-x86_64-arm-none-eabi/bin/arm-none-eabi-gcc -E  conftest.c
conftest.c:23:10: fatal error: ac_nonexistent.h: No such file or directory
   23 | #include <ac_nonexistent.h>
      |          ^~~~~~~~~~~~~~~~~~
compilation terminated.
configure:11102: $? = 1
configure: failed program was:
| /* confdefs.h */
| #define PACKAGE_NAME "zlib"
| #define PACKAGE_TARNAME "zlib"
| #define PACKAGE_VERSION "1.1.4"
| #define PACKAGE_STRING "zlib 1.1.4"
| #define PACKAGE_BUGREPORT ""
| #define PACKAGE_URL ""
| #define PACKAGE "zlib"
| #define VERSION "1.1.4"
| #define STDC_HEADERS 1
| #define HAVE_SYS_TYPES_H 1
| #define HAVE_SYS_STAT_H 1
| #define HAVE_STDLIB_H 1
| #define HAVE_STRING_H 1
| #define HAVE_MEMORY_H 1
| #define HAVE_STRINGS_H 1
| #define HAVE_INTTYPES_H 1
| #define HAVE_STDINT_H 1
| #define HAVE_UNISTD_H 1
| #define HAVE_DLFCN_H 1
| #define LT_OBJDIR ".libs/"
| /* end confdefs.h.  */
| #include <ac_nonexistent.h>
configure:11158: checking for stdlib.h
configure:11158: result: yes
configure:11158: checking for unistd.h
configure:11158: result: yes
configure:11158: checking for sys/param.h
configure:11158: /home/zhangzheng/toolchain/gcc-arm-10.3-2021.07-x86_64-arm-none-eabi/bin/arm-none-eabi-gcc -c -mcpu=cortex-m3 -O0 -g3 -mfloat-abi=soft  -mthumb  -DMKRTOS -std=gnu11 -ffunction-sections -fdata-sections -fno-builtin -u=_printf_float -nostartfiles -nodefaultlibs -nostdlib -nostdinc -fno-stack-protector -Wl,--gc-sections -D__ARM_ARCH_7M__ -include /home/zhangzheng/projects/mkrtos-real/build/autoconf.h      -fPIC -fPIE -n -pie -fpie -fpic -msingle-pic-base -mno-pic-data-is-text-relative      -I/home/zhangzheng/projects/mkrtos-real/build/libc/output/include -L/home/zhangzheng/toolchain/gcc-arm-10.3-2021.07-x86_64-arm-none-eabi/lib/gcc/arm-none-eabi/10.3.1/thumb/v7-m/nofp/ -DHAVE_STPCPY -DHAVE_MEMPCPY -DHAVE_PSIGNAL -Wl,-no-dynamic-linker -T /home/zhangzheng/projects/mkrtos-real/mkrtos_user/user/app/binutils-2.33.1/armv7_8m/link.lds -L/home/zhangzheng/projects/mkrtos-real/build/usr_lib -Wl,--start-group -static -lnewc -lstart -llibc_be -lmuslc -lgcc -lsys -lsys_svr -lsys_util -lutil -lnewc -Wl,--end-group   conftest.c >&5
configure:11158: $? = 0
configure:11158: result: yes
configure:11178: checking for getpagesize
configure:11178: /home/zhangzheng/toolchain/gcc-arm-10.3-2021.07-x86_64-arm-none-eabi/bin/arm-none-eabi-gcc -o conftest -mcpu=cortex-m3 -O0 -g3 -mfloat-abi=soft  -mthumb  -DMKRTOS -std=gnu11 -ffunction-sections -fdata-sections -fno-builtin -u=_printf_float -nostartfiles -nodefaultlibs -nostdlib -nostdinc -fno-stack-protector -Wl,--gc-sections -D__ARM_ARCH_7M__ -include /home/zhangzheng/projects/mkrtos-real/build/autoconf.h      -fPIC -fPIE -n -pie -fpie -fpic -msingle-pic-base -mno-pic-data-is-text-relative      -I/home/zhangzheng/projects/mkrtos-real/build/libc/output/include -L/home/zhangzheng/toolchain/gcc-arm-10.3-2021.07-x86_64-arm-none-eabi/lib/gcc/arm-none-eabi/10.3.1/thumb/v7-m/nofp/ -DHAVE_STPCPY -DHAVE_MEMPCPY -DHAVE_PSIGNAL -Wl,-no-dynamic-linker -T /home/zhangzheng/projects/mkrtos-real/mkrtos_user/user/app/binutils-2.33.1/armv7_8m/link.lds -L/home/zhangzheng/projects/mkrtos-real/build/usr_lib -Wl,--start-group -static -lnewc -lstart -llibc_be -lmuslc -lgcc -lsys -lsys_svr -lsys_util -lutil -lnewc -Wl,--end-group    conftest.c -Wl,--start-group -static -lnewc -lstart -llibc_be -lmuslc -lgcc -lsys -lsys_svr -lsys_util -lutil -lnewc -Wl,--end-group  >&5
configure:11178: $? = 0
configure:11178: result: yes
configure:11187: checking for working mmap
configure:11344: result: no
configure:11357: checking for memcpy
configure:11357: /home/zhangzheng/toolchain/gcc-arm-10.3-2021.07-x86_64-arm-none-eabi/bin/arm-none-eabi-gcc -o conftest -mcpu=cortex-m3 -O0 -g3 -mfloat-abi=soft  -mthumb  -DMKRTOS -std=gnu11 -ffunction-sections -fdata-sections -fno-builtin -u=_printf_float -nostartfiles -nodefaultlibs -nostdlib -nostdinc -fno-stack-protector -Wl,--gc-sections -D__ARM_ARCH_7M__ -include /home/zhangzheng/projects/mkrtos-real/build/autoconf.h      -fPIC -fPIE -n -pie -fpie -fpic -msingle-pic-base -mno-pic-data-is-text-relative      -I/home/zhangzheng/projects/mkrtos-real/build/libc/output/include -L/home/zhangzheng/toolchain/gcc-arm-10.3-2021.07-x86_64-arm-none-eabi/lib/gcc/arm-none-eabi/10.3.1/thumb/v7-m/nofp/ -DHAVE_STPCPY -DHAVE_MEMPCPY -DHAVE_PSIGNAL -Wl,-no-dynamic-linker -T /home/zhangzheng/projects/mkrtos-real/mkrtos_user/user/app/binutils-2.33.1/armv7_8m/link.lds -L/home/zhangzheng/projects/mkrtos-real/build/usr_lib -Wl,--start-group -static -lnewc -lstart -llibc_be -lmuslc -lgcc -lsys -lsys_svr -lsys_util -lutil -lnewc -Wl,--end-group    conftest.c -Wl,--start-group -static -lnewc -lstart -llibc_be -lmuslc -lgcc -lsys -lsys_svr -lsys_util -lutil -lnewc -Wl,--end-group  >&5
configure:11357: $? = 0
configure:11357: result: yes
configure:11357: checking for strerror
configure:11357: /home/zhangzheng/toolchain/gcc-arm-10.3-2021.07-x86_64-arm-none-eabi/bin/arm-none-eabi-gcc -o conftest -mcpu=cortex-m3 -O0 -g3 -mfloat-abi=soft  -mthumb  -DMKRTOS -std=gnu11 -ffunction-sections -fdata-sections -fno-builtin -u=_printf_float -nostartfiles -nodefaultlibs -nostdlib -nostdinc -fno-stack-protector -Wl,--gc-sections -D__ARM_ARCH_7M__ -include /home/zhangzheng/projects/mkrtos-real/build/autoconf.h      -fPIC -fPIE -n -pie -fpie -fpic -msingle-pic-base -mno-pic-data-is-text-relative      -I/home/zhangzheng/projects/mkrtos-real/build/libc/output/include -L/home/zhangzheng/toolchain/gcc-arm-10.3-2021.07-x86_64-arm-none-eabi/lib/gcc/arm-none-eabi/10.3.1/thumb/v7-m/nofp/ -DHAVE_STPCPY -DHAVE_MEMPCPY -DHAVE_PSIGNAL -Wl,-no-dynamic-linker -T /home/zhangzheng/projects/mkrtos-real/mkrtos_user/user/app/binutils-2.33.1/armv7_8m/link.lds -L/home/zhangzheng/projects/mkrtos-real/build/usr_lib -Wl,--start-group -static -lnewc -lstart -llibc_be -lmuslc -lgcc -lsys -lsys_svr -lsys_util -lutil -lnewc -Wl,--end-group    conftest.c -Wl,--start-group -static -lnewc -lstart -llibc_be -lmuslc -lgcc -lsys -lsys_svr -lsys_util -lutil -lnewc -Wl,--end-group  >&5
configure:11357: $? = 0
configure:11357: result: yes
configure:11422: checking for unistd.h
configure:11422: result: yes
configure:11616: checking that generated files are newer than configure
configure:11622: result: done
configure:11653: creating ./config.status

## ---------------------- ##
## Running config.status. ##
## ---------------------- ##

This file was extended by zlib config.status 1.1.4, which was
generated by GNU Autoconf 2.69.  Invocation command line was

  CONFIG_FILES    = 
  CONFIG_HEADERS  = 
  CONFIG_LINKS    = 
  CONFIG_COMMANDS = 
  $ ./config.status 

on liushiyi-X99

config.status:1024: creating Makefile
config.status:1196: executing depfiles commands
config.status:1196: executing libtool commands

## ---------------- ##
## Cache variables. ##
## ---------------- ##

ac_cv_build=x86_64-pc-linux-gnu
ac_cv_c_compiler_gnu=yes
ac_cv_env_CPPFLAGS_set=
ac_cv_env_CPPFLAGS_value=
ac_cv_env_CPP_set=
ac_cv_env_CPP_value=
ac_cv_env_build_alias_set=
ac_cv_env_build_alias_value=
ac_cv_env_host_alias_set=set
ac_cv_env_host_alias_value=arm-none-eabi
ac_cv_env_target_alias_set=set
ac_cv_env_target_alias_value=arm-none-eabi
ac_cv_func_getpagesize=yes
ac_cv_func_memcpy=yes
ac_cv_func_mmap_fixed_mapped=no
ac_cv_func_strerror=yes
ac_cv_header_dlfcn_h=yes
ac_cv_header_inttypes_h=yes
ac_cv_header_memory_h=yes
ac_cv_header_stdc=yes
ac_cv_header_stdint_h=yes
ac_cv_header_stdlib_h=yes
ac_cv_header_string_h=yes
ac_cv_header_strings_h=yes
ac_cv_header_sys_param_h=yes
ac_cv_header_sys_stat_h=yes
ac_cv_header_sys_types_h=yes
ac_cv_header_unistd_h=yes
ac_cv_host=arm-none-eabi
ac_cv_objext=o
ac_cv_path_EGREP='/usr/bin/grep -E'
ac_cv_path_FGREP='/usr/bin/grep -F'
ac_cv_path_GREP=/usr/bin/grep
ac_cv_path_SED=/usr/bin/sed
ac_cv_path_install='/usr/bin/install -c'
ac_cv_path_mkdir=/usr/bin/mkdir
ac_cv_prog_AR=arm-none-eabi-ar
ac_cv_prog_AWK=mawk
ac_cv_prog_CC=/home/zhangzheng/toolchain/gcc-arm-10.3-2021.07-x86_64-arm-none-eabi/bin/arm-none-eabi-gcc
ac_cv_prog_CPP='/home/zhangzheng/toolchain/gcc-arm-10.3-2021.07-x86_64-arm-none-eabi/bin/arm-none-eabi-gcc -E'
ac_cv_prog_OBJDUMP=arm-none-eabi-objdump
ac_cv_prog_RANLIB=arm-none-eabi-ranlib
ac_cv_prog_STRIP=arm-none-eabi-strip
ac_cv_prog_cc_c89=
ac_cv_prog_cc_g=yes
ac_cv_prog_make_make_set=yes
ac_cv_target=arm-none-eabi
am_cv_CC_dependencies_compiler_type=gcc3
am_cv_make_support_nested_variables=yes
am_cv_prog_cc_c_o=yes
lt_cv_archive_cmds_need_lc=yes
lt_cv_deplibs_check_method=unknown
lt_cv_file_magic_cmd='$MAGIC_CMD'
lt_cv_file_magic_test_file=
lt_cv_ld_reload_flag=-r
lt_cv_nm_interface='BSD nm'
lt_cv_objdir=.libs
lt_cv_path_LD=/home/zhangzheng/toolchain/gcc-arm-10.3-2021.07-x86_64-arm-none-eabi/arm-none-eabi/bin/ld
lt_cv_path_NM='/home/zhangzheng/toolchain/gcc-arm-10.3-2021.07-x86_64-arm-none-eabi/bin/arm-none-eabi-nm -B'
lt_cv_prog_compiler_c_o=yes
lt_cv_prog_compiler_pic_works=yes
lt_cv_prog_compiler_rtti_exceptions=no
lt_cv_prog_compiler_static_works=yes
lt_cv_prog_gnu_ld=yes
lt_cv_sys_global_symbol_pipe='sed -n -e '\''s/^.*[	 ]\([ABCDGIRSTW][ABCDGIRSTW]*\)[	 ][	 ]*\([_A-Za-z][_A-Za-z0-9]*\)$/\1 \2 \2/p'\'''
lt_cv_sys_global_symbol_to_c_name_address='sed -n -e '\''s/^: \([^ ]*\) $/  {\"\1\", (void *) 0},/p'\'' -e '\''s/^[ABCDGIRSTW]* \([^ ]*\) \([^ ]*\)$/  {"\2", (void *) \&\2},/p'\'''
lt_cv_sys_global_symbol_to_c_name_address_lib_prefix='sed -n -e '\''s/^: \([^ ]*\) $/  {\"\1\", (void *) 0},/p'\'' -e '\''s/^[ABCDGIRSTW]* \([^ ]*\) \(lib[^ ]*\)$/  {"\2", (void *) \&\2},/p'\'' -e '\''s/^[ABCDGIRSTW]* \([^ ]*\) \([^ ]*\)$/  {"lib\2", (void *) \&\2},/p'\'''
lt_cv_sys_global_symbol_to_cdecl='sed -n -e '\''s/^T .* \(.*\)$/extern int \1();/p'\'' -e '\''s/^[ABCDGIRSTW]* .* \(.*\)$/extern char \1;/p'\'''
lt_cv_sys_max_cmd_len=1572864

## ----------------- ##
## Output variables. ##
## ----------------- ##

ACLOCAL='${SHELL} /home/zhangzheng/projects/mkrtos-real/mkrtos_user/user/app/binutils-2.33.1/missing aclocal-1.15'
AMDEPBACKSLASH='\'
AMDEP_FALSE='#'
AMDEP_TRUE=''
AMTAR='$${TAR-tar}'
AM_BACKSLASH='\'
AM_DEFAULT_V='$(AM_DEFAULT_VERBOSITY)'
AM_DEFAULT_VERBOSITY='1'
AM_V='$(V)'
AR='arm-none-eabi-ar'
AUTOCONF='${SHELL} /home/zhangzheng/projects/mkrtos-real/mkrtos_user/user/app/binutils-2.33.1/missing autoconf'
AUTOHEADER='${SHELL} /home/zhangzheng/projects/mkrtos-real/mkrtos_user/user/app/binutils-2.33.1/missing autoheader'
AUTOMAKE='${SHELL} /home/zhangzheng/projects/mkrtos-real/mkrtos_user/user/app/binutils-2.33.1/missing automake-1.15'
AWK='mawk'
CC='/home/zhangzheng/toolchain/gcc-arm-10.3-2021.07-x86_64-arm-none-eabi/bin/arm-none-eabi-gcc'
CCDEPMODE='depmode=gcc3'
CFLAGS='-mcpu=cortex-m3 -O0 -g3 -mfloat-abi=soft  -mthumb  -DMKRTOS -std=gnu11 -ffunction-sections -fdata-sections -fno-builtin -u=_printf_float -nostartfiles -nodefaultlibs -nostdlib -nostdinc -fno-stack-protector -Wl,--gc-sections -D__ARM_ARCH_7M__ -include /home/zhangzheng/projects/mkrtos-real/build/autoconf.h      -fPIC -fPIE -n -pie -fpie -fpic -msingle-pic-base -mno-pic-data-is-text-relative      -I/home/zhangzheng/projects/mkrtos-real/build/libc/output/include -L/home/zhangzheng/toolchain/gcc-arm-10.3-2021.07-x86_64-arm-none-eabi/lib/gcc/arm-none-eabi/10.3.1/thumb/v7-m/nofp/ -DHAVE_STPCPY -DHAVE_MEMPCPY -DHAVE_PSIGNAL -Wl,-no-dynamic-linker -T /home/zhangzheng/projects/mkrtos-real/mkrtos_user/user/app/binutils-2.33.1/armv7_8m/link.lds -L/home/zhangzheng/projects/mkrtos-real/build/usr_lib -Wl,--start-group -static -lnewc -lstart -llibc_be -lmuslc -lgcc -lsys -lsys_svr -lsys_util -lutil -lnewc -Wl,--end-group '
COMPPATH='.'
CPP='/home/zhangzheng/toolchain/gcc-arm-10.3-2021.07-x86_64-arm-none-eabi/bin/arm-none-eabi-gcc -E'
CPPFLAGS=''
CYGPATH_W='echo'
DEFS='-DPACKAGE_NAME=\"zlib\" -DPACKAGE_TARNAME=\"zlib\" -DPACKAGE_VERSION=\"1.1.4\" -DPACKAGE_STRING=\"zlib\ 1.1.4\" -DPACKAGE_BUGREPORT=\"\" -DPACKAGE_URL=\"\" -DPACKAGE=\"zlib\" -DVERSION=\"1.1.4\" -DSTDC_HEADERS=1 -DHAVE_SYS_TYPES_H=1 -DHAVE_SYS_STAT_H=1 -DHAVE_STDLIB_H=1 -DHAVE_STRING_H=1 -DHAVE_MEMORY_H=1 -DHAVE_STRINGS_H=1 -DHAVE_INTTYPES_H=1 -DHAVE_STDINT_H=1 -DHAVE_UNISTD_H=1 -DHAVE_DLFCN_H=1 -DLT_OBJDIR=\".libs/\" -DHAVE_STDLIB_H=1 -DHAVE_UNISTD_H=1 -DHAVE_SYS_PARAM_H=1 -DHAVE_GETPAGESIZE=1 -DHAVE_MEMCPY=1 -DHAVE_STRERROR=1 -DHAVE_UNISTD_H=1'
DEPDIR='.deps'
DSYMUTIL=''
DUMPBIN=''
ECHO_C=''
ECHO_N='-n'
ECHO_T=''
EGREP='/usr/bin/grep -E'
EXEEXT=''
FGREP='/usr/bin/grep -F'
GREP='/usr/bin/grep'
INSTALL_DATA='${INSTALL} -m 644'
INSTALL_PROGRAM='${INSTALL}'
INSTALL_SCRIPT='${INSTALL}'
INSTALL_STRIP_PROGRAM='$(install_sh) -c -s'
LD='/home/zhangzheng/toolchain/gcc-arm-10.3-2021.07-x86_64-arm-none-eabi/arm-none-eabi/bin/ld'
LDFLAGS=''
LIBOBJS=''
LIBS='-Wl,--start-group -static -lnewc -lstart -llibc_be -lmuslc -lgcc -lsys -lsys_svr -lsys_util -lutil -lnewc -Wl,--end-group '
LIBTOOL='$(SHELL) $(top_builddir)/libtool'
LIPO=''
LN_S='ln -s'
LTLIBOBJS=''
MAINT='#'
MAINTAINER_MODE_FALSE=''
MAINTAINER_MODE_TRUE='#'
MAKEINFO='${SHELL} /home/zhangzheng/projects/mkrtos-real/mkrtos_user/user/app/binutils-2.33.1/missing makeinfo'
MKDIR_P='/usr/bin/mkdir -p'
NM='/home/zhangzheng/toolchain/gcc-arm-10.3-2021.07-x86_64-arm-none-eabi/bin/arm-none-eabi-nm -B'
NMEDIT=''
OBJDUMP='arm-none-eabi-objdump'
OBJEXT='o'
OTOOL64=''
OTOOL=''
PACKAGE='zlib'
PACKAGE_BUGREPORT=''
PACKAGE_NAME='zlib'
PACKAGE_STRING='zlib 1.1.4'
PACKAGE_TARNAME='zlib'
PACKAGE_URL=''
PACKAGE_VERSION='1.1.4'
PATH_SEPARATOR=':'
PICFLAG=''
RANLIB='arm-none-eabi-ranlib'
SED='/usr/bin/sed'
SET_MAKE=''
SHELL='/bin/bash'
STRIP='arm-none-eabi-strip'
TARGET_LIBRARY_FALSE=''
TARGET_LIBRARY_TRUE='#'
VERSION='1.1.4'
ac_ct_CC=''
ac_ct_DUMPBIN=''
am__EXEEXT_FALSE=''
am__EXEEXT_TRUE='#'
am__fastdepCC_FALSE='#'
am__fastdepCC_TRUE=''
am__include='include'
am__isrc=''
am__leading_dot='.'
am__nodep='_no'
am__quote=''
am__tar='$${TAR-tar} chof - "$$tardir"'
am__untar='$${TAR-tar} xf -'
bindir='${exec_prefix}/bin'
build='x86_64-pc-linux-gnu'
build_alias=''
build_cpu='x86_64'
build_os='linux-gnu'
build_vendor='pc'
datadir='${datarootdir}'
datarootdir='${prefix}/share'
docdir='${datarootdir}/doc/${PACKAGE_TARNAME}'
dvidir='${docdir}'
exec_prefix='${prefix}'
host='arm-none-eabi'
host_alias='arm-none-eabi'
host_cpu='arm'
host_os='eabi'
host_vendor='none'
htmldir='${docdir}'
includedir='${prefix}/include'
infodir='${datarootdir}/info'
install_sh='${SHELL} /home/zhangzheng/projects/mkrtos-real/mkrtos_user/user/app/binutils-2.33.1/install-sh'
libdir='${exec_prefix}/lib'
libexecdir='${exec_prefix}/libexec'
localedir='${datarootdir}/locale'
localstatedir='${prefix}/var'
mandir='${datarootdir}/man'
mkdir_p='$(MKDIR_P)'
mkinstalldirs='/home/zhangzheng/projects/mkrtos-real/mkrtos_user/user/app/binutils-2.33.1/mkinstalldirs'
multi_basedir=''
oldincludedir='/usr/include'
pdfdir='${docdir}'
prefix='/usr/local'
program_transform_name='s&^&arm-none-eabi-&'
psdir='${docdir}'
sbindir='${exec_prefix}/sbin'
sharedstatedir='${prefix}/com'
sysconfdir='${prefix}/etc'
target='arm-none-eabi'
target_alias='arm-none-eabi'
target_all='libzgcj.la'
target_cpu='arm'
target_os='eabi'
target_vendor='none'
toolexecdir='$(libdir)/gcc-lib/$(target_alias)'
toolexeclibdir='$(libdir)'

## ----------- ##
## confdefs.h. ##
## ----------- ##

/* confdefs.h */
#define PACKAGE_NAME "zlib"
#define PACKAGE_TARNAME "zlib"
#define PACKAGE_VERSION "1.1.4"
#define PACKAGE_STRING "zlib 1.1.4"
#define PACKAGE_BUGREPORT ""
#define PACKAGE_URL ""
#define PACKAGE "zlib"
#define VERSION "1.1.4"
#define STDC_HEADERS 1
#define HAVE_SYS_TYPES_H 1
#define HAVE_SYS_STAT_H 1
#define HAVE_STDLIB_H 1
#define HAVE_STRING_H 1
#define HAVE_MEMORY_H 1
#define HAVE_STRINGS_H 1
#define HAVE_INTTYPES_H 1
#define HAVE_STDINT_H 1
#define HAVE_UNISTD_H 1
#define HAVE_DLFCN_H 1
#define LT_OBJDIR ".libs/"
#define HAVE_STDLIB_H 1
#define HAVE_UNISTD_H 1
#define HAVE_SYS_PARAM_H 1
#define HAVE_GETPAGESIZE 1
#define HAVE_MEMCPY 1
#define HAVE_STRERROR 1
#define HAVE_UNISTD_H 1

configure: exit 0
