This file contains any messages produced by compilers while
running configure, to aid debugging if configure makes a mistake.

It was created by configure, which was
generated by GNU Autoconf 2.69.  Invocation command line was

  $ ./configure --target=arm-none-eabi --host=arm-none-eabi

## --------- ##
## Platform. ##
## --------- ##

hostname = liushiyi-X99
uname -m = x86_64
uname -r = 6.8.0-51-generic
uname -s = Linux
uname -v = #52-Ubuntu SMP PREEMPT_DYNAMIC Thu Dec  5 13:09:44 UTC 2024

/usr/bin/uname -p = x86_64
/bin/uname -X     = unknown

/bin/arch              = x86_64
/usr/bin/arch -k       = unknown
/usr/convex/getsysinfo = unknown
/usr/bin/hostinfo      = unknown
/bin/machine           = unknown
/usr/bin/oslevel       = unknown
/bin/universe          = unknown

PATH: /home/zhangzheng/.vscode-server/bin/74b1f979648cc44d385a2286793c226e611f59e7/bin/remote-cli
PATH: /usr/local/sbin
PATH: /usr/local/bin
PATH: /usr/sbin
PATH: /usr/bin
PATH: /sbin
PATH: /bin
PATH: /usr/games
PATH: /usr/local/games
PATH: /snap/bin
PATH: /home/zhangzheng/toolchain/gcc-arm-10.3-2021.07-x86_64-arm-none-eabi/bin
PATH: /home/zhangzheng/toolchain/gcc-arm-10.3-2021.07-x86_64-arm-none-eabi/bin/


## ----------- ##
## Core tests. ##
## ----------- ##

configure:2344: checking build system type
configure:2358: result: x86_64-pc-linux-gnu
configure:2405: checking host system type
configure:2418: result: arm-none-eabi
configure:2438: checking target system type
configure:2451: result: arm-none-eabi
configure:2505: checking for a BSD-compatible install
configure:2573: result: /usr/bin/install -c
configure:2584: checking whether ln works
configure:2606: result: yes
configure:2610: checking whether ln -s works
configure:2614: result: yes
configure:2621: checking for a sed that does not truncate output
configure:2685: result: /usr/bin/sed
configure:2694: checking for gawk
configure:2724: result: no
configure:2694: checking for mawk
configure:2710: found /usr/bin/mawk
configure:2721: result: mawk
configure:3998: checking for arm-none-eabi-gcc
configure:4025: result: /home/zhangzheng/toolchain/gcc-arm-10.3-2021.07-x86_64-arm-none-eabi/bin/arm-none-eabi-gcc
configure:4294: checking for C compiler version
configure:4303: /home/zhangzheng/toolchain/gcc-arm-10.3-2021.07-x86_64-arm-none-eabi/bin/arm-none-eabi-gcc --version >&5
arm-none-eabi-gcc (GNU Toolchain for the A-profile Architecture 10.3-2021.07 (arm-10.29)) 10.3.1 20210621
Copyright (C) 2020 Free Software Foundation, Inc.
This is free software; see the source for copying conditions.  There is NO
warranty; not even for MERCHANTABILITY or FITNESS FOR A PARTICULAR PURPOSE.

configure:4314: $? = 0
configure:4303: /home/zhangzheng/toolchain/gcc-arm-10.3-2021.07-x86_64-arm-none-eabi/bin/arm-none-eabi-gcc -v >&5
Using built-in specs.
COLLECT_GCC=/home/zhangzheng/toolchain/gcc-arm-10.3-2021.07-x86_64-arm-none-eabi/bin/arm-none-eabi-gcc
COLLECT_LTO_WRAPPER=/home/zhangzheng/toolchain/gcc-arm-10.3-2021.07-x86_64-arm-none-eabi/bin/../libexec/gcc/arm-none-eabi/10.3.1/lto-wrapper
Target: arm-none-eabi
Configured with: /data/jenkins/workspace/GNU-toolchain/arm-10/src/gcc/configure --target=arm-none-eabi --prefix=/data/jenkins/workspace/GNU-toolchain/arm-10/build-arm-none-eabi/install// --with-gmp=/data/jenkins/workspace/GNU-toolchain/arm-10/build-arm-none-eabi/host-tools --with-mpfr=/data/jenkins/workspace/GNU-toolchain/arm-10/build-arm-none-eabi/host-tools --with-mpc=/data/jenkins/workspace/GNU-toolchain/arm-10/build-arm-none-eabi/host-tools --with-isl=/data/jenkins/workspace/GNU-toolchain/arm-10/build-arm-none-eabi/host-tools --disable-shared --disable-nls --disable-threads --disable-tls --enable-checking=release --enable-languages=c,c++,fortran --with-newlib --with-multilib-list=aprofile,rmprofile --with-pkgversion='GNU Toolchain for the A-profile Architecture 10.3-2021.07 (arm-10.29)' --with-bugurl=https://bugs.linaro.org/
Thread model: single
Supported LTO compression algorithms: zlib
gcc version 10.3.1 20210621 (GNU Toolchain for the A-profile Architecture 10.3-2021.07 (arm-10.29)) 
configure:4314: $? = 0
configure:4303: /home/zhangzheng/toolchain/gcc-arm-10.3-2021.07-x86_64-arm-none-eabi/bin/arm-none-eabi-gcc -V >&5
arm-none-eabi-gcc: error: unrecognized command-line option '-V'
arm-none-eabi-gcc: fatal error: no input files
compilation terminated.
configure:4314: $? = 1
configure:4303: /home/zhangzheng/toolchain/gcc-arm-10.3-2021.07-x86_64-arm-none-eabi/bin/arm-none-eabi-gcc -qversion >&5
arm-none-eabi-gcc: error: unrecognized command-line option '-qversion'; did you mean '--version'?
arm-none-eabi-gcc: fatal error: no input files
compilation terminated.
configure:4314: $? = 1
configure:4334: checking whether the C compiler works
configure:4356: /home/zhangzheng/toolchain/gcc-arm-10.3-2021.07-x86_64-arm-none-eabi/bin/arm-none-eabi-gcc -mcpu=cortex-m3 -O0 -g3 -mfloat-abi=soft  -mthumb  -DMKRTOS -std=gnu11 -ffunction-sections -fdata-sections -fno-builtin -u=_printf_float -nostartfiles -nodefaultlibs -nostdlib -nostdinc -fno-stack-protector -Wl,--gc-sections -D__ARM_ARCH_7M__ -include /home/zhangzheng/projects/mkrtos-real/build/autoconf.h      -fPIC -fPIE -n -pie -fpie -fpic -msingle-pic-base -mno-pic-data-is-text-relative      -I/home/zhangzheng/projects/mkrtos-real/build/libc/output/include -L/home/zhangzheng/toolchain/gcc-arm-10.3-2021.07-x86_64-arm-none-eabi/lib/gcc/arm-none-eabi/10.3.1/thumb/v7-m/nofp/ -DHAVE_STPCPY -DHAVE_MEMPCPY -DHAVE_PSIGNAL -Wl,-no-dynamic-linker -T /home/zhangzheng/projects/mkrtos-real/mkrtos_user/user/app/binutils-2.33.1/armv7_8m/link.lds -L/home/zhangzheng/projects/mkrtos-real/build/usr_lib -Wl,--start-group -static -lnewc -lstart -llibc_be -lmuslc -lgcc -lsys -lsys_svr -lsys_util -lutil -lnewc -Wl,--end-group    conftest.c -Wl,--start-group -static -lnewc -lstart -llibc_be -lmuslc -lgcc -lsys -lsys_svr -lsys_util -lutil -lnewc -Wl,--end-group  >&5
configure:4360: $? = 0
configure:4408: result: yes
configure:4411: checking for C compiler default output file name
configure:4413: result: a.out
configure:4419: checking for suffix of executables
configure:4426: /home/zhangzheng/toolchain/gcc-arm-10.3-2021.07-x86_64-arm-none-eabi/bin/arm-none-eabi-gcc -o conftest -mcpu=cortex-m3 -O0 -g3 -mfloat-abi=soft  -mthumb  -DMKRTOS -std=gnu11 -ffunction-sections -fdata-sections -fno-builtin -u=_printf_float -nostartfiles -nodefaultlibs -nostdlib -nostdinc -fno-stack-protector -Wl,--gc-sections -D__ARM_ARCH_7M__ -include /home/zhangzheng/projects/mkrtos-real/build/autoconf.h      -fPIC -fPIE -n -pie -fpie -fpic -msingle-pic-base -mno-pic-data-is-text-relative      -I/home/zhangzheng/projects/mkrtos-real/build/libc/output/include -L/home/zhangzheng/toolchain/gcc-arm-10.3-2021.07-x86_64-arm-none-eabi/lib/gcc/arm-none-eabi/10.3.1/thumb/v7-m/nofp/ -DHAVE_STPCPY -DHAVE_MEMPCPY -DHAVE_PSIGNAL -Wl,-no-dynamic-linker -T /home/zhangzheng/projects/mkrtos-real/mkrtos_user/user/app/binutils-2.33.1/armv7_8m/link.lds -L/home/zhangzheng/projects/mkrtos-real/build/usr_lib -Wl,--start-group -static -lnewc -lstart -llibc_be -lmuslc -lgcc -lsys -lsys_svr -lsys_util -lutil -lnewc -Wl,--end-group    conftest.c -Wl,--start-group -static -lnewc -lstart -llibc_be -lmuslc -lgcc -lsys -lsys_svr -lsys_util -lutil -lnewc -Wl,--end-group  >&5
configure:4430: $? = 0
configure:4452: result: 
configure:4474: checking whether we are cross compiling
configure:4482: /home/zhangzheng/toolchain/gcc-arm-10.3-2021.07-x86_64-arm-none-eabi/bin/arm-none-eabi-gcc -o conftest -mcpu=cortex-m3 -O0 -g3 -mfloat-abi=soft  -mthumb  -DMKRTOS -std=gnu11 -ffunction-sections -fdata-sections -fno-builtin -u=_printf_float -nostartfiles -nodefaultlibs -nostdlib -nostdinc -fno-stack-protector -Wl,--gc-sections -D__ARM_ARCH_7M__ -include /home/zhangzheng/projects/mkrtos-real/build/autoconf.h      -fPIC -fPIE -n -pie -fpie -fpic -msingle-pic-base -mno-pic-data-is-text-relative      -I/home/zhangzheng/projects/mkrtos-real/build/libc/output/include -L/home/zhangzheng/toolchain/gcc-arm-10.3-2021.07-x86_64-arm-none-eabi/lib/gcc/arm-none-eabi/10.3.1/thumb/v7-m/nofp/ -DHAVE_STPCPY -DHAVE_MEMPCPY -DHAVE_PSIGNAL -Wl,-no-dynamic-linker -T /home/zhangzheng/projects/mkrtos-real/mkrtos_user/user/app/binutils-2.33.1/armv7_8m/link.lds -L/home/zhangzheng/projects/mkrtos-real/build/usr_lib -Wl,--start-group -static -lnewc -lstart -llibc_be -lmuslc -lgcc -lsys -lsys_svr -lsys_util -lutil -lnewc -Wl,--end-group    conftest.c -Wl,--start-group -static -lnewc -lstart -llibc_be -lmuslc -lgcc -lsys -lsys_svr -lsys_util -lutil -lnewc -Wl,--end-group  >&5
configure:4486: $? = 0
configure:4493: ./conftest
./configure: line 4495: ./conftest: cannot execute binary file: Exec format error
configure:4497: $? = 126
configure:4512: result: yes
configure:4517: checking for suffix of object files
configure:4539: /home/zhangzheng/toolchain/gcc-arm-10.3-2021.07-x86_64-arm-none-eabi/bin/arm-none-eabi-gcc -c -mcpu=cortex-m3 -O0 -g3 -mfloat-abi=soft  -mthumb  -DMKRTOS -std=gnu11 -ffunction-sections -fdata-sections -fno-builtin -u=_printf_float -nostartfiles -nodefaultlibs -nostdlib -nostdinc -fno-stack-protector -Wl,--gc-sections -D__ARM_ARCH_7M__ -include /home/zhangzheng/projects/mkrtos-real/build/autoconf.h      -fPIC -fPIE -n -pie -fpie -fpic -msingle-pic-base -mno-pic-data-is-text-relative      -I/home/zhangzheng/projects/mkrtos-real/build/libc/output/include -L/home/zhangzheng/toolchain/gcc-arm-10.3-2021.07-x86_64-arm-none-eabi/lib/gcc/arm-none-eabi/10.3.1/thumb/v7-m/nofp/ -DHAVE_STPCPY -DHAVE_MEMPCPY -DHAVE_PSIGNAL -Wl,-no-dynamic-linker -T /home/zhangzheng/projects/mkrtos-real/mkrtos_user/user/app/binutils-2.33.1/armv7_8m/link.lds -L/home/zhangzheng/projects/mkrtos-real/build/usr_lib -Wl,--start-group -static -lnewc -lstart -llibc_be -lmuslc -lgcc -lsys -lsys_svr -lsys_util -lutil -lnewc -Wl,--end-group   conftest.c >&5
configure:4543: $? = 0
configure:4564: result: o
configure:4568: checking whether we are using the GNU C compiler
configure:4587: /home/zhangzheng/toolchain/gcc-arm-10.3-2021.07-x86_64-arm-none-eabi/bin/arm-none-eabi-gcc -c -mcpu=cortex-m3 -O0 -g3 -mfloat-abi=soft  -mthumb  -DMKRTOS -std=gnu11 -ffunction-sections -fdata-sections -fno-builtin -u=_printf_float -nostartfiles -nodefaultlibs -nostdlib -nostdinc -fno-stack-protector -Wl,--gc-sections -D__ARM_ARCH_7M__ -include /home/zhangzheng/projects/mkrtos-real/build/autoconf.h      -fPIC -fPIE -n -pie -fpie -fpic -msingle-pic-base -mno-pic-data-is-text-relative      -I/home/zhangzheng/projects/mkrtos-real/build/libc/output/include -L/home/zhangzheng/toolchain/gcc-arm-10.3-2021.07-x86_64-arm-none-eabi/lib/gcc/arm-none-eabi/10.3.1/thumb/v7-m/nofp/ -DHAVE_STPCPY -DHAVE_MEMPCPY -DHAVE_PSIGNAL -Wl,-no-dynamic-linker -T /home/zhangzheng/projects/mkrtos-real/mkrtos_user/user/app/binutils-2.33.1/armv7_8m/link.lds -L/home/zhangzheng/projects/mkrtos-real/build/usr_lib -Wl,--start-group -static -lnewc -lstart -llibc_be -lmuslc -lgcc -lsys -lsys_svr -lsys_util -lutil -lnewc -Wl,--end-group   conftest.c >&5
configure:4587: $? = 0
configure:4596: result: yes
configure:4605: checking whether /home/zhangzheng/toolchain/gcc-arm-10.3-2021.07-x86_64-arm-none-eabi/bin/arm-none-eabi-gcc accepts -g
configure:4625: /home/zhangzheng/toolchain/gcc-arm-10.3-2021.07-x86_64-arm-none-eabi/bin/arm-none-eabi-gcc -c -g  conftest.c >&5
configure:4625: $? = 0
configure:4666: result: yes
configure:4683: checking for /home/zhangzheng/toolchain/gcc-arm-10.3-2021.07-x86_64-arm-none-eabi/bin/arm-none-eabi-gcc option to accept ISO C89
configure:4746: /home/zhangzheng/toolchain/gcc-arm-10.3-2021.07-x86_64-arm-none-eabi/bin/arm-none-eabi-gcc  -c -mcpu=cortex-m3 -O0 -g3 -mfloat-abi=soft  -mthumb  -DMKRTOS -std=gnu11 -ffunction-sections -fdata-sections -fno-builtin -u=_printf_float -nostartfiles -nodefaultlibs -nostdlib -nostdinc -fno-stack-protector -Wl,--gc-sections -D__ARM_ARCH_7M__ -include /home/zhangzheng/projects/mkrtos-real/build/autoconf.h      -fPIC -fPIE -n -pie -fpie -fpic -msingle-pic-base -mno-pic-data-is-text-relative      -I/home/zhangzheng/projects/mkrtos-real/build/libc/output/include -L/home/zhangzheng/toolchain/gcc-arm-10.3-2021.07-x86_64-arm-none-eabi/lib/gcc/arm-none-eabi/10.3.1/thumb/v7-m/nofp/ -DHAVE_STPCPY -DHAVE_MEMPCPY -DHAVE_PSIGNAL -Wl,-no-dynamic-linker -T /home/zhangzheng/projects/mkrtos-real/mkrtos_user/user/app/binutils-2.33.1/armv7_8m/link.lds -L/home/zhangzheng/projects/mkrtos-real/build/usr_lib -Wl,--start-group -static -lnewc -lstart -llibc_be -lmuslc -lgcc -lsys -lsys_svr -lsys_util -lutil -lnewc -Wl,--end-group   conftest.c >&5
configure:4746: $? = 0
configure:4759: result: none needed
configure:4793: checking for arm-none-eabi-g++
configure:4809: found /home/zhangzheng/toolchain/gcc-arm-10.3-2021.07-x86_64-arm-none-eabi/bin/arm-none-eabi-g++
configure:4820: result: arm-none-eabi-g++
configure:4891: checking for C++ compiler version
configure:4900: arm-none-eabi-g++ --version >&5
arm-none-eabi-g++ (GNU Toolchain for the A-profile Architecture 10.3-2021.07 (arm-10.29)) 10.3.1 20210621
Copyright (C) 2020 Free Software Foundation, Inc.
This is free software; see the source for copying conditions.  There is NO
warranty; not even for MERCHANTABILITY or FITNESS FOR A PARTICULAR PURPOSE.

configure:4911: $? = 0
configure:4900: arm-none-eabi-g++ -v >&5
Using built-in specs.
COLLECT_GCC=arm-none-eabi-g++
COLLECT_LTO_WRAPPER=/home/zhangzheng/toolchain/gcc-arm-10.3-2021.07-x86_64-arm-none-eabi/bin/../libexec/gcc/arm-none-eabi/10.3.1/lto-wrapper
Target: arm-none-eabi
Configured with: /data/jenkins/workspace/GNU-toolchain/arm-10/src/gcc/configure --target=arm-none-eabi --prefix=/data/jenkins/workspace/GNU-toolchain/arm-10/build-arm-none-eabi/install// --with-gmp=/data/jenkins/workspace/GNU-toolchain/arm-10/build-arm-none-eabi/host-tools --with-mpfr=/data/jenkins/workspace/GNU-toolchain/arm-10/build-arm-none-eabi/host-tools --with-mpc=/data/jenkins/workspace/GNU-toolchain/arm-10/build-arm-none-eabi/host-tools --with-isl=/data/jenkins/workspace/GNU-toolchain/arm-10/build-arm-none-eabi/host-tools --disable-shared --disable-nls --disable-threads --disable-tls --enable-checking=release --enable-languages=c,c++,fortran --with-newlib --with-multilib-list=aprofile,rmprofile --with-pkgversion='GNU Toolchain for the A-profile Architecture 10.3-2021.07 (arm-10.29)' --with-bugurl=https://bugs.linaro.org/
Thread model: single
Supported LTO compression algorithms: zlib
gcc version 10.3.1 20210621 (GNU Toolchain for the A-profile Architecture 10.3-2021.07 (arm-10.29)) 
configure:4911: $? = 0
configure:4900: arm-none-eabi-g++ -V >&5
arm-none-eabi-g++: error: unrecognized command-line option '-V'
arm-none-eabi-g++: fatal error: no input files
compilation terminated.
configure:4911: $? = 1
configure:4900: arm-none-eabi-g++ -qversion >&5
arm-none-eabi-g++: error: unrecognized command-line option '-qversion'; did you mean '--version'?
arm-none-eabi-g++: fatal error: no input files
compilation terminated.
configure:4911: $? = 1
configure:4915: checking whether we are using the GNU C++ compiler
configure:4934: arm-none-eabi-g++ -c   conftest.cpp >&5
configure:4934: $? = 0
configure:4943: result: yes
configure:4952: checking whether arm-none-eabi-g++ accepts -g
configure:4972: arm-none-eabi-g++ -c -g  conftest.cpp >&5
configure:4972: $? = 0
configure:5013: result: yes
configure:5062: checking whether g++ accepts -static-libstdc++ -static-libgcc
configure:5079: arm-none-eabi-g++ -o conftest -g -O2   -static-libstdc++ -static-libgcc conftest.cpp -Wl,--start-group -static -lnewc -lstart -llibc_be -lmuslc -lgcc -lsys -lsys_svr -lsys_util -lutil -lnewc -Wl,--end-group  >&5
/home/zhangzheng/toolchain/gcc-arm-10.3-2021.07-x86_64-arm-none-eabi/bin/../lib/gcc/arm-none-eabi/10.3.1/../../../../arm-none-eabi/bin/ld: cannot find -lnewc
/home/zhangzheng/toolchain/gcc-arm-10.3-2021.07-x86_64-arm-none-eabi/bin/../lib/gcc/arm-none-eabi/10.3.1/../../../../arm-none-eabi/bin/ld: cannot find -lstart
/home/zhangzheng/toolchain/gcc-arm-10.3-2021.07-x86_64-arm-none-eabi/bin/../lib/gcc/arm-none-eabi/10.3.1/../../../../arm-none-eabi/bin/ld: cannot find -llibc_be
/home/zhangzheng/toolchain/gcc-arm-10.3-2021.07-x86_64-arm-none-eabi/bin/../lib/gcc/arm-none-eabi/10.3.1/../../../../arm-none-eabi/bin/ld: cannot find -lmuslc
/home/zhangzheng/toolchain/gcc-arm-10.3-2021.07-x86_64-arm-none-eabi/bin/../lib/gcc/arm-none-eabi/10.3.1/../../../../arm-none-eabi/bin/ld: cannot find -lsys
/home/zhangzheng/toolchain/gcc-arm-10.3-2021.07-x86_64-arm-none-eabi/bin/../lib/gcc/arm-none-eabi/10.3.1/../../../../arm-none-eabi/bin/ld: cannot find -lsys_svr
/home/zhangzheng/toolchain/gcc-arm-10.3-2021.07-x86_64-arm-none-eabi/bin/../lib/gcc/arm-none-eabi/10.3.1/../../../../arm-none-eabi/bin/ld: cannot find -lsys_util
/home/zhangzheng/toolchain/gcc-arm-10.3-2021.07-x86_64-arm-none-eabi/bin/../lib/gcc/arm-none-eabi/10.3.1/../../../../arm-none-eabi/bin/ld: cannot find -lutil
/home/zhangzheng/toolchain/gcc-arm-10.3-2021.07-x86_64-arm-none-eabi/bin/../lib/gcc/arm-none-eabi/10.3.1/../../../../arm-none-eabi/bin/ld: cannot find -lnewc
collect2: error: ld returned 1 exit status
configure:5079: $? = 1
configure: failed program was:
| /* confdefs.h */
| #define PACKAGE_NAME ""
| #define PACKAGE_TARNAME ""
| #define PACKAGE_VERSION ""
| #define PACKAGE_STRING ""
| #define PACKAGE_BUGREPORT ""
| #define PACKAGE_URL ""
| /* end confdefs.h.  */
| 
| #if (__GNUC__ < 4) || (__GNUC__ == 4 && __GNUC_MINOR__ < 5)
| #error -static-libstdc++ not implemented
| #endif
| int main() {}
configure:5083: result: no
configure:5104: checking for arm-none-eabi-gnatbind
configure:5134: result: no
configure:5144: checking for gnatbind
configure:5174: result: no
configure:5196: checking for arm-none-eabi-gnatmake
configure:5226: result: no
configure:5236: checking for gnatmake
configure:5266: result: no
configure:5285: checking whether compiler driver understands Ada
configure:5308: result: no
configure:5317: checking how to compare bootstrapped objects
configure:5342: result: cmp --ignore-initial=16 $$f1 $$f2
configure:5402: checking for objdir
configure:5417: result: .libs
configure:5983: checking for isl 0.15 or later
configure:5996: /home/zhangzheng/toolchain/gcc-arm-10.3-2021.07-x86_64-arm-none-eabi/bin/arm-none-eabi-gcc -o conftest -mcpu=cortex-m3 -O0 -g3 -mfloat-abi=soft  -mthumb  -DMKRTOS -std=gnu11 -ffunction-sections -fdata-sections -fno-builtin -u=_printf_float -nostartfiles -nodefaultlibs -nostdlib -nostdinc -fno-stack-protector -Wl,--gc-sections -D__ARM_ARCH_7M__ -include /home/zhangzheng/projects/mkrtos-real/build/autoconf.h      -fPIC -fPIE -n -pie -fpie -fpic -msingle-pic-base -mno-pic-data-is-text-relative      -I/home/zhangzheng/projects/mkrtos-real/build/libc/output/include -L/home/zhangzheng/toolchain/gcc-arm-10.3-2021.07-x86_64-arm-none-eabi/lib/gcc/arm-none-eabi/10.3.1/thumb/v7-m/nofp/ -DHAVE_STPCPY -DHAVE_MEMPCPY -DHAVE_PSIGNAL -Wl,-no-dynamic-linker -T /home/zhangzheng/projects/mkrtos-real/mkrtos_user/user/app/binutils-2.33.1/armv7_8m/link.lds -L/home/zhangzheng/projects/mkrtos-real/build/usr_lib -Wl,--start-group -static -lnewc -lstart -llibc_be -lmuslc -lgcc -lsys -lsys_svr -lsys_util -lutil -lnewc -Wl,--end-group       -lisl -lmpc -lmpfr -lgmp conftest.c -Wl,--start-group -static -lnewc -lstart -llibc_be -lmuslc -lgcc -lsys -lsys_svr -lsys_util -lutil -lnewc -Wl,--end-group  -lisl -lgmp >&5
conftest.c:10:10: fatal error: isl/schedule.h: No such file or directory
   10 | #include <isl/schedule.h>
      |          ^~~~~~~~~~~~~~~~
compilation terminated.
configure:5996: $? = 1
configure: failed program was:
| /* confdefs.h */
| #define PACKAGE_NAME ""
| #define PACKAGE_TARNAME ""
| #define PACKAGE_VERSION ""
| #define PACKAGE_STRING ""
| #define PACKAGE_BUGREPORT ""
| #define PACKAGE_URL ""
| #define LT_OBJDIR ".libs/"
| /* end confdefs.h.  */
| #include <isl/schedule.h>
| int
| main ()
| {
| isl_options_set_schedule_serialize_sccs (NULL, 0);
|   ;
|   return 0;
| }
configure:6003: result: no
configure:6007: result: required isl version is 0.15 or later
configure:7100: checking for default BUILD_CONFIG
configure:7132: result: 
configure:7137: checking for --enable-vtable-verify
configure:7150: result: no
configure:7758: checking for bison
configure:7774: found /usr/bin/bison
configure:7785: result: bison -y
configure:7805: checking for bison
configure:7821: found /usr/bin/bison
configure:7832: result: bison
configure:7852: checking for gm4
configure:7882: result: no
configure:7852: checking for gnum4
configure:7882: result: no
configure:7852: checking for m4
configure:7868: found /usr/bin/m4
configure:7879: result: m4
configure:7899: checking for flex
configure:7915: found /usr/bin/flex
configure:7926: result: flex
configure:7947: checking for flex
configure:7963: found /usr/bin/flex
configure:7974: result: flex
configure:7994: checking for makeinfo
configure:8010: found /usr/bin/makeinfo
configure:8021: result: makeinfo
configure:8055: checking for expect
configure:8085: result: no
configure:8104: checking for runtest
configure:8134: result: no
configure:8210: checking for arm-none-eabi-ar
configure:8226: found /home/zhangzheng/toolchain/gcc-arm-10.3-2021.07-x86_64-arm-none-eabi/bin/arm-none-eabi-ar
configure:8237: result: arm-none-eabi-ar
configure:8351: checking for arm-none-eabi-as
configure:8367: found /home/zhangzheng/toolchain/gcc-arm-10.3-2021.07-x86_64-arm-none-eabi/bin/arm-none-eabi-as
configure:8378: result: arm-none-eabi-as
configure:8492: checking for arm-none-eabi-dlltool
configure:8522: result: no
configure:8591: checking for ld
configure:8618: result: /home/zhangzheng/toolchain/gcc-arm-10.3-2021.07-x86_64-arm-none-eabi/bin/../lib/gcc/arm-none-eabi/10.3.1/../../../../arm-none-eabi/bin/ld
configure:8633: checking for arm-none-eabi-ld
configure:8660: result: /home/zhangzheng/toolchain/gcc-arm-10.3-2021.07-x86_64-arm-none-eabi/bin/../lib/gcc/arm-none-eabi/10.3.1/../../../../arm-none-eabi/bin/ld
configure:8774: checking for arm-none-eabi-lipo
configure:8804: result: no
configure:8915: checking for arm-none-eabi-nm
configure:8931: found /home/zhangzheng/toolchain/gcc-arm-10.3-2021.07-x86_64-arm-none-eabi/bin/arm-none-eabi-nm
configure:8942: result: arm-none-eabi-nm
configure:9056: checking for arm-none-eabi-ranlib
configure:9072: found /home/zhangzheng/toolchain/gcc-arm-10.3-2021.07-x86_64-arm-none-eabi/bin/arm-none-eabi-ranlib
configure:9083: result: arm-none-eabi-ranlib
configure:9192: checking for arm-none-eabi-strip
configure:9208: found /home/zhangzheng/toolchain/gcc-arm-10.3-2021.07-x86_64-arm-none-eabi/bin/arm-none-eabi-strip
configure:9219: result: arm-none-eabi-strip
configure:9328: checking for arm-none-eabi-windres
configure:9358: result: no
configure:9469: checking for arm-none-eabi-windmc
configure:9499: result: no
configure:9610: checking for arm-none-eabi-objcopy
configure:9626: found /home/zhangzheng/toolchain/gcc-arm-10.3-2021.07-x86_64-arm-none-eabi/bin/arm-none-eabi-objcopy
configure:9637: result: arm-none-eabi-objcopy
configure:9751: checking for arm-none-eabi-objdump
configure:9767: found /home/zhangzheng/toolchain/gcc-arm-10.3-2021.07-x86_64-arm-none-eabi/bin/arm-none-eabi-objdump
configure:9778: result: arm-none-eabi-objdump
configure:9892: checking for arm-none-eabi-readelf
configure:9908: found /home/zhangzheng/toolchain/gcc-arm-10.3-2021.07-x86_64-arm-none-eabi/bin/arm-none-eabi-readelf
configure:9919: result: arm-none-eabi-readelf
configure:10072: checking for arm-none-eabi-cc
configure:10102: result: no
configure:10072: checking for arm-none-eabi-gcc
configure:10088: found /home/zhangzheng/toolchain/gcc-arm-10.3-2021.07-x86_64-arm-none-eabi/bin/arm-none-eabi-gcc
configure:10099: result: arm-none-eabi-gcc
configure:10233: checking for arm-none-eabi-c++
configure:10249: found /home/zhangzheng/toolchain/gcc-arm-10.3-2021.07-x86_64-arm-none-eabi/bin/arm-none-eabi-c++
configure:10260: result: arm-none-eabi-c++
configure:10394: checking for arm-none-eabi-gcc
configure:10410: found /home/zhangzheng/toolchain/gcc-arm-10.3-2021.07-x86_64-arm-none-eabi/bin/arm-none-eabi-gcc
configure:10421: result: arm-none-eabi-gcc
configure:10550: checking for arm-none-eabi-gfortran
configure:10566: found /home/zhangzheng/toolchain/gcc-arm-10.3-2021.07-x86_64-arm-none-eabi/bin/arm-none-eabi-gfortran
configure:10577: result: arm-none-eabi-gfortran
configure:10711: checking for arm-none-eabi-gccgo
configure:10741: result: no
configure:11412: checking for arm-none-eabi-dlltool
configure:11442: result: no
configure:11872: checking for arm-none-eabi-lipo
configure:11902: result: no
configure:13482: checking for arm-none-eabi-windres
configure:13512: result: no
configure:13712: checking for arm-none-eabi-windmc
configure:13742: result: no
configure:13809: checking where to find the target ar
configure:13815: result: pre-installed in /home/zhangzheng/toolchain/gcc-arm-10.3-2021.07-x86_64-arm-none-eabi/bin/../lib/gcc/arm-none-eabi/10.3.1/../../../../arm-none-eabi/bin
configure:13851: checking where to find the target as
configure:13857: result: pre-installed in /home/zhangzheng/toolchain/gcc-arm-10.3-2021.07-x86_64-arm-none-eabi/bin/../lib/gcc/arm-none-eabi/10.3.1/../../../../arm-none-eabi/bin
configure:13893: checking where to find the target cc
configure:13903: result: pre-installed
configure:13935: checking where to find the target c++
configure:13945: result: pre-installed
configure:13980: checking where to find the target c++ for libstdc++
configure:13990: result: pre-installed
configure:14025: checking where to find the target dlltool
configure:14035: result: pre-installed
configure:14067: checking where to find the target gcc
configure:14077: result: pre-installed
configure:14109: checking where to find the target gfortran
configure:14119: result: pre-installed
configure:14154: checking where to find the target gccgo
configure:14164: result: pre-installed
configure:14199: checking where to find the target ld
configure:14205: result: pre-installed in /home/zhangzheng/toolchain/gcc-arm-10.3-2021.07-x86_64-arm-none-eabi/bin/../lib/gcc/arm-none-eabi/10.3.1/../../../../arm-none-eabi/bin
configure:14241: checking where to find the target lipo
configure:14251: result: pre-installed
configure:14272: checking where to find the target nm
configure:14278: result: pre-installed in /home/zhangzheng/toolchain/gcc-arm-10.3-2021.07-x86_64-arm-none-eabi/bin/../lib/gcc/arm-none-eabi/10.3.1/../../../../arm-none-eabi/bin
configure:14314: checking where to find the target objcopy
configure:14320: result: pre-installed in /home/zhangzheng/toolchain/gcc-arm-10.3-2021.07-x86_64-arm-none-eabi/bin/../lib/gcc/arm-none-eabi/10.3.1/../../../../arm-none-eabi/bin
configure:14356: checking where to find the target objdump
configure:14362: result: pre-installed in /home/zhangzheng/toolchain/gcc-arm-10.3-2021.07-x86_64-arm-none-eabi/bin/../lib/gcc/arm-none-eabi/10.3.1/../../../../arm-none-eabi/bin
configure:14398: checking where to find the target ranlib
configure:14404: result: pre-installed in /home/zhangzheng/toolchain/gcc-arm-10.3-2021.07-x86_64-arm-none-eabi/bin/../lib/gcc/arm-none-eabi/10.3.1/../../../../arm-none-eabi/bin
configure:14440: checking where to find the target readelf
configure:14446: result: pre-installed in /home/zhangzheng/toolchain/gcc-arm-10.3-2021.07-x86_64-arm-none-eabi/bin/../lib/gcc/arm-none-eabi/10.3.1/../../../../arm-none-eabi/bin
configure:14482: checking where to find the target strip
configure:14488: result: pre-installed in /home/zhangzheng/toolchain/gcc-arm-10.3-2021.07-x86_64-arm-none-eabi/bin/../lib/gcc/arm-none-eabi/10.3.1/../../../../arm-none-eabi/bin
configure:14524: checking where to find the target windres
configure:14534: result: pre-installed
configure:14566: checking where to find the target windmc
configure:14576: result: pre-installed
configure:14636: checking whether to enable maintainer-specific portions of Makefiles
configure:14645: result: no
configure:14880: creating ./config.status

## ---------------------- ##
## Running config.status. ##
## ---------------------- ##

This file was extended by config.status, which was
generated by GNU Autoconf 2.69.  Invocation command line was

  CONFIG_FILES    = 
  CONFIG_HEADERS  = 
  CONFIG_LINKS    = 
  CONFIG_COMMANDS = 
  $ ./config.status 

on liushiyi-X99

config.status:983: creating Makefile

## ---------------- ##
## Cache variables. ##
## ---------------- ##

ac_cv_build=x86_64-pc-linux-gnu
ac_cv_c_compiler_gnu=yes
ac_cv_cxx_compiler_gnu=yes
ac_cv_env_AR_FOR_TARGET_set=
ac_cv_env_AR_FOR_TARGET_value=
ac_cv_env_AR_set=
ac_cv_env_AR_value=
ac_cv_env_AS_FOR_TARGET_set=
ac_cv_env_AS_FOR_TARGET_value=
ac_cv_env_AS_set=
ac_cv_env_AS_value=
ac_cv_env_CCC_set=
ac_cv_env_CCC_value=
ac_cv_env_CC_FOR_TARGET_set=
ac_cv_env_CC_FOR_TARGET_value=
ac_cv_env_CC_set=set
ac_cv_env_CC_value=/home/zhangzheng/toolchain/gcc-arm-10.3-2021.07-x86_64-arm-none-eabi/bin/arm-none-eabi-gcc
ac_cv_env_CFLAGS_set=set
ac_cv_env_CFLAGS_value='-mcpu=cortex-m3 -O0 -g3 -mfloat-abi=soft  -mthumb  -DMKRTOS -std=gnu11 -ffunction-sections -fdata-sections -fno-builtin -u=_printf_float -nostartfiles -nodefaultlibs -nostdlib -nostdinc -fno-stack-protector -Wl,--gc-sections -D__ARM_ARCH_7M__ -include /home/zhangzheng/projects/mkrtos-real/build/autoconf.h      -fPIC -fPIE -n -pie -fpie -fpic -msingle-pic-base -mno-pic-data-is-text-relative      -I/home/zhangzheng/projects/mkrtos-real/build/libc/output/include -L/home/zhangzheng/toolchain/gcc-arm-10.3-2021.07-x86_64-arm-none-eabi/lib/gcc/arm-none-eabi/10.3.1/thumb/v7-m/nofp/ -DHAVE_STPCPY -DHAVE_MEMPCPY -DHAVE_PSIGNAL -Wl,-no-dynamic-linker -T /home/zhangzheng/projects/mkrtos-real/mkrtos_user/user/app/binutils-2.33.1/armv7_8m/link.lds -L/home/zhangzheng/projects/mkrtos-real/build/usr_lib -Wl,--start-group -static -lnewc -lstart -llibc_be -lmuslc -lgcc -lsys -lsys_svr -lsys_util -lutil -lnewc -Wl,--end-group '
ac_cv_env_CPPFLAGS_set=
ac_cv_env_CPPFLAGS_value=
ac_cv_env_CXXFLAGS_set=
ac_cv_env_CXXFLAGS_value=
ac_cv_env_CXX_FOR_TARGET_set=
ac_cv_env_CXX_FOR_TARGET_value=
ac_cv_env_CXX_set=
ac_cv_env_CXX_value=
ac_cv_env_DLLTOOL_FOR_TARGET_set=
ac_cv_env_DLLTOOL_FOR_TARGET_value=
ac_cv_env_DLLTOOL_set=
ac_cv_env_DLLTOOL_value=
ac_cv_env_GCC_FOR_TARGET_set=
ac_cv_env_GCC_FOR_TARGET_value=
ac_cv_env_GFORTRAN_FOR_TARGET_set=
ac_cv_env_GFORTRAN_FOR_TARGET_value=
ac_cv_env_GOC_FOR_TARGET_set=
ac_cv_env_GOC_FOR_TARGET_value=
ac_cv_env_LDFLAGS_set=
ac_cv_env_LDFLAGS_value=
ac_cv_env_LD_FOR_TARGET_set=
ac_cv_env_LD_FOR_TARGET_value=
ac_cv_env_LD_set=
ac_cv_env_LD_value=
ac_cv_env_LIBS_set=set
ac_cv_env_LIBS_value='-Wl,--start-group -static -lnewc -lstart -llibc_be -lmuslc -lgcc -lsys -lsys_svr -lsys_util -lutil -lnewc -Wl,--end-group '
ac_cv_env_LIPO_FOR_TARGET_set=
ac_cv_env_LIPO_FOR_TARGET_value=
ac_cv_env_LIPO_set=
ac_cv_env_LIPO_value=
ac_cv_env_NM_FOR_TARGET_set=
ac_cv_env_NM_FOR_TARGET_value=
ac_cv_env_NM_set=
ac_cv_env_NM_value=
ac_cv_env_OBJCOPY_FOR_TARGET_set=
ac_cv_env_OBJCOPY_FOR_TARGET_value=
ac_cv_env_OBJCOPY_set=
ac_cv_env_OBJCOPY_value=
ac_cv_env_OBJDUMP_FOR_TARGET_set=
ac_cv_env_OBJDUMP_FOR_TARGET_value=
ac_cv_env_OBJDUMP_set=
ac_cv_env_OBJDUMP_value=
ac_cv_env_RANLIB_FOR_TARGET_set=
ac_cv_env_RANLIB_FOR_TARGET_value=
ac_cv_env_RANLIB_set=
ac_cv_env_RANLIB_value=
ac_cv_env_READELF_FOR_TARGET_set=
ac_cv_env_READELF_FOR_TARGET_value=
ac_cv_env_READELF_set=
ac_cv_env_READELF_value=
ac_cv_env_STRIP_FOR_TARGET_set=
ac_cv_env_STRIP_FOR_TARGET_value=
ac_cv_env_STRIP_set=
ac_cv_env_STRIP_value=
ac_cv_env_WINDMC_FOR_TARGET_set=
ac_cv_env_WINDMC_FOR_TARGET_value=
ac_cv_env_WINDMC_set=
ac_cv_env_WINDMC_value=
ac_cv_env_WINDRES_FOR_TARGET_set=
ac_cv_env_WINDRES_FOR_TARGET_value=
ac_cv_env_WINDRES_set=
ac_cv_env_WINDRES_value=
ac_cv_env_build_alias_set=
ac_cv_env_build_alias_value=
ac_cv_env_build_configargs_set=
ac_cv_env_build_configargs_value=
ac_cv_env_host_alias_set=set
ac_cv_env_host_alias_value=arm-none-eabi
ac_cv_env_host_configargs_set=
ac_cv_env_host_configargs_value=
ac_cv_env_target_alias_set=set
ac_cv_env_target_alias_value=arm-none-eabi
ac_cv_env_target_configargs_set=
ac_cv_env_target_configargs_value=
ac_cv_host=arm-none-eabi
ac_cv_objext=o
ac_cv_path_AR_FOR_TARGET=/home/zhangzheng/toolchain/gcc-arm-10.3-2021.07-x86_64-arm-none-eabi/bin/../lib/gcc/arm-none-eabi/10.3.1/../../../../arm-none-eabi/bin/ar
ac_cv_path_AS_FOR_TARGET=/home/zhangzheng/toolchain/gcc-arm-10.3-2021.07-x86_64-arm-none-eabi/bin/../lib/gcc/arm-none-eabi/10.3.1/../../../../arm-none-eabi/bin/as
ac_cv_path_LD_FOR_TARGET=/home/zhangzheng/toolchain/gcc-arm-10.3-2021.07-x86_64-arm-none-eabi/bin/../lib/gcc/arm-none-eabi/10.3.1/../../../../arm-none-eabi/bin/ld
ac_cv_path_NM_FOR_TARGET=/home/zhangzheng/toolchain/gcc-arm-10.3-2021.07-x86_64-arm-none-eabi/bin/../lib/gcc/arm-none-eabi/10.3.1/../../../../arm-none-eabi/bin/nm
ac_cv_path_OBJCOPY_FOR_TARGET=/home/zhangzheng/toolchain/gcc-arm-10.3-2021.07-x86_64-arm-none-eabi/bin/../lib/gcc/arm-none-eabi/10.3.1/../../../../arm-none-eabi/bin/objcopy
ac_cv_path_OBJDUMP_FOR_TARGET=/home/zhangzheng/toolchain/gcc-arm-10.3-2021.07-x86_64-arm-none-eabi/bin/../lib/gcc/arm-none-eabi/10.3.1/../../../../arm-none-eabi/bin/objdump
ac_cv_path_RANLIB_FOR_TARGET=/home/zhangzheng/toolchain/gcc-arm-10.3-2021.07-x86_64-arm-none-eabi/bin/../lib/gcc/arm-none-eabi/10.3.1/../../../../arm-none-eabi/bin/ranlib
ac_cv_path_READELF_FOR_TARGET=/home/zhangzheng/toolchain/gcc-arm-10.3-2021.07-x86_64-arm-none-eabi/bin/../lib/gcc/arm-none-eabi/10.3.1/../../../../arm-none-eabi/bin/readelf
ac_cv_path_SED=/usr/bin/sed
ac_cv_path_STRIP_FOR_TARGET=/home/zhangzheng/toolchain/gcc-arm-10.3-2021.07-x86_64-arm-none-eabi/bin/../lib/gcc/arm-none-eabi/10.3.1/../../../../arm-none-eabi/bin/strip
ac_cv_path_install='/usr/bin/install -c'
ac_cv_prog_AR=arm-none-eabi-ar
ac_cv_prog_AS=arm-none-eabi-as
ac_cv_prog_AWK=mawk
ac_cv_prog_BISON=bison
ac_cv_prog_CC=/home/zhangzheng/toolchain/gcc-arm-10.3-2021.07-x86_64-arm-none-eabi/bin/arm-none-eabi-gcc
ac_cv_prog_CC_FOR_TARGET=arm-none-eabi-gcc
ac_cv_prog_CXX=arm-none-eabi-g++
ac_cv_prog_CXX_FOR_TARGET=arm-none-eabi-c++
ac_cv_prog_FLEX=flex
ac_cv_prog_GCC_FOR_TARGET=arm-none-eabi-gcc
ac_cv_prog_GFORTRAN_FOR_TARGET=arm-none-eabi-gfortran
ac_cv_prog_LD=/home/zhangzheng/toolchain/gcc-arm-10.3-2021.07-x86_64-arm-none-eabi/bin/../lib/gcc/arm-none-eabi/10.3.1/../../../../arm-none-eabi/bin/ld
ac_cv_prog_LEX=flex
ac_cv_prog_M4=m4
ac_cv_prog_MAKEINFO=makeinfo
ac_cv_prog_NM=arm-none-eabi-nm
ac_cv_prog_OBJCOPY=arm-none-eabi-objcopy
ac_cv_prog_OBJDUMP=arm-none-eabi-objdump
ac_cv_prog_RANLIB=arm-none-eabi-ranlib
ac_cv_prog_READELF=arm-none-eabi-readelf
ac_cv_prog_STRIP=arm-none-eabi-strip
ac_cv_prog_YACC='bison -y'
ac_cv_prog_cc_c89=
ac_cv_prog_cc_g=yes
ac_cv_prog_cxx_g=yes
ac_cv_target=arm-none-eabi
acx_cv_cc_gcc_supports_ada=no
acx_cv_prog_LN=ln
gcc_cv_isl=no
gcc_cv_prog_cmp_skip='cmp --ignore-initial=16 $$f1 $$f2'
gcc_cv_tool_dirs=
gcc_cv_tool_prefix=/usr/local
lt_cv_objdir=.libs

## ----------------- ##
## Output variables. ##
## ----------------- ##

AR='arm-none-eabi-ar'
AR_FOR_BUILD='ar'
AR_FOR_TARGET='/home/zhangzheng/toolchain/gcc-arm-10.3-2021.07-x86_64-arm-none-eabi/bin/../lib/gcc/arm-none-eabi/10.3.1/../../../../arm-none-eabi/bin/ar'
AS='arm-none-eabi-as'
AS_FOR_BUILD='as'
AS_FOR_TARGET='/home/zhangzheng/toolchain/gcc-arm-10.3-2021.07-x86_64-arm-none-eabi/bin/../lib/gcc/arm-none-eabi/10.3.1/../../../../arm-none-eabi/bin/as'
AWK='mawk'
BISON='bison'
BUILD_CONFIG=''
CC='/home/zhangzheng/toolchain/gcc-arm-10.3-2021.07-x86_64-arm-none-eabi/bin/arm-none-eabi-gcc'
CC_FOR_BUILD='gcc'
CC_FOR_TARGET='arm-none-eabi-gcc'
CFLAGS='-mcpu=cortex-m3 -O0 -g3 -mfloat-abi=soft  -mthumb  -DMKRTOS -std=gnu11 -ffunction-sections -fdata-sections -fno-builtin -u=_printf_float -nostartfiles -nodefaultlibs -nostdlib -nostdinc -fno-stack-protector -Wl,--gc-sections -D__ARM_ARCH_7M__ -include /home/zhangzheng/projects/mkrtos-real/build/autoconf.h      -fPIC -fPIE -n -pie -fpie -fpic -msingle-pic-base -mno-pic-data-is-text-relative      -I/home/zhangzheng/projects/mkrtos-real/build/libc/output/include -L/home/zhangzheng/toolchain/gcc-arm-10.3-2021.07-x86_64-arm-none-eabi/lib/gcc/arm-none-eabi/10.3.1/thumb/v7-m/nofp/ -DHAVE_STPCPY -DHAVE_MEMPCPY -DHAVE_PSIGNAL -Wl,-no-dynamic-linker -T /home/zhangzheng/projects/mkrtos-real/mkrtos_user/user/app/binutils-2.33.1/armv7_8m/link.lds -L/home/zhangzheng/projects/mkrtos-real/build/usr_lib -Wl,--start-group -static -lnewc -lstart -llibc_be -lmuslc -lgcc -lsys -lsys_svr -lsys_util -lutil -lnewc -Wl,--end-group '
CFLAGS_FOR_BUILD=''
CFLAGS_FOR_TARGET='-O2 -mcpu=cortex-m3 -O0 -g3 -mfloat-abi=soft  -mthumb  -DMKRTOS -std=gnu11 -ffunction-sections -fdata-sections -fno-builtin -u=_printf_float -nostartfiles -nodefaultlibs -nostdlib -nostdinc -fno-stack-protector -Wl,--gc-sections -D__ARM_ARCH_7M__ -include /home/zhangzheng/projects/mkrtos-real/build/autoconf.h      -fPIC -fPIE -n -pie -fpie -fpic -msingle-pic-base -mno-pic-data-is-text-relative      -I/home/zhangzheng/projects/mkrtos-real/build/libc/output/include -L/home/zhangzheng/toolchain/gcc-arm-10.3-2021.07-x86_64-arm-none-eabi/lib/gcc/arm-none-eabi/10.3.1/thumb/v7-m/nofp/ -DHAVE_STPCPY -DHAVE_MEMPCPY -DHAVE_PSIGNAL -Wl,-no-dynamic-linker -T /home/zhangzheng/projects/mkrtos-real/mkrtos_user/user/app/binutils-2.33.1/armv7_8m/link.lds -L/home/zhangzheng/projects/mkrtos-real/build/usr_lib -Wl,--start-group -static -lnewc -lstart -llibc_be -lmuslc -lgcc -lsys -lsys_svr -lsys_util -lutil -lnewc -Wl,--end-group '
COMPILER_AS_FOR_TARGET='$(AS_FOR_TARGET)'
COMPILER_LD_FOR_TARGET='$(LD_FOR_TARGET)'
COMPILER_NM_FOR_TARGET='$(NM_FOR_TARGET)'
CONFIGURE_GDB_TK=''
CPPFLAGS=''
CXX='arm-none-eabi-g++'
CXXFLAGS='-g -O2'
CXXFLAGS_FOR_BUILD=''
CXXFLAGS_FOR_TARGET='-g -O2'
CXX_FOR_BUILD='g++'
CXX_FOR_TARGET='arm-none-eabi-c++'
DEBUG_PREFIX_CFLAGS_FOR_TARGET=''
DEFS='-DPACKAGE_NAME=\"\" -DPACKAGE_TARNAME=\"\" -DPACKAGE_VERSION=\"\" -DPACKAGE_STRING=\"\" -DPACKAGE_BUGREPORT=\"\" -DPACKAGE_URL=\"\" -DLT_OBJDIR=\".libs/\"'
DLLTOOL='arm-none-eabi-dlltool'
DLLTOOL_FOR_BUILD='dlltool'
DLLTOOL_FOR_TARGET='arm-none-eabi-dlltool'
ECHO_C=''
ECHO_N='-n'
ECHO_T=''
EXEEXT=''
EXPECT='expect'
FLAGS_FOR_TARGET=' -L$$r/$(HOST_SUBDIR)/ld'
FLEX='flex'
GCC_FOR_TARGET='arm-none-eabi-gcc'
GCC_SHLIB_SUBDIR=''
GDB_TK=''
GFORTRAN_FOR_BUILD='gfortran'
GFORTRAN_FOR_TARGET='arm-none-eabi-gfortran'
GNATBIND='no'
GNATMAKE='no'
GOC_FOR_BUILD='gccgo'
GOC_FOR_TARGET='arm-none-eabi-gccgo'
INSTALL_DATA='${INSTALL} -m 644'
INSTALL_GDB_TK=''
INSTALL_PROGRAM='${INSTALL}'
INSTALL_SCRIPT='${INSTALL}'
LD='/home/zhangzheng/toolchain/gcc-arm-10.3-2021.07-x86_64-arm-none-eabi/bin/../lib/gcc/arm-none-eabi/10.3.1/../../../../arm-none-eabi/bin/ld'
LDFLAGS=''
LDFLAGS_FOR_BUILD=''
LDFLAGS_FOR_TARGET=''
LD_FOR_BUILD='ld'
LD_FOR_TARGET='/home/zhangzheng/toolchain/gcc-arm-10.3-2021.07-x86_64-arm-none-eabi/bin/../lib/gcc/arm-none-eabi/10.3.1/../../../../arm-none-eabi/bin/ld'
LEX='flex'
LIBOBJS=''
LIBS='-Wl,--start-group -static -lnewc -lstart -llibc_be -lmuslc -lgcc -lsys -lsys_svr -lsys_util -lutil -lnewc -Wl,--end-group '
LIPO='arm-none-eabi-lipo'
LIPO_FOR_TARGET='arm-none-eabi-lipo'
LN='ln'
LN_S='ln -s'
LTLIBOBJS=''
M4='m4'
MAINT='#'
MAINTAINER_MODE_FALSE=''
MAINTAINER_MODE_TRUE='#'
MAKEINFO='makeinfo'
NM='arm-none-eabi-nm'
NM_FOR_BUILD='nm'
NM_FOR_TARGET='/home/zhangzheng/toolchain/gcc-arm-10.3-2021.07-x86_64-arm-none-eabi/bin/../lib/gcc/arm-none-eabi/10.3.1/../../../../arm-none-eabi/bin/nm'
OBJCOPY='arm-none-eabi-objcopy'
OBJCOPY_FOR_TARGET='/home/zhangzheng/toolchain/gcc-arm-10.3-2021.07-x86_64-arm-none-eabi/bin/../lib/gcc/arm-none-eabi/10.3.1/../../../../arm-none-eabi/bin/objcopy'
OBJDUMP='arm-none-eabi-objdump'
OBJDUMP_FOR_TARGET='/home/zhangzheng/toolchain/gcc-arm-10.3-2021.07-x86_64-arm-none-eabi/bin/../lib/gcc/arm-none-eabi/10.3.1/../../../../arm-none-eabi/bin/objdump'
OBJEXT='o'
PACKAGE_BUGREPORT=''
PACKAGE_NAME=''
PACKAGE_STRING=''
PACKAGE_TARNAME=''
PACKAGE_URL=''
PACKAGE_VERSION=''
PATH_SEPARATOR=':'
RANLIB='arm-none-eabi-ranlib'
RANLIB_FOR_BUILD='ranlib'
RANLIB_FOR_TARGET='/home/zhangzheng/toolchain/gcc-arm-10.3-2021.07-x86_64-arm-none-eabi/bin/../lib/gcc/arm-none-eabi/10.3.1/../../../../arm-none-eabi/bin/ranlib'
RAW_CXX_FOR_TARGET='arm-none-eabi-c++'
READELF='arm-none-eabi-readelf'
READELF_FOR_TARGET='/home/zhangzheng/toolchain/gcc-arm-10.3-2021.07-x86_64-arm-none-eabi/bin/../lib/gcc/arm-none-eabi/10.3.1/../../../../arm-none-eabi/bin/readelf'
RPATH_ENVVAR='LD_LIBRARY_PATH'
RUNTEST='runtest'
SED='/usr/bin/sed'
SHELL='/bin/bash'
STRIP='arm-none-eabi-strip'
STRIP_FOR_TARGET='/home/zhangzheng/toolchain/gcc-arm-10.3-2021.07-x86_64-arm-none-eabi/bin/../lib/gcc/arm-none-eabi/10.3.1/../../../../arm-none-eabi/bin/strip'
SYSROOT_CFLAGS_FOR_TARGET=''
TOPLEVEL_CONFIGURE_ARGUMENTS='./configure --target=arm-none-eabi --host=arm-none-eabi'
WINDMC='arm-none-eabi-windmc'
WINDMC_FOR_BUILD='windmc'
WINDMC_FOR_TARGET='arm-none-eabi-windmc'
WINDRES='arm-none-eabi-windres'
WINDRES_FOR_BUILD='windres'
WINDRES_FOR_TARGET='arm-none-eabi-windres'
YACC='bison -y'
ac_ct_CC=''
ac_ct_CXX=''
bindir='${exec_prefix}/bin'
build='x86_64-pc-linux-gnu'
build_alias=''
build_configargs=' --cache-file=./config.cache  --program-transform-name='\''s,y,y,'\'' --disable-option-checking'
build_configdirs=' libiberty'
build_cpu='x86_64'
build_libsubdir='build-x86_64-pc-linux-gnu'
build_noncanonical='x86_64-pc-linux-gnu'
build_os='linux-gnu'
build_subdir='build-x86_64-pc-linux-gnu'
build_tooldir='${exec_prefix}/arm-none-eabi'
build_vendor='pc'
compare_exclusions='gcc/cc*-checksum$(objext) | gcc/ada/*tools/*'
configdirs=' intl libiberty opcodes bfd zlib libctf binutils gas ld gprof etc'
datadir='${datarootdir}'
datarootdir='${prefix}/share'
do_compare='cmp --ignore-initial=16 $$f1 $$f2'
docdir='${datarootdir}/doc/${PACKAGE}'
dvidir='${docdir}'
exec_prefix='${prefix}'
extra_host_libiberty_configure_flags=''
extra_host_zlib_configure_flags=''
extra_isl_gmp_configure_flags=''
extra_liboffloadmic_configure_flags=''
extra_linker_plugin_configure_flags=''
extra_linker_plugin_flags=''
extra_mpc_gmp_configure_flags=''
extra_mpc_mpfr_configure_flags=''
extra_mpfr_configure_flags=''
get_gcc_base_ver='cat'
gmpinc=''
gmplibs='-lmpc -lmpfr -lgmp'
host='arm-none-eabi'
host_alias='arm-none-eabi'
host_configargs=' --cache-file=./config.cache  --with-gnu-as --with-gnu-ld  --program-transform-name='\''s,y,y,'\'' --disable-option-checking'
host_cpu='arm'
host_noncanonical='arm-none-eabi'
host_os='eabi'
host_shared='no'
host_subdir='.'
host_vendor='none'
htmldir='${docdir}'
includedir='${prefix}/include'
infodir='${datarootdir}/info'
islinc=''
isllibs=''
libdir='${exec_prefix}/lib'
libexecdir='${exec_prefix}/libexec'
localedir='${datarootdir}/locale'
localstatedir='${prefix}/var'
mandir='${datarootdir}/man'
oldincludedir='/usr/include'
pdfdir='${docdir}'
poststage1_ldflags='-static-libstdc++ -static-libgcc'
poststage1_libs=''
prefix='/usr/local'
program_transform_name='s,y,y,'
psdir='${docdir}'
sbindir='${exec_prefix}/sbin'
sharedstatedir='${prefix}/com'
stage1_cflags='-g'
stage1_checking='--enable-checking=yes,types'
stage1_languages=',c,'
stage1_ldflags=''
stage1_libs=''
stage2_werror_flag=''
sysconfdir='${prefix}/etc'
target='arm-none-eabi'
target_alias='arm-none-eabi'
target_configargs='--cache-file=./config.cache --enable-multilib   --program-transform-name='\''s,y,y,'\'' --disable-option-checking'
target_configdirs=''
target_cpu='arm'
target_noncanonical='arm-none-eabi'
target_os='eabi'
target_subdir='arm-none-eabi'
target_vendor='none'
tooldir='${exec_prefix}/arm-none-eabi'

## ------------------- ##
## File substitutions. ##
## ------------------- ##

alphaieee_frag='/dev/null'
host_makefile_frag='/dev/null'
ospace_frag='/dev/null'
serialization_dependencies='serdep.tmp'
target_makefile_frag='/dev/null'

## ----------- ##
## confdefs.h. ##
## ----------- ##

/* confdefs.h */
#define PACKAGE_NAME ""
#define PACKAGE_TARNAME ""
#define PACKAGE_VERSION ""
#define PACKAGE_STRING ""
#define PACKAGE_BUGREPORT ""
#define PACKAGE_URL ""
#define LT_OBJDIR ".libs/"

configure: exit 0
